0 verbose cli /usr/local/bin/node /usr/local/bin/npm
1 info using npm@11.6.2
2 info using node@v24.11.1
3 silly config load:file:/usr/local/lib/node_modules/npm/npmrc
4 silly config load:file:/Users/jdxblinds/Desktop/work/Kids Gate/.npmrc
5 silly config load:file:/Users/jdxblinds/.npmrc
6 silly config load:file:/usr/local/etc/npmrc
7 verbose title npm list
8 verbose argv "list" "--depth" "0" "--json"
9 verbose logfile logs-max:10 dir:/Users/jdxblinds/Desktop/work/Kids Gate/npm-cache/_logs/2026-02-27T23_53_46_608Z-
10 verbose logfile /Users/jdxblinds/Desktop/work/Kids Gate/npm-cache/_logs/2026-02-27T23_53_46_608Z-debug-0.log
11 silly logfile start cleaning logs, removing 1 files
12 silly packumentCache heap:4496293888 maxSize:1124073472 maxEntrySize:562036736
13 silly logfile done cleaning log files
14 verbose cwd /Users/jdxblinds/Desktop/work/Kids Gate
15 verbose os Darwin 25.1.0
16 verbose node v24.11.1
17 verbose npm  v11.6.2
18 verbose exit 0
19 info ok
