0 verbose cli /usr/local/bin/node /usr/local/bin/npm
1 info using npm@11.6.2
2 info using node@v24.11.1
3 silly config load:file:/usr/local/lib/node_modules/npm/npmrc
4 silly config load:file:/Users/jdxblinds/Desktop/work/Kids Gate/.npmrc
5 silly config load:file:/Users/jdxblinds/.npmrc
6 silly config load:file:/usr/local/etc/npmrc
7 verbose title npm install lucide-react recharts
8 verbose argv "install" "lucide-react" "recharts" "--legacy-peer-deps"
9 verbose logfile logs-max:10 dir:/Users/jdxblinds/Desktop/work/Kids Gate/npm-cache/_logs/2026-02-28T22_22_35_527Z-
10 verbose logfile /Users/jdxblinds/Desktop/work/Kids Gate/npm-cache/_logs/2026-02-28T22_22_35_527Z-debug-0.log
11 silly logfile start cleaning logs, removing 1 files
12 silly packumentCache heap:4496293888 maxSize:1124073472 maxEntrySize:562036736
13 silly logfile done cleaning log files
14 silly idealTree buildDeps
15 silly fetch manifest lucide-react@^0.575.0
16 silly packumentCache full:https://registry.npmjs.org/lucide-react cache-miss
17 http cache https://registry.npmjs.org/lucide-react 83ms (cache hit)
18 silly packumentCache full:https://registry.npmjs.org/lucide-react set size:2192180 disposed:false
19 silly fetch manifest recharts@^3.7.0
20 silly packumentCache full:https://registry.npmjs.org/recharts cache-miss
21 http cache https://registry.npmjs.org/recharts 4ms (cache hit)
22 silly packumentCache full:https://registry.npmjs.org/recharts set size:1328786 disposed:false
23 silly placeDep ROOT lucide-react@0.575.0 REPLACE for: children-gate@0.1.0 want: ^0.575.0
24 silly placeDep ROOT recharts@3.7.0 REPLACE for: children-gate@0.1.0 want: ^3.7.0
25 silly reify mark retired [
25 silly reify   '/Users/jdxblinds/Desktop/work/Kids Gate/node_modules/@edge-runtime/format'
25 silly reify ]
26 silly reify mark retired [
26 silly reify   '/Users/jdxblinds/Desktop/work/Kids Gate/node_modules/@edge-runtime/node-utils'
26 silly reify ]
27 silly reify mark retired [
27 silly reify   '/Users/jdxblinds/Desktop/work/Kids Gate/node_modules/@edge-runtime/ponyfill'
27 silly reify ]
28 silly reify mark retired [
28 silly reify   '/Users/jdxblinds/Desktop/work/Kids Gate/node_modules/@edge-runtime/primitives'
28 silly reify ]
29 silly reify mark retired [
29 silly reify   '/Users/jdxblinds/Desktop/work/Kids Gate/node_modules/@edge-runtime/vm'
29 silly reify ]
30 silly reify mark retired [
30 silly reify   '/Users/jdxblinds/Desktop/work/Kids Gate/node_modules/@isaacs/cliui'
30 silly reify ]
31 silly reify mark retired [
31 silly reify   '/Users/jdxblinds/Desktop/work/Kids Gate/node_modules/@isaacs/fs-minipass'
31 silly reify ]
32 silly reify mark retired [
32 silly reify   '/Users/jdxblinds/Desktop/work/Kids Gate/node_modules/@mapbox/node-pre-gyp',
32 silly reify   '/Users/jdxblinds/Desktop/work/Kids Gate/node_modules/.bin/node-pre-gyp'
32 silly reify ]
33 silly reify mark retired [
33 silly reify   '/Users/jdxblinds/Desktop/work/Kids Gate/node_modules/@pkgjs/parseargs'
33 silly reify ]
34 silly reify mark retired [
34 silly reify   '/Users/jdxblinds/Desktop/work/Kids Gate/node_modules/@rollup/pluginutils'
34 silly reify ]
35 silly reify mark retired [
35 silly reify   '/Users/jdxblinds/Desktop/work/Kids Gate/node_modules/@sinclair/typebox'
35 silly reify ]
36 silly reify mark retired [
36 silly reify   '/Users/jdxblinds/Desktop/work/Kids Gate/node_modules/@tootallnate/once'
36 silly reify ]
37 silly reify mark retired [
37 silly reify   '/Users/jdxblinds/Desktop/work/Kids Gate/node_modules/@ts-morph/common'
37 silly reify ]
38 silly reify mark retired [
38 silly reify   '/Users/jdxblinds/Desktop/work/Kids Gate/node_modules/@tsconfig/node10'
38 silly reify ]
39 silly reify mark retired [
39 silly reify   '/Users/jdxblinds/Desktop/work/Kids Gate/node_modules/@tsconfig/node12'
39 silly reify ]
40 silly reify mark retired [
40 silly reify   '/Users/jdxblinds/Desktop/work/Kids Gate/node_modules/@tsconfig/node14'
40 silly reify ]
41 silly reify mark retired [
41 silly reify   '/Users/jdxblinds/Desktop/work/Kids Gate/node_modules/@tsconfig/node16'
41 silly reify ]
42 silly reify mark retired [ '/Users/jdxblinds/Desktop/work/Kids Gate/node_modules/@vercel/blob' ]
43 silly reify mark retired [
43 silly reify   '/Users/jdxblinds/Desktop/work/Kids Gate/node_modules/@vercel/build-utils'
43 silly reify ]
44 silly reify mark retired [
44 silly reify   '/Users/jdxblinds/Desktop/work/Kids Gate/node_modules/@vercel/detect-agent'
44 silly reify ]
45 silly reify mark retired [
45 silly reify   '/Users/jdxblinds/Desktop/work/Kids Gate/node_modules/@vercel/error-utils'
45 silly reify ]
46 silly reify mark retired [
46 silly reify   '/Users/jdxblinds/Desktop/work/Kids Gate/node_modules/@vercel/express'
46 silly reify ]
47 silly reify mark retired [ '/Users/jdxblinds/Desktop/work/Kids Gate/node_modules/@vercel/fun' ]
48 silly reify mark retired [
48 silly reify   '/Users/jdxblinds/Desktop/work/Kids Gate/node_modules/@vercel/gatsby-plugin-vercel-analytics'
48 silly reify ]
49 silly reify mark retired [
49 silly reify   '/Users/jdxblinds/Desktop/work/Kids Gate/node_modules/@vercel/gatsby-plugin-vercel-builder'
49 silly reify ]
50 silly reify mark retired [ '/Users/jdxblinds/Desktop/work/Kids Gate/node_modules/@vercel/go' ]
51 silly reify mark retired [ '/Users/jdxblinds/Desktop/work/Kids Gate/node_modules/@vercel/hono' ]
52 silly reify mark retired [
52 silly reify   '/Users/jdxblinds/Desktop/work/Kids Gate/node_modules/@vercel/hydrogen'
52 silly reify ]
53 silly reify mark retired [ '/Users/jdxblinds/Desktop/work/Kids Gate/node_modules/@vercel/next' ]
54 silly reify mark retired [
54 silly reify   '/Users/jdxblinds/Desktop/work/Kids Gate/node_modules/@vercel/nft',
54 silly reify   '/Users/jdxblinds/Desktop/work/Kids Gate/node_modules/.bin/nft'
54 silly reify ]
55 silly reify mark retired [ '/Users/jdxblinds/Desktop/work/Kids Gate/node_modules/@vercel/node' ]
56 silly reify mark retired [
56 silly reify   '/Users/jdxblinds/Desktop/work/Kids Gate/node_modules/@vercel/python'
56 silly reify ]
57 silly reify mark retired [
57 silly reify   '/Users/jdxblinds/Desktop/work/Kids Gate/node_modules/@vercel/redwood'
57 silly reify ]
58 silly reify mark retired [
58 silly reify   '/Users/jdxblinds/Desktop/work/Kids Gate/node_modules/@vercel/remix-builder'
58 silly reify ]
59 silly reify mark retired [ '/Users/jdxblinds/Desktop/work/Kids Gate/node_modules/@vercel/ruby' ]
60 silly reify mark retired [
60 silly reify   '/Users/jdxblinds/Desktop/work/Kids Gate/node_modules/@vercel/static-build'
60 silly reify ]
61 silly reify mark retired [
61 silly reify   '/Users/jdxblinds/Desktop/work/Kids Gate/node_modules/@vercel/static-config'
61 silly reify ]
62 silly reify mark retired [ '/Users/jdxblinds/Desktop/work/Kids Gate/node_modules/abbrev' ]
63 silly reify mark retired [
63 silly reify   '/Users/jdxblinds/Desktop/work/Kids Gate/node_modules/acorn-import-attributes'
63 silly reify ]
64 silly reify mark retired [ '/Users/jdxblinds/Desktop/work/Kids Gate/node_modules/agent-base' ]
65 silly reify mark retired [ '/Users/jdxblinds/Desktop/work/Kids Gate/node_modules/ansi-regex' ]
66 silly reify mark retired [ '/Users/jdxblinds/Desktop/work/Kids Gate/node_modules/arg' ]
67 silly reify mark retired [ '/Users/jdxblinds/Desktop/work/Kids Gate/node_modules/async-listen' ]
68 silly reify mark retired [ '/Users/jdxblinds/Desktop/work/Kids Gate/node_modules/async-retry' ]
69 silly reify mark retired [ '/Users/jdxblinds/Desktop/work/Kids Gate/node_modules/async-sema' ]
70 silly reify mark retired [ '/Users/jdxblinds/Desktop/work/Kids Gate/node_modules/bindings' ]
71 silly reify mark retired [ '/Users/jdxblinds/Desktop/work/Kids Gate/node_modules/buffer-crc32' ]
72 silly reify mark retired [ '/Users/jdxblinds/Desktop/work/Kids Gate/node_modules/bytes' ]
73 silly reify mark retired [ '/Users/jdxblinds/Desktop/work/Kids Gate/node_modules/chownr' ]
74 silly reify mark retired [
74 silly reify   '/Users/jdxblinds/Desktop/work/Kids Gate/node_modules/cjs-module-lexer'
74 silly reify ]
75 silly reify mark retired [
75 silly reify   '/Users/jdxblinds/Desktop/work/Kids Gate/node_modules/code-block-writer'
75 silly reify ]
76 silly reify mark retired [ '/Users/jdxblinds/Desktop/work/Kids Gate/node_modules/consola' ]
77 silly reify mark retired [ '/Users/jdxblinds/Desktop/work/Kids Gate/node_modules/content-type' ]
78 silly reify mark retired [
78 silly reify   '/Users/jdxblinds/Desktop/work/Kids Gate/node_modules/convert-hrtime'
78 silly reify ]
79 silly reify mark retired [
79 silly reify   '/Users/jdxblinds/Desktop/work/Kids Gate/node_modules/create-require'
79 silly reify ]
80 silly reify mark retired [ '/Users/jdxblinds/Desktop/work/Kids Gate/node_modules/depd' ]
81 silly reify mark retired [ '/Users/jdxblinds/Desktop/work/Kids Gate/node_modules/diff' ]
82 silly reify mark retired [
82 silly reify   '/Users/jdxblinds/Desktop/work/Kids Gate/node_modules/eastasianwidth'
82 silly reify ]
83 silly reify mark retired [
83 silly reify   '/Users/jdxblinds/Desktop/work/Kids Gate/node_modules/edge-runtime',
83 silly reify   '/Users/jdxblinds/Desktop/work/Kids Gate/node_modules/.bin/edge-runtime'
83 silly reify ]
84 silly reify mark retired [
84 silly reify   '/Users/jdxblinds/Desktop/work/Kids Gate/node_modules/end-of-stream'
84 silly reify ]
85 silly reify mark retired [
85 silly reify   '/Users/jdxblinds/Desktop/work/Kids Gate/node_modules/es-module-lexer'
85 silly reify ]
86 silly reify mark retired [
86 silly reify   '/Users/jdxblinds/Desktop/work/Kids Gate/node_modules/estree-walker'
86 silly reify ]
87 silly reify mark retired [ '/Users/jdxblinds/Desktop/work/Kids Gate/node_modules/etag' ]
88 silly reify mark retired [
88 silly reify   '/Users/jdxblinds/Desktop/work/Kids Gate/node_modules/events-intercept'
88 silly reify ]
89 silly reify mark retired [ '/Users/jdxblinds/Desktop/work/Kids Gate/node_modules/fd-slicer' ]
90 silly reify mark retired [
90 silly reify   '/Users/jdxblinds/Desktop/work/Kids Gate/node_modules/file-uri-to-path'
90 silly reify ]
91 silly reify mark retired [
91 silly reify   '/Users/jdxblinds/Desktop/work/Kids Gate/node_modules/foreground-child'
91 silly reify ]
92 silly reify mark retired [ '/Users/jdxblinds/Desktop/work/Kids Gate/node_modules/fs-extra' ]
93 silly reify mark retired [ '/Users/jdxblinds/Desktop/work/Kids Gate/node_modules/fs-minipass' ]
94 silly reify mark retired [ '/Users/jdxblinds/Desktop/work/Kids Gate/node_modules/generic-pool' ]
95 silly reify mark retired [
95 silly reify   '/Users/jdxblinds/Desktop/work/Kids Gate/node_modules/glob',
95 silly reify   '/Users/jdxblinds/Desktop/work/Kids Gate/node_modules/.bin/glob'
95 silly reify ]
96 silly reify mark retired [ '/Users/jdxblinds/Desktop/work/Kids Gate/node_modules/graceful-fs' ]
97 silly reify mark retired [ '/Users/jdxblinds/Desktop/work/Kids Gate/node_modules/http-errors' ]
98 silly reify mark retired [
98 silly reify   '/Users/jdxblinds/Desktop/work/Kids Gate/node_modules/https-proxy-agent'
98 silly reify ]
99 silly reify mark retired [ '/Users/jdxblinds/Desktop/work/Kids Gate/node_modules/iconv-lite' ]
100 silly reify mark retired [ '/Users/jdxblinds/Desktop/work/Kids Gate/node_modules/inherits' ]
101 silly reify mark retired [ '/Users/jdxblinds/Desktop/work/Kids Gate/node_modules/is-buffer' ]
102 silly reify mark retired [
102 silly reify   '/Users/jdxblinds/Desktop/work/Kids Gate/node_modules/is-node-process'
102 silly reify ]
103 silly reify mark retired [ '/Users/jdxblinds/Desktop/work/Kids Gate/node_modules/jackspeak' ]
104 silly reify mark retired [ '/Users/jdxblinds/Desktop/work/Kids Gate/node_modules/jose' ]
105 silly reify mark retired [
105 silly reify   '/Users/jdxblinds/Desktop/work/Kids Gate/node_modules/json-schema-to-ts'
105 silly reify ]
106 silly reify mark retired [ '/Users/jdxblinds/Desktop/work/Kids Gate/node_modules/jsonfile' ]
107 silly reify mark retired [ '/Users/jdxblinds/Desktop/work/Kids Gate/node_modules/lru-cache' ]
108 silly reify mark retired [ '/Users/jdxblinds/Desktop/work/Kids Gate/node_modules/make-error' ]
109 silly reify mark retired [
109 silly reify   '/Users/jdxblinds/Desktop/work/Kids Gate/node_modules/micro',
109 silly reify   '/Users/jdxblinds/Desktop/work/Kids Gate/node_modules/.bin/micro'
109 silly reify ]
110 silly reify mark retired [ '/Users/jdxblinds/Desktop/work/Kids Gate/node_modules/minipass' ]
111 silly reify mark retired [ '/Users/jdxblinds/Desktop/work/Kids Gate/node_modules/minizlib' ]
112 silly reify mark retired [
112 silly reify   '/Users/jdxblinds/Desktop/work/Kids Gate/node_modules/mkdirp',
112 silly reify   '/Users/jdxblinds/Desktop/work/Kids Gate/node_modules/.bin/mkdirp'
112 silly reify ]
113 silly reify mark retired [ '/Users/jdxblinds/Desktop/work/Kids Gate/node_modules/mri' ]
114 silly reify mark retired [ '/Users/jdxblinds/Desktop/work/Kids Gate/node_modules/node-fetch' ]
115 silly reify mark retired [
115 silly reify   '/Users/jdxblinds/Desktop/work/Kids Gate/node_modules/node-gyp-build',
115 silly reify   '/Users/jdxblinds/Desktop/work/Kids Gate/node_modules/.bin/node-gyp-build',
115 silly reify   '/Users/jdxblinds/Desktop/work/Kids Gate/node_modules/.bin/node-gyp-build-optional',
115 silly reify   '/Users/jdxblinds/Desktop/work/Kids Gate/node_modules/.bin/node-gyp-build-test'
115 silly reify ]
116 silly reify mark retired [
116 silly reify   '/Users/jdxblinds/Desktop/work/Kids Gate/node_modules/nopt',
116 silly reify   '/Users/jdxblinds/Desktop/work/Kids Gate/node_modules/.bin/nopt'
116 silly reify ]
117 silly reify mark retired [ '/Users/jdxblinds/Desktop/work/Kids Gate/node_modules/once' ]
118 silly reify mark retired [ '/Users/jdxblinds/Desktop/work/Kids Gate/node_modules/os-paths' ]
119 silly reify mark retired [
119 silly reify   '/Users/jdxblinds/Desktop/work/Kids Gate/node_modules/package-json-from-dist'
119 silly reify ]
120 silly reify mark retired [ '/Users/jdxblinds/Desktop/work/Kids Gate/node_modules/parse-ms' ]
121 silly reify mark retired [
121 silly reify   '/Users/jdxblinds/Desktop/work/Kids Gate/node_modules/path-browserify'
121 silly reify ]
122 silly reify mark retired [ '/Users/jdxblinds/Desktop/work/Kids Gate/node_modules/path-match' ]
123 silly reify mark retired [ '/Users/jdxblinds/Desktop/work/Kids Gate/node_modules/path-scurry' ]
124 silly reify mark retired [
124 silly reify   '/Users/jdxblinds/Desktop/work/Kids Gate/node_modules/path-to-regexp'
124 silly reify ]
125 silly reify mark retired [
125 silly reify   '/Users/jdxblinds/Desktop/work/Kids Gate/node_modules/path-to-regexp-updated'
125 silly reify ]
126 silly reify mark retired [ '/Users/jdxblinds/Desktop/work/Kids Gate/node_modules/pend' ]
127 silly reify mark retired [ '/Users/jdxblinds/Desktop/work/Kids Gate/node_modules/pretty-ms' ]
128 silly reify mark retired [ '/Users/jdxblinds/Desktop/work/Kids Gate/node_modules/promisepipe' ]
129 silly reify mark retired [ '/Users/jdxblinds/Desktop/work/Kids Gate/node_modules/raw-body' ]
130 silly reify mark retired [
130 silly reify   '/Users/jdxblinds/Desktop/work/Kids Gate/node_modules/require-from-string'
130 silly reify ]
131 silly reify mark retired [ '/Users/jdxblinds/Desktop/work/Kids Gate/node_modules/retry' ]
132 silly reify mark retired [ '/Users/jdxblinds/Desktop/work/Kids Gate/node_modules/safer-buffer' ]
133 silly reify mark retired [
133 silly reify   '/Users/jdxblinds/Desktop/work/Kids Gate/node_modules/setprototypeof'
133 silly reify ]
134 silly reify mark retired [ '/Users/jdxblinds/Desktop/work/Kids Gate/node_modules/signal-exit' ]
135 silly reify mark retired [ '/Users/jdxblinds/Desktop/work/Kids Gate/node_modules/stat-mode' ]
136 silly reify mark retired [ '/Users/jdxblinds/Desktop/work/Kids Gate/node_modules/statuses' ]
137 silly reify mark retired [
137 silly reify   '/Users/jdxblinds/Desktop/work/Kids Gate/node_modules/stream-to-array'
137 silly reify ]
138 silly reify mark retired [
138 silly reify   '/Users/jdxblinds/Desktop/work/Kids Gate/node_modules/stream-to-promise'
138 silly reify ]
139 silly reify mark retired [ '/Users/jdxblinds/Desktop/work/Kids Gate/node_modules/string-width' ]
140 silly reify mark retired [
140 silly reify   '/Users/jdxblinds/Desktop/work/Kids Gate/node_modules/string-width-cjs'
140 silly reify ]
141 silly reify mark retired [ '/Users/jdxblinds/Desktop/work/Kids Gate/node_modules/strip-ansi' ]
142 silly reify mark retired [
142 silly reify   '/Users/jdxblinds/Desktop/work/Kids Gate/node_modules/strip-ansi-cjs'
142 silly reify ]
143 silly reify mark retired [ '/Users/jdxblinds/Desktop/work/Kids Gate/node_modules/tar' ]
144 silly reify mark retired [ '/Users/jdxblinds/Desktop/work/Kids Gate/node_modules/throttleit' ]
145 silly reify mark retired [ '/Users/jdxblinds/Desktop/work/Kids Gate/node_modules/time-span' ]
146 silly reify mark retired [ '/Users/jdxblinds/Desktop/work/Kids Gate/node_modules/tinyexec' ]
147 silly reify mark retired [ '/Users/jdxblinds/Desktop/work/Kids Gate/node_modules/toidentifier' ]
148 silly reify mark retired [ '/Users/jdxblinds/Desktop/work/Kids Gate/node_modules/tr46' ]
149 silly reify mark retired [
149 silly reify   '/Users/jdxblinds/Desktop/work/Kids Gate/node_modules/tree-kill',
149 silly reify   '/Users/jdxblinds/Desktop/work/Kids Gate/node_modules/.bin/tree-kill'
149 silly reify ]
150 silly reify mark retired [ '/Users/jdxblinds/Desktop/work/Kids Gate/node_modules/ts-morph' ]
151 silly reify mark retired [ '/Users/jdxblinds/Desktop/work/Kids Gate/node_modules/ts-toolbelt' ]
152 silly reify mark retired [ '/Users/jdxblinds/Desktop/work/Kids Gate/node_modules/uid-promise' ]
153 silly reify mark retired [ '/Users/jdxblinds/Desktop/work/Kids Gate/node_modules/universalify' ]
154 silly reify mark retired [ '/Users/jdxblinds/Desktop/work/Kids Gate/node_modules/unpipe' ]
155 silly reify mark retired [
155 silly reify   '/Users/jdxblinds/Desktop/work/Kids Gate/node_modules/v8-compile-cache-lib'
155 silly reify ]
156 silly reify mark retired [
156 silly reify   '/Users/jdxblinds/Desktop/work/Kids Gate/node_modules/vercel',
156 silly reify   '/Users/jdxblinds/Desktop/work/Kids Gate/node_modules/.bin/vc',
156 silly reify   '/Users/jdxblinds/Desktop/work/Kids Gate/node_modules/.bin/vercel'
156 silly reify ]
157 silly reify mark retired [
157 silly reify   '/Users/jdxblinds/Desktop/work/Kids Gate/node_modules/webidl-conversions'
157 silly reify ]
158 silly reify mark retired [ '/Users/jdxblinds/Desktop/work/Kids Gate/node_modules/whatwg-url' ]
159 silly reify mark retired [ '/Users/jdxblinds/Desktop/work/Kids Gate/node_modules/wrap-ansi' ]
160 silly reify mark retired [
160 silly reify   '/Users/jdxblinds/Desktop/work/Kids Gate/node_modules/wrap-ansi-cjs'
160 silly reify ]
161 silly reify mark retired [ '/Users/jdxblinds/Desktop/work/Kids Gate/node_modules/wrappy' ]
162 silly reify mark retired [
162 silly reify   '/Users/jdxblinds/Desktop/work/Kids Gate/node_modules/xdg-app-paths'
162 silly reify ]
163 silly reify mark retired [ '/Users/jdxblinds/Desktop/work/Kids Gate/node_modules/xdg-portable' ]
164 silly reify mark retired [ '/Users/jdxblinds/Desktop/work/Kids Gate/node_modules/yallist' ]
165 silly reify mark retired [ '/Users/jdxblinds/Desktop/work/Kids Gate/node_modules/yauzl' ]
166 silly reify mark retired [ '/Users/jdxblinds/Desktop/work/Kids Gate/node_modules/yauzl-clone' ]
167 silly reify mark retired [
167 silly reify   '/Users/jdxblinds/Desktop/work/Kids Gate/node_modules/yauzl-promise'
167 silly reify ]
168 silly reify mark retired [ '/Users/jdxblinds/Desktop/work/Kids Gate/node_modules/yn' ]
169 silly reify moves {
169 silly reify   '/Users/jdxblinds/Desktop/work/Kids Gate/node_modules/@edge-runtime/format': '/Users/jdxblinds/Desktop/work/Kids Gate/node_modules/@edge-runtime/.format-tguAlJJb',
169 silly reify   '/Users/jdxblinds/Desktop/work/Kids Gate/node_modules/@edge-runtime/node-utils': '/Users/jdxblinds/Desktop/work/Kids Gate/node_modules/@edge-runtime/.node-utils-5MegBld3',
169 silly reify   '/Users/jdxblinds/Desktop/work/Kids Gate/node_modules/@edge-runtime/ponyfill': '/Users/jdxblinds/Desktop/work/Kids Gate/node_modules/@edge-runtime/.ponyfill-wnG19CSP',
169 silly reify   '/Users/jdxblinds/Desktop/work/Kids Gate/node_modules/@edge-runtime/primitives': '/Users/jdxblinds/Desktop/work/Kids Gate/node_modules/@edge-runtime/.primitives-Wn8bYWcl',
169 silly reify   '/Users/jdxblinds/Desktop/work/Kids Gate/node_modules/@edge-runtime/vm': '/Users/jdxblinds/Desktop/work/Kids Gate/node_modules/@edge-runtime/.vm-lsymp939',
169 silly reify   '/Users/jdxblinds/Desktop/work/Kids Gate/node_modules/@isaacs/cliui': '/Users/jdxblinds/Desktop/work/Kids Gate/node_modules/@isaacs/.cliui-LW4jkBo9',
169 silly reify   '/Users/jdxblinds/Desktop/work/Kids Gate/node_modules/@isaacs/fs-minipass': '/Users/jdxblinds/Desktop/work/Kids Gate/node_modules/@isaacs/.fs-minipass-4J67ahGQ',
169 silly reify   '/Users/jdxblinds/Desktop/work/Kids Gate/node_modules/@mapbox/node-pre-gyp': '/Users/jdxblinds/Desktop/work/Kids Gate/node_modules/@mapbox/.node-pre-gyp-xo6qy7B7',
169 silly reify   '/Users/jdxblinds/Desktop/work/Kids Gate/node_modules/.bin/node-pre-gyp': '/Users/jdxblinds/Desktop/work/Kids Gate/node_modules/.bin/.node-pre-gyp-T6CE7hsy',
169 silly reify   '/Users/jdxblinds/Desktop/work/Kids Gate/node_modules/@pkgjs/parseargs': '/Users/jdxblinds/Desktop/work/Kids Gate/node_modules/@pkgjs/.parseargs-qencRkXk',
169 silly reify   '/Users/jdxblinds/Desktop/work/Kids Gate/node_modules/@rollup/pluginutils': '/Users/jdxblinds/Desktop/work/Kids Gate/node_modules/@rollup/.pluginutils-F9hiwQvZ',
169 silly reify   '/Users/jdxblinds/Desktop/work/Kids Gate/node_modules/@sinclair/typebox': '/Users/jdxblinds/Desktop/work/Kids Gate/node_modules/@sinclair/.typebox-u7NPbY6U',
169 silly reify   '/Users/jdxblinds/Desktop/work/Kids Gate/node_modules/@tootallnate/once': '/Users/jdxblinds/Desktop/work/Kids Gate/node_modules/@tootallnate/.once-IkWAHryZ',
169 silly reify   '/Users/jdxblinds/Desktop/work/Kids Gate/node_modules/@ts-morph/common': '/Users/jdxblinds/Desktop/work/Kids Gate/node_modules/@ts-morph/.common-pCky1aad',
169 silly reify   '/Users/jdxblinds/Desktop/work/Kids Gate/node_modules/@tsconfig/node10': '/Users/jdxblinds/Desktop/work/Kids Gate/node_modules/@tsconfig/.node10-2QgIj17M',
169 silly reify   '/Users/jdxblinds/Desktop/work/Kids Gate/node_modules/@tsconfig/node12': '/Users/jdxblinds/Desktop/work/Kids Gate/node_modules/@tsconfig/.node12-feiRlvoX',
169 silly reify   '/Users/jdxblinds/Desktop/work/Kids Gate/node_modules/@tsconfig/node14': '/Users/jdxblinds/Desktop/work/Kids Gate/node_modules/@tsconfig/.node14-N5Z3bnBq',
169 silly reify   '/Users/jdxblinds/Desktop/work/Kids Gate/node_modules/@tsconfig/node16': '/Users/jdxblinds/Desktop/work/Kids Gate/node_modules/@tsconfig/.node16-poMYqJI9',
169 silly reify   '/Users/jdxblinds/Desktop/work/Kids Gate/node_modules/@vercel/blob': '/Users/jdxblinds/Desktop/work/Kids Gate/node_modules/@vercel/.blob-o5nkSUyw',
169 silly reify   '/Users/jdxblinds/Desktop/work/Kids Gate/node_modules/@vercel/build-utils': '/Users/jdxblinds/Desktop/work/Kids Gate/node_modules/@vercel/.build-utils-XE3sS85y',
169 silly reify   '/Users/jdxblinds/Desktop/work/Kids Gate/node_modules/@vercel/detect-agent': '/Users/jdxblinds/Desktop/work/Kids Gate/node_modules/@vercel/.detect-agent-nnHGBK6G',
169 silly reify   '/Users/jdxblinds/Desktop/work/Kids Gate/node_modules/@vercel/error-utils': '/Users/jdxblinds/Desktop/work/Kids Gate/node_modules/@vercel/.error-utils-L2aZBnEs',
169 silly reify   '/Users/jdxblinds/Desktop/work/Kids Gate/node_modules/@vercel/express': '/Users/jdxblinds/Desktop/work/Kids Gate/node_modules/@vercel/.express-MSwQqIgh',
169 silly reify   '/Users/jdxblinds/Desktop/work/Kids Gate/node_modules/@vercel/fun': '/Users/jdxblinds/Desktop/work/Kids Gate/node_modules/@vercel/.fun-vC8s6tWP',
169 silly reify   '/Users/jdxblinds/Desktop/work/Kids Gate/node_modules/@vercel/gatsby-plugin-vercel-analytics': '/Users/jdxblinds/Desktop/work/Kids Gate/node_modules/@vercel/.gatsby-plugin-vercel-analytics-7N3hhfIf',
169 silly reify   '/Users/jdxblinds/Desktop/work/Kids Gate/node_modules/@vercel/gatsby-plugin-vercel-builder': '/Users/jdxblinds/Desktop/work/Kids Gate/node_modules/@vercel/.gatsby-plugin-vercel-builder-QXZFMtw4',
169 silly reify   '/Users/jdxblinds/Desktop/work/Kids Gate/node_modules/@vercel/go': '/Users/jdxblinds/Desktop/work/Kids Gate/node_modules/@vercel/.go-GQ7t1poV',
169 silly reify   '/Users/jdxblinds/Desktop/work/Kids Gate/node_modules/@vercel/hono': '/Users/jdxblinds/Desktop/work/Kids Gate/node_modules/@vercel/.hono-C4gkf7st',
169 silly reify   '/Users/jdxblinds/Desktop/work/Kids Gate/node_modules/@vercel/hydrogen': '/Users/jdxblinds/Desktop/work/Kids Gate/node_modules/@vercel/.hydrogen-Waxev8mD',
169 silly reify   '/Users/jdxblinds/Desktop/work/Kids Gate/node_modules/@vercel/next': '/Users/jdxblinds/Desktop/work/Kids Gate/node_modules/@vercel/.next-inNROXgd',
169 silly reify   '/Users/jdxblinds/Desktop/work/Kids Gate/node_modules/@vercel/nft': '/Users/jdxblinds/Desktop/work/Kids Gate/node_modules/@vercel/.nft-ztA9KWOm',
169 silly reify   '/Users/jdxblinds/Desktop/work/Kids Gate/node_modules/.bin/nft': '/Users/jdxblinds/Desktop/work/Kids Gate/node_modules/.bin/.nft-w31k1uYH',
169 silly reify   '/Users/jdxblinds/Desktop/work/Kids Gate/node_modules/@vercel/node': '/Users/jdxblinds/Desktop/work/Kids Gate/node_modules/@vercel/.node-a2KtWqcX',
169 silly reify   '/Users/jdxblinds/Desktop/work/Kids Gate/node_modules/@vercel/python': '/Users/jdxblinds/Desktop/work/Kids Gate/node_modules/@vercel/.python-RaEBupq2',
169 silly reify   '/Users/jdxblinds/Desktop/work/Kids Gate/node_modules/@vercel/redwood': '/Users/jdxblinds/Desktop/work/Kids Gate/node_modules/@vercel/.redwood-cv8svQ5w',
169 silly reify   '/Users/jdxblinds/Desktop/work/Kids Gate/node_modules/@vercel/remix-builder': '/Users/jdxblinds/Desktop/work/Kids Gate/node_modules/@vercel/.remix-builder-c6YIh1o9',
169 silly reify   '/Users/jdxblinds/Desktop/work/Kids Gate/node_modules/@vercel/ruby': '/Users/jdxblinds/Desktop/work/Kids Gate/node_modules/@vercel/.ruby-LasFwusi',
169 silly reify   '/Users/jdxblinds/Desktop/work/Kids Gate/node_modules/@vercel/static-build': '/Users/jdxblinds/Desktop/work/Kids Gate/node_modules/@vercel/.static-build-ZLdxDBTG',
169 silly reify   '/Users/jdxblinds/Desktop/work/Kids Gate/node_modules/@vercel/static-config': '/Users/jdxblinds/Desktop/work/Kids Gate/node_modules/@vercel/.static-config-xEHg7ZiR',
169 silly reify   '/Users/jdxblinds/Desktop/work/Kids Gate/node_modules/abbrev': '/Users/jdxblinds/Desktop/work/Kids Gate/node_modules/.abbrev-utONTXOa',
169 silly reify   '/Users/jdxblinds/Desktop/work/Kids Gate/node_modules/acorn-import-attributes': '/Users/jdxblinds/Desktop/work/Kids Gate/node_modules/.acorn-import-attributes-HNe7nRNg',
169 silly reify   '/Users/jdxblinds/Desktop/work/Kids Gate/node_modules/agent-base': '/Users/jdxblinds/Desktop/work/Kids Gate/node_modules/.agent-base-Eqj2bdab',
169 silly reify   '/Users/jdxblinds/Desktop/work/Kids Gate/node_modules/ansi-regex': '/Users/jdxblinds/Desktop/work/Kids Gate/node_modules/.ansi-regex-74zzFBes',
169 silly reify   '/Users/jdxblinds/Desktop/work/Kids Gate/node_modules/arg': '/Users/jdxblinds/Desktop/work/Kids Gate/node_modules/.arg-goEXrmdq',
169 silly reify   '/Users/jdxblinds/Desktop/work/Kids Gate/node_modules/async-listen': '/Users/jdxblinds/Desktop/work/Kids Gate/node_modules/.async-listen-5skRvTip',
169 silly reify   '/Users/jdxblinds/Desktop/work/Kids Gate/node_modules/async-retry': '/Users/jdxblinds/Desktop/work/Kids Gate/node_modules/.async-retry-t9kBkMqA',
169 silly reify   '/Users/jdxblinds/Desktop/work/Kids Gate/node_modules/async-sema': '/Users/jdxblinds/Desktop/work/Kids Gate/node_modules/.async-sema-a106YZyd',
169 silly reify   '/Users/jdxblinds/Desktop/work/Kids Gate/node_modules/bindings': '/Users/jdxblinds/Desktop/work/Kids Gate/node_modules/.bindings-8xjibWSc',
169 silly reify   '/Users/jdxblinds/Desktop/work/Kids Gate/node_modules/buffer-crc32': '/Users/jdxblinds/Desktop/work/Kids Gate/node_modules/.buffer-crc32-COnKr6yD',
169 silly reify   '/Users/jdxblinds/Desktop/work/Kids Gate/node_modules/bytes': '/Users/jdxblinds/Desktop/work/Kids Gate/node_modules/.bytes-hMHDpGqi',
169 silly reify   '/Users/jdxblinds/Desktop/work/Kids Gate/node_modules/chownr': '/Users/jdxblinds/Desktop/work/Kids Gate/node_modules/.chownr-AquYhX9B',
169 silly reify   '/Users/jdxblinds/Desktop/work/Kids Gate/node_modules/cjs-module-lexer': '/Users/jdxblinds/Desktop/work/Kids Gate/node_modules/.cjs-module-lexer-b5Xtph4Z',
169 silly reify   '/Users/jdxblinds/Desktop/work/Kids Gate/node_modules/code-block-writer': '/Users/jdxblinds/Desktop/work/Kids Gate/node_modules/.code-block-writer-cFfW4CNN',
169 silly reify   '/Users/jdxblinds/Desktop/work/Kids Gate/node_modules/consola': '/Users/jdxblinds/Desktop/work/Kids Gate/node_modules/.consola-MKzEAaJz',
169 silly reify   '/Users/jdxblinds/Desktop/work/Kids Gate/node_modules/content-type': '/Users/jdxblinds/Desktop/work/Kids Gate/node_modules/.content-type-Y76fly0b',
169 silly reify   '/Users/jdxblinds/Desktop/work/Kids Gate/node_modules/convert-hrtime': '/Users/jdxblinds/Desktop/work/Kids Gate/node_modules/.convert-hrtime-zMk1bazV',
169 silly reify   '/Users/jdxblinds/Desktop/work/Kids Gate/node_modules/create-require': '/Users/jdxblinds/Desktop/work/Kids Gate/node_modules/.create-require-Ls54ALvp',
169 silly reify   '/Users/jdxblinds/Desktop/work/Kids Gate/node_modules/depd': '/Users/jdxblinds/Desktop/work/Kids Gate/node_modules/.depd-476WwZUl',
169 silly reify   '/Users/jdxblinds/Desktop/work/Kids Gate/node_modules/diff': '/Users/jdxblinds/Desktop/work/Kids Gate/node_modules/.diff-E0CfXNWU',
169 silly reify   '/Users/jdxblinds/Desktop/work/Kids Gate/node_modules/eastasianwidth': '/Users/jdxblinds/Desktop/work/Kids Gate/node_modules/.eastasianwidth-MZSXJLfX',
169 silly reify   '/Users/jdxblinds/Desktop/work/Kids Gate/node_modules/edge-runtime': '/Users/jdxblinds/Desktop/work/Kids Gate/node_modules/.edge-runtime-Wp6YE7tG',
169 silly reify   '/Users/jdxblinds/Desktop/work/Kids Gate/node_modules/.bin/edge-runtime': '/Users/jdxblinds/Desktop/work/Kids Gate/node_modules/.bin/.edge-runtime-Mje6EEiZ',
169 silly reify   '/Users/jdxblinds/Desktop/work/Kids Gate/node_modules/end-of-stream': '/Users/jdxblinds/Desktop/work/Kids Gate/node_modules/.end-of-stream-RQL3pxAv',
169 silly reify   '/Users/jdxblinds/Desktop/work/Kids Gate/node_modules/es-module-lexer': '/Users/jdxblinds/Desktop/work/Kids Gate/node_modules/.es-module-lexer-8sNM9Yx7',
169 silly reify   '/Users/jdxblinds/Desktop/work/Kids Gate/node_modules/estree-walker': '/Users/jdxblinds/Desktop/work/Kids Gate/node_modules/.estree-walker-D5iyS9WX',
169 silly reify   '/Users/jdxblinds/Desktop/work/Kids Gate/node_modules/etag': '/Users/jdxblinds/Desktop/work/Kids Gate/node_modules/.etag-n5pZjdDj',
169 silly reify   '/Users/jdxblinds/Desktop/work/Kids Gate/node_modules/events-intercept': '/Users/jdxblinds/Desktop/work/Kids Gate/node_modules/.events-intercept-bAWU3B06',
169 silly reify   '/Users/jdxblinds/Desktop/work/Kids Gate/node_modules/fd-slicer': '/Users/jdxblinds/Desktop/work/Kids Gate/node_modules/.fd-slicer-Jxst8HoY',
169 silly reify   '/Users/jdxblinds/Desktop/work/Kids Gate/node_modules/file-uri-to-path': '/Users/jdxblinds/Desktop/work/Kids Gate/node_modules/.file-uri-to-path-LwDQpetQ',
169 silly reify   '/Users/jdxblinds/Desktop/work/Kids Gate/node_modules/foreground-child': '/Users/jdxblinds/Desktop/work/Kids Gate/node_modules/.foreground-child-TaBartso',
169 silly reify   '/Users/jdxblinds/Desktop/work/Kids Gate/node_modules/fs-extra': '/Users/jdxblinds/Desktop/work/Kids Gate/node_modules/.fs-extra-xcmHXBj7',
169 silly reify   '/Users/jdxblinds/Desktop/work/Kids Gate/node_modules/fs-minipass': '/Users/jdxblinds/Desktop/work/Kids Gate/node_modules/.fs-minipass-BxDLXItL',
169 silly reify   '/Users/jdxblinds/Desktop/work/Kids Gate/node_modules/generic-pool': '/Users/jdxblinds/Desktop/work/Kids Gate/node_modules/.generic-pool-7fx46zui',
169 silly reify   '/Users/jdxblinds/Desktop/work/Kids Gate/node_modules/glob': '/Users/jdxblinds/Desktop/work/Kids Gate/node_modules/.glob-d226rGfI',
169 silly reify   '/Users/jdxblinds/Desktop/work/Kids Gate/node_modules/.bin/glob': '/Users/jdxblinds/Desktop/work/Kids Gate/node_modules/.bin/.glob-rruYYj9e',
169 silly reify   '/Users/jdxblinds/Desktop/work/Kids Gate/node_modules/graceful-fs': '/Users/jdxblinds/Desktop/work/Kids Gate/node_modules/.graceful-fs-OHluNzHB',
169 silly reify   '/Users/jdxblinds/Desktop/work/Kids Gate/node_modules/http-errors': '/Users/jdxblinds/Desktop/work/Kids Gate/node_modules/.http-errors-rNA1AyEb',
169 silly reify   '/Users/jdxblinds/Desktop/work/Kids Gate/node_modules/https-proxy-agent': '/Users/jdxblinds/Desktop/work/Kids Gate/node_modules/.https-proxy-agent-Escacg1M',
169 silly reify   '/Users/jdxblinds/Desktop/work/Kids Gate/node_modules/iconv-lite': '/Users/jdxblinds/Desktop/work/Kids Gate/node_modules/.iconv-lite-FyeHUwWw',
169 silly reify   '/Users/jdxblinds/Desktop/work/Kids Gate/node_modules/inherits': '/Users/jdxblinds/Desktop/work/Kids Gate/node_modules/.inherits-y2xagbIt',
169 silly reify   '/Users/jdxblinds/Desktop/work/Kids Gate/node_modules/is-buffer': '/Users/jdxblinds/Desktop/work/Kids Gate/node_modules/.is-buffer-JVBwi2WX',
169 silly reify   '/Users/jdxblinds/Desktop/work/Kids Gate/node_modules/is-node-process': '/Users/jdxblinds/Desktop/work/Kids Gate/node_modules/.is-node-process-vrq1FCXL',
169 silly reify   '/Users/jdxblinds/Desktop/work/Kids Gate/node_modules/jackspeak': '/Users/jdxblinds/Desktop/work/Kids Gate/node_modules/.jackspeak-6rEByI4H',
169 silly reify   '/Users/jdxblinds/Desktop/work/Kids Gate/node_modules/jose': '/Users/jdxblinds/Desktop/work/Kids Gate/node_modules/.jose-jyvQ5Jd0',
169 silly reify   '/Users/jdxblinds/Desktop/work/Kids Gate/node_modules/json-schema-to-ts': '/Users/jdxblinds/Desktop/work/Kids Gate/node_modules/.json-schema-to-ts-2gED7yly',
169 silly reify   '/Users/jdxblinds/Desktop/work/Kids Gate/node_modules/jsonfile': '/Users/jdxblinds/Desktop/work/Kids Gate/node_modules/.jsonfile-GSnlOlw2',
169 silly reify   '/Users/jdxblinds/Desktop/work/Kids Gate/node_modules/lru-cache': '/Users/jdxblinds/Desktop/work/Kids Gate/node_modules/.lru-cache-bJjnAUPF',
169 silly reify   '/Users/jdxblinds/Desktop/work/Kids Gate/node_modules/make-error': '/Users/jdxblinds/Desktop/work/Kids Gate/node_modules/.make-error-bt2PJ2In',
169 silly reify   '/Users/jdxblinds/Desktop/work/Kids Gate/node_modules/micro': '/Users/jdxblinds/Desktop/work/Kids Gate/node_modules/.micro-RLVD2MZl',
169 silly reify   '/Users/jdxblinds/Desktop/work/Kids Gate/node_modules/.bin/micro': '/Users/jdxblinds/Desktop/work/Kids Gate/node_modules/.bin/.micro-0I4jjgvn',
169 silly reify   '/Users/jdxblinds/Desktop/work/Kids Gate/node_modules/minipass': '/Users/jdxblinds/Desktop/work/Kids Gate/node_modules/.minipass-YIwoByET',
169 silly reify   '/Users/jdxblinds/Desktop/work/Kids Gate/node_modules/minizlib': '/Users/jdxblinds/Desktop/work/Kids Gate/node_modules/.minizlib-XTK1cZqn',
169 silly reify   '/Users/jdxblinds/Desktop/work/Kids Gate/node_modules/mkdirp': '/Users/jdxblinds/Desktop/work/Kids Gate/node_modules/.mkdirp-FFyEw3mK',
169 silly reify   '/Users/jdxblinds/Desktop/work/Kids Gate/node_modules/.bin/mkdirp': '/Users/jdxblinds/Desktop/work/Kids Gate/node_modules/.bin/.mkdirp-JuaookaH',
169 silly reify   '/Users/jdxblinds/Desktop/work/Kids Gate/node_modules/mri': '/Users/jdxblinds/Desktop/work/Kids Gate/node_modules/.mri-veVsvv9Y',
169 silly reify   '/Users/jdxblinds/Desktop/work/Kids Gate/node_modules/node-fetch': '/Users/jdxblinds/Desktop/work/Kids Gate/node_modules/.node-fetch-7HSZl37M',
169 silly reify   '/Users/jdxblinds/Desktop/work/Kids Gate/node_modules/node-gyp-build': '/Users/jdxblinds/Desktop/work/Kids Gate/node_modules/.node-gyp-build-cgCntMAB',
169 silly reify   '/Users/jdxblinds/Desktop/work/Kids Gate/node_modules/.bin/node-gyp-build': '/Users/jdxblinds/Desktop/work/Kids Gate/node_modules/.bin/.node-gyp-build-9WitcdzF',
169 silly reify   '/Users/jdxblinds/Desktop/work/Kids Gate/node_modules/.bin/node-gyp-build-optional': '/Users/jdxblinds/Desktop/work/Kids Gate/node_modules/.bin/.node-gyp-build-optional-01CJsohC',
169 silly reify   '/Users/jdxblinds/Desktop/work/Kids Gate/node_modules/.bin/node-gyp-build-test': '/Users/jdxblinds/Desktop/work/Kids Gate/node_modules/.bin/.node-gyp-build-test-jHCfIfrQ',
169 silly reify   '/Users/jdxblinds/Desktop/work/Kids Gate/node_modules/nopt': '/Users/jdxblinds/Desktop/work/Kids Gate/node_modules/.nopt-PdkLqmnq',
169 silly reify   '/Users/jdxblinds/Desktop/work/Kids Gate/node_modules/.bin/nopt': '/Users/jdxblinds/Desktop/work/Kids Gate/node_modules/.bin/.nopt-6pe6kaLn',
169 silly reify   '/Users/jdxblinds/Desktop/work/Kids Gate/node_modules/once': '/Users/jdxblinds/Desktop/work/Kids Gate/node_modules/.once-cgHDwJmh',
169 silly reify   '/Users/jdxblinds/Desktop/work/Kids Gate/node_modules/os-paths': '/Users/jdxblinds/Desktop/work/Kids Gate/node_modules/.os-paths-rrkxO0Wy',
169 silly reify   '/Users/jdxblinds/Desktop/work/Kids Gate/node_modules/package-json-from-dist': '/Users/jdxblinds/Desktop/work/Kids Gate/node_modules/.package-json-from-dist-PqxtkK4x',
169 silly reify   '/Users/jdxblinds/Desktop/work/Kids Gate/node_modules/parse-ms': '/Users/jdxblinds/Desktop/work/Kids Gate/node_modules/.parse-ms-aBftEbWv',
169 silly reify   '/Users/jdxblinds/Desktop/work/Kids Gate/node_modules/path-browserify': '/Users/jdxblinds/Desktop/work/Kids Gate/node_modules/.path-browserify-m1icx8Ej',
169 silly reify   '/Users/jdxblinds/Desktop/work/Kids Gate/node_modules/path-match': '/Users/jdxblinds/Desktop/work/Kids Gate/node_modules/.path-match-qzBICMiG',
169 silly reify   '/Users/jdxblinds/Desktop/work/Kids Gate/node_modules/path-scurry': '/Users/jdxblinds/Desktop/work/Kids Gate/node_modules/.path-scurry-SXPNQcmO',
169 silly reify   '/Users/jdxblinds/Desktop/work/Kids Gate/node_modules/path-to-regexp': '/Users/jdxblinds/Desktop/work/Kids Gate/node_modules/.path-to-regexp-Fr1KbuIQ',
169 silly reify   '/Users/jdxblinds/Desktop/work/Kids Gate/node_modules/path-to-regexp-updated': '/Users/jdxblinds/Desktop/work/Kids Gate/node_modules/.path-to-regexp-updated-Nmnsj1G8',
169 silly reify   '/Users/jdxblinds/Desktop/work/Kids Gate/node_modules/pend': '/Users/jdxblinds/Desktop/work/Kids Gate/node_modules/.pend-71RagOGe',
169 silly reify   '/Users/jdxblinds/Desktop/work/Kids Gate/node_modules/pretty-ms': '/Users/jdxblinds/Desktop/work/Kids Gate/node_modules/.pretty-ms-zb3qSaz4',
169 silly reify   '/Users/jdxblinds/Desktop/work/Kids Gate/node_modules/promisepipe': '/Users/jdxblinds/Desktop/work/Kids Gate/node_modules/.promisepipe-oGo4KStd',
169 silly reify   '/Users/jdxblinds/Desktop/work/Kids Gate/node_modules/raw-body': '/Users/jdxblinds/Desktop/work/Kids Gate/node_modules/.raw-body-s9tR2elq',
169 silly reify   '/Users/jdxblinds/Desktop/work/Kids Gate/node_modules/require-from-string': '/Users/jdxblinds/Desktop/work/Kids Gate/node_modules/.require-from-string-9hZuYBTb',
169 silly reify   '/Users/jdxblinds/Desktop/work/Kids Gate/node_modules/retry': '/Users/jdxblinds/Desktop/work/Kids Gate/node_modules/.retry-hJ32Yv9V',
169 silly reify   '/Users/jdxblinds/Desktop/work/Kids Gate/node_modules/safer-buffer': '/Users/jdxblinds/Desktop/work/Kids Gate/node_modules/.safer-buffer-1gcfXVH8',
169 silly reify   '/Users/jdxblinds/Desktop/work/Kids Gate/node_modules/setprototypeof': '/Users/jdxblinds/Desktop/work/Kids Gate/node_modules/.setprototypeof-MzTjGF1E',
169 silly reify   '/Users/jdxblinds/Desktop/work/Kids Gate/node_modules/signal-exit': '/Users/jdxblinds/Desktop/work/Kids Gate/node_modules/.signal-exit-75IGZRAE',
169 silly reify   '/Users/jdxblinds/Desktop/work/Kids Gate/node_modules/stat-mode': '/Users/jdxblinds/Desktop/work/Kids Gate/node_modules/.stat-mode-3qemrSfK',
169 silly reify   '/Users/jdxblinds/Desktop/work/Kids Gate/node_modules/statuses': '/Users/jdxblinds/Desktop/work/Kids Gate/node_modules/.statuses-zOQ7pHQD',
169 silly reify   '/Users/jdxblinds/Desktop/work/Kids Gate/node_modules/stream-to-array': '/Users/jdxblinds/Desktop/work/Kids Gate/node_modules/.stream-to-array-1UMXTkrJ',
169 silly reify   '/Users/jdxblinds/Desktop/work/Kids Gate/node_modules/stream-to-promise': '/Users/jdxblinds/Desktop/work/Kids Gate/node_modules/.stream-to-promise-c5B1kvXL',
169 silly reify   '/Users/jdxblinds/Desktop/work/Kids Gate/node_modules/string-width': '/Users/jdxblinds/Desktop/work/Kids Gate/node_modules/.string-width-sSCSwQAp',
169 silly reify   '/Users/jdxblinds/Desktop/work/Kids Gate/node_modules/string-width-cjs': '/Users/jdxblinds/Desktop/work/Kids Gate/node_modules/.string-width-cjs-Ldv0ezZ1',
169 silly reify   '/Users/jdxblinds/Desktop/work/Kids Gate/node_modules/strip-ansi': '/Users/jdxblinds/Desktop/work/Kids Gate/node_modules/.strip-ansi-5CP7P2XS',
169 silly reify   '/Users/jdxblinds/Desktop/work/Kids Gate/node_modules/strip-ansi-cjs': '/Users/jdxblinds/Desktop/work/Kids Gate/node_modules/.strip-ansi-cjs-fCaxBEah',
169 silly reify   '/Users/jdxblinds/Desktop/work/Kids Gate/node_modules/tar': '/Users/jdxblinds/Desktop/work/Kids Gate/node_modules/.tar-a5OxyMqw',
169 silly reify   '/Users/jdxblinds/Desktop/work/Kids Gate/node_modules/throttleit': '/Users/jdxblinds/Desktop/work/Kids Gate/node_modules/.throttleit-NgvjxScx',
169 silly reify   '/Users/jdxblinds/Desktop/work/Kids Gate/node_modules/time-span': '/Users/jdxblinds/Desktop/work/Kids Gate/node_modules/.time-span-QqpjNh7x',
169 silly reify   '/Users/jdxblinds/Desktop/work/Kids Gate/node_modules/tinyexec': '/Users/jdxblinds/Desktop/work/Kids Gate/node_modules/.tinyexec-rYWA78km',
169 silly reify   '/Users/jdxblinds/Desktop/work/Kids Gate/node_modules/toidentifier': '/Users/jdxblinds/Desktop/work/Kids Gate/node_modules/.toidentifier-NdYCd0mO',
169 silly reify   '/Users/jdxblinds/Desktop/work/Kids Gate/node_modules/tr46': '/Users/jdxblinds/Desktop/work/Kids Gate/node_modules/.tr46-fsqEkG9g',
169 silly reify   '/Users/jdxblinds/Desktop/work/Kids Gate/node_modules/tree-kill': '/Users/jdxblinds/Desktop/work/Kids Gate/node_modules/.tree-kill-XGGVGya3',
169 silly reify   '/Users/jdxblinds/Desktop/work/Kids Gate/node_modules/.bin/tree-kill': '/Users/jdxblinds/Desktop/work/Kids Gate/node_modules/.bin/.tree-kill-rbY1vvD9',
169 silly reify   '/Users/jdxblinds/Desktop/work/Kids Gate/node_modules/ts-morph': '/Users/jdxblinds/Desktop/work/Kids Gate/node_modules/.ts-morph-07274yac',
169 silly reify   '/Users/jdxblinds/Desktop/work/Kids Gate/node_modules/ts-toolbelt': '/Users/jdxblinds/Desktop/work/Kids Gate/node_modules/.ts-toolbelt-iTfZ7Qzt',
169 silly reify   '/Users/jdxblinds/Desktop/work/Kids Gate/node_modules/uid-promise': '/Users/jdxblinds/Desktop/work/Kids Gate/node_modules/.uid-promise-6dU1GX0S',
169 silly reify   '/Users/jdxblinds/Desktop/work/Kids Gate/node_modules/universalify': '/Users/jdxblinds/Desktop/work/Kids Gate/node_modules/.universalify-jYwGzigG',
169 silly reify   '/Users/jdxblinds/Desktop/work/Kids Gate/node_modules/unpipe': '/Users/jdxblinds/Desktop/work/Kids Gate/node_modules/.unpipe-Nayb64ku',
169 silly reify   '/Users/jdxblinds/Desktop/work/Kids Gate/node_modules/v8-compile-cache-lib': '/Users/jdxblinds/Desktop/work/Kids Gate/node_modules/.v8-compile-cache-lib-u5qeeKX1',
169 silly reify   '/Users/jdxblinds/Desktop/work/Kids Gate/node_modules/vercel': '/Users/jdxblinds/Desktop/work/Kids Gate/node_modules/.vercel-OCakuYLR',
169 silly reify   '/Users/jdxblinds/Desktop/work/Kids Gate/node_modules/.bin/vc': '/Users/jdxblinds/Desktop/work/Kids Gate/node_modules/.bin/.vc-9LrwjFTz',
169 silly reify   '/Users/jdxblinds/Desktop/work/Kids Gate/node_modules/.bin/vercel': '/Users/jdxblinds/Desktop/work/Kids Gate/node_modules/.bin/.vercel-aq5f2LVI',
169 silly reify   '/Users/jdxblinds/Desktop/work/Kids Gate/node_modules/webidl-conversions': '/Users/jdxblinds/Desktop/work/Kids Gate/node_modules/.webidl-conversions-72GyukME',
169 silly reify   '/Users/jdxblinds/Desktop/work/Kids Gate/node_modules/whatwg-url': '/Users/jdxblinds/Desktop/work/Kids Gate/node_modules/.whatwg-url-vj7UU1EN',
169 silly reify   '/Users/jdxblinds/Desktop/work/Kids Gate/node_modules/wrap-ansi': '/Users/jdxblinds/Desktop/work/Kids Gate/node_modules/.wrap-ansi-8vVOT4J4',
169 silly reify   '/Users/jdxblinds/Desktop/work/Kids Gate/node_modules/wrap-ansi-cjs': '/Users/jdxblinds/Desktop/work/Kids Gate/node_modules/.wrap-ansi-cjs-KfGebupM',
169 silly reify   '/Users/jdxblinds/Desktop/work/Kids Gate/node_modules/wrappy': '/Users/jdxblinds/Desktop/work/Kids Gate/node_modules/.wrappy-bj7tRt8f',
169 silly reify   '/Users/jdxblinds/Desktop/work/Kids Gate/node_modules/xdg-app-paths': '/Users/jdxblinds/Desktop/work/Kids Gate/node_modules/.xdg-app-paths-SCLUVCQZ',
169 silly reify   '/Users/jdxblinds/Desktop/work/Kids Gate/node_modules/xdg-portable': '/Users/jdxblinds/Desktop/work/Kids Gate/node_modules/.xdg-portable-1w4lGvK7',
169 silly reify   '/Users/jdxblinds/Desktop/work/Kids Gate/node_modules/yallist': '/Users/jdxblinds/Desktop/work/Kids Gate/node_modules/.yallist-ziUG3P1k',
169 silly reify   '/Users/jdxblinds/Desktop/work/Kids Gate/node_modules/yauzl': '/Users/jdxblinds/Desktop/work/Kids Gate/node_modules/.yauzl-vCx5hHCt',
169 silly reify   '/Users/jdxblinds/Desktop/work/Kids Gate/node_modules/yauzl-clone': '/Users/jdxblinds/Desktop/work/Kids Gate/node_modules/.yauzl-clone-jKE1Znit',
169 silly reify   '/Users/jdxblinds/Desktop/work/Kids Gate/node_modules/yauzl-promise': '/Users/jdxblinds/Desktop/work/Kids Gate/node_modules/.yauzl-promise-XYUMaLyE',
169 silly reify   '/Users/jdxblinds/Desktop/work/Kids Gate/node_modules/yn': '/Users/jdxblinds/Desktop/work/Kids Gate/node_modules/.yn-tDPFBxDO'
169 silly reify }
170 silly audit bulk request {
170 silly audit   '@alloc/quick-lru': [ '5.2.0' ],
170 silly audit   '@cloudflare/kv-asset-handler': [ '0.3.4' ],
170 silly audit   '@cloudflare/next-on-pages': [ '1.13.16' ],
170 silly audit   chalk: [ '5.6.2', '4.1.2' ],
170 silly audit   semver: [ '7.7.4', '6.3.1' ],
170 silly audit   '@cloudflare/unenv-preset': [ '2.0.2' ],
170 silly audit   '@cloudflare/workerd-darwin-64': [ '1.20250718.0' ],
170 silly audit   '@cloudflare/workerd-darwin-arm64': [ '1.20250718.0' ],
170 silly audit   '@cloudflare/workerd-linux-64': [ '1.20250718.0' ],
170 silly audit   '@cloudflare/workerd-linux-arm64': [ '1.20250718.0' ],
170 silly audit   '@cloudflare/workerd-windows-64': [ '1.20250718.0' ],
170 silly audit   '@cloudflare/workers-types': [ '4.20260228.1' ],
170 silly audit   '@cspotcode/source-map-support': [ '0.8.1' ],
170 silly audit   '@jridgewell/trace-mapping': [ '0.3.9', '0.3.31' ],
170 silly audit   '@emnapi/core': [ '1.8.1' ],
170 silly audit   '@emnapi/runtime': [ '1.8.1' ],
170 silly audit   '@emnapi/wasi-threads': [ '1.1.0' ],
170 silly audit   '@esbuild-plugins/node-globals-polyfill': [ '0.2.3' ],
170 silly audit   '@esbuild-plugins/node-modules-polyfill': [ '0.2.2' ],
170 silly audit   '@esbuild/android-arm': [ '0.15.18', '0.17.19' ],
170 silly audit   '@esbuild/android-arm64': [ '0.17.19' ],
170 silly audit   '@esbuild/android-x64': [ '0.17.19' ],
170 silly audit   '@esbuild/darwin-arm64': [ '0.17.19' ],
170 silly audit   '@esbuild/darwin-x64': [ '0.17.19' ],
170 silly audit   '@esbuild/freebsd-arm64': [ '0.17.19' ],
170 silly audit   '@esbuild/freebsd-x64': [ '0.17.19' ],
170 silly audit   '@esbuild/linux-arm': [ '0.17.19' ],
170 silly audit   '@esbuild/linux-arm64': [ '0.17.19' ],
170 silly audit   '@esbuild/linux-ia32': [ '0.17.19' ],
170 silly audit   '@esbuild/linux-loong64': [ '0.15.18', '0.17.19' ],
170 silly audit   '@esbuild/linux-mips64el': [ '0.17.19' ],
170 silly audit   '@esbuild/linux-ppc64': [ '0.17.19' ],
170 silly audit   '@esbuild/linux-riscv64': [ '0.17.19' ],
170 silly audit   '@esbuild/linux-s390x': [ '0.17.19' ],
170 silly audit   '@esbuild/linux-x64': [ '0.17.19' ],
170 silly audit   '@esbuild/netbsd-x64': [ '0.17.19' ],
170 silly audit   '@esbuild/openbsd-x64': [ '0.17.19' ],
170 silly audit   '@esbuild/sunos-x64': [ '0.17.19' ],
170 silly audit   '@esbuild/win32-arm64': [ '0.17.19' ],
170 silly audit   '@esbuild/win32-ia32': [ '0.17.19' ],
170 silly audit   '@esbuild/win32-x64': [ '0.17.19' ],
170 silly audit   '@eslint-community/eslint-utils': [ '4.9.1' ],
170 silly audit   'eslint-visitor-keys': [ '3.4.3', '5.0.1', '4.2.1' ],
170 silly audit   '@eslint-community/regexpp': [ '4.12.2' ],
170 silly audit   '@eslint/config-array': [ '0.21.1' ],
170 silly audit   '@eslint/config-helpers': [ '0.4.2' ],
170 silly audit   '@eslint/core': [ '0.17.0' ],
170 silly audit   '@eslint/eslintrc': [ '3.3.3' ],
170 silly audit   '@eslint/js': [ '9.39.3' ],
170 silly audit   '@eslint/object-schema': [ '2.1.7' ],
170 silly audit   '@eslint/plugin-kit': [ '0.4.1' ],
170 silly audit   '@fastify/busboy': [ '2.1.1' ],
170 silly audit   '@firebase/ai': [ '1.4.1' ],
170 silly audit   '@firebase/analytics': [ '0.10.17' ],
170 silly audit   '@firebase/analytics-compat': [ '0.2.23' ],
170 silly audit   '@firebase/analytics-types': [ '0.8.3' ],
170 silly audit   '@firebase/app': [ '0.13.2' ],
170 silly audit   '@firebase/app-check': [ '0.10.1' ],
170 silly audit   '@firebase/app-check-compat': [ '0.3.26' ],
170 silly audit   '@firebase/app-check-interop-types': [ '0.3.3' ],
170 silly audit   '@firebase/app-check-types': [ '0.5.3' ],
170 silly audit   '@firebase/app-compat': [ '0.4.2' ],
170 silly audit   '@firebase/app-types': [ '0.9.3' ],
170 silly audit   '@firebase/auth': [ '1.10.8' ],
170 silly audit   '@firebase/auth-compat': [ '0.5.28' ],
170 silly audit   '@firebase/auth-interop-types': [ '0.2.4' ],
170 silly audit   '@firebase/auth-types': [ '0.13.0' ],
170 silly audit   '@firebase/component': [ '0.6.18' ],
170 silly audit   '@firebase/data-connect': [ '0.3.10' ],
170 silly audit   '@firebase/database': [ '1.0.20' ],
170 silly audit   '@firebase/database-compat': [ '2.0.11' ],
170 silly audit   '@firebase/database-types': [ '1.0.15' ],
170 silly audit   '@firebase/firestore': [ '4.8.0' ],
170 silly audit   '@firebase/firestore-compat': [ '0.3.53' ],
170 silly audit   '@firebase/firestore-types': [ '3.0.3' ],
170 silly audit   '@firebase/functions': [ '0.12.9' ],
170 silly audit   '@firebase/functions-compat': [ '0.3.26' ],
170 silly audit   '@firebase/functions-types': [ '0.6.3' ],
170 silly audit   '@firebase/installations': [ '0.6.18' ],
170 silly audit   '@firebase/installations-compat': [ '0.2.18' ],
170 silly audit   '@firebase/installations-types': [ '0.5.3' ],
170 silly audit   '@firebase/logger': [ '0.4.4' ],
170 silly audit   '@firebase/messaging': [ '0.12.22' ],
170 silly audit   '@firebase/messaging-compat': [ '0.2.22' ],
170 silly audit   '@firebase/messaging-interop-types': [ '0.2.3' ],
170 silly audit   '@firebase/performance': [ '0.7.7' ],
170 silly audit   '@firebase/performance-compat': [ '0.2.20' ],
170 silly audit   '@firebase/performance-types': [ '0.2.3' ],
170 silly audit   '@firebase/remote-config': [ '0.6.5' ],
170 silly audit   '@firebase/remote-config-compat': [ '0.2.18' ],
170 silly audit   '@firebase/remote-config-types': [ '0.4.0' ],
170 silly audit   '@firebase/storage': [ '0.13.14' ],
170 silly audit   '@firebase/storage-compat': [ '0.3.24' ],
170 silly audit   '@firebase/storage-types': [ '0.8.3' ],
170 silly audit   '@firebase/util': [ '1.12.1' ],
170 silly audit   '@firebase/webchannel-wrapper': [ '1.0.3' ],
170 silly audit   '@grpc/grpc-js': [ '1.9.15' ],
170 silly audit   '@grpc/proto-loader': [ '0.7.15' ],
170 silly audit   '@humanfs/core': [ '0.19.1' ],
170 silly audit   '@humanfs/node': [ '0.16.7' ],
170 silly audit   '@humanwhocodes/module-importer': [ '1.0.1' ],
170 silly audit   '@humanwhocodes/retry': [ '0.4.3' ],
170 silly audit   '@img/sharp-darwin-arm64': [ '0.33.5' ],
170 silly audit   '@img/sharp-darwin-x64': [ '0.33.5' ],
170 silly audit   '@img/sharp-libvips-darwin-arm64': [ '1.0.4' ],
170 silly audit   '@img/sharp-libvips-darwin-x64': [ '1.0.4' ],
170 silly audit   '@img/sharp-libvips-linux-arm': [ '1.0.5' ],
170 silly audit   '@img/sharp-libvips-linux-arm64': [ '1.0.4' ],
170 silly audit   '@img/sharp-libvips-linux-s390x': [ '1.0.4' ],
170 silly audit   '@img/sharp-libvips-linux-x64': [ '1.0.4' ],
170 silly audit   '@img/sharp-libvips-linuxmusl-arm64': [ '1.0.4' ],
170 silly audit   '@img/sharp-libvips-linuxmusl-x64': [ '1.0.4' ],
170 silly audit   '@img/sharp-linux-arm': [ '0.33.5' ],
170 silly audit   '@img/sharp-linux-arm64': [ '0.33.5' ],
170 silly audit   '@img/sharp-linux-s390x': [ '0.33.5' ],
170 silly audit   '@img/sharp-linux-x64': [ '0.33.5' ],
170 silly audit   '@img/sharp-linuxmusl-arm64': [ '0.33.5' ],
170 silly audit   '@img/sharp-linuxmusl-x64': [ '0.33.5' ],
170 silly audit   '@img/sharp-wasm32': [ '0.33.5' ],
170 silly audit   '@img/sharp-win32-ia32': [ '0.33.5' ],
170 silly audit   '@img/sharp-win32-x64': [ '0.33.5' ],
170 silly audit   '@jridgewell/gen-mapping': [ '0.3.13' ],
170 silly audit   '@jridgewell/resolve-uri': [ '3.1.2' ],
170 silly audit   '@jridgewell/sourcemap-codec': [ '1.5.5' ],
170 silly audit   '@napi-rs/wasm-runtime': [ '0.2.12' ],
170 silly audit   '@next/env': [ '15.1.7' ],
170 silly audit   '@next/eslint-plugin-next': [ '15.1.7' ],
170 silly audit   '@next/swc-darwin-arm64': [ '15.1.7' ],
170 silly audit   '@next/swc-darwin-x64': [ '15.1.7' ],
170 silly audit   '@next/swc-linux-arm64-gnu': [ '15.1.7' ],
170 silly audit   '@next/swc-linux-arm64-musl': [ '15.1.7' ],
170 silly audit   '@next/swc-linux-x64-gnu': [ '15.1.7' ],
170 silly audit   '@next/swc-linux-x64-musl': [ '15.1.7' ],
170 silly audit   '@next/swc-win32-arm64-msvc': [ '15.1.7' ],
170 silly audit   '@next/swc-win32-x64-msvc': [ '15.1.7' ],
170 silly audit   '@nodelib/fs.scandir': [ '2.1.5' ],
170 silly audit   '@nodelib/fs.stat': [ '2.0.5' ],
170 silly audit   '@nodelib/fs.walk': [ '1.2.8' ],
170 silly audit   '@nolyfill/is-core-module': [ '1.0.39' ],
170 silly audit   '@protobufjs/aspromise': [ '1.1.2' ],
170 silly audit   '@protobufjs/base64': [ '1.1.2' ],
170 silly audit   '@protobufjs/codegen': [ '2.0.4' ],
170 silly audit   '@protobufjs/eventemitter': [ '1.1.0' ],
170 silly audit   '@protobufjs/fetch': [ '1.1.0' ],
170 silly audit   '@protobufjs/float': [ '1.0.2' ],
170 silly audit   '@protobufjs/inquire': [ '1.1.0' ],
170 silly audit   '@protobufjs/path': [ '1.1.2' ],
170 silly audit   '@protobufjs/pool': [ '1.1.0' ],
170 silly audit   '@protobufjs/utf8': [ '1.1.0' ],
170 silly audit   '@reduxjs/toolkit': [ '2.11.2' ],
170 silly audit   immer: [ '11.1.4', '10.2.0' ],
170 silly audit   '@rtsao/scc': [ '1.1.0' ],
170 silly audit   '@rushstack/eslint-patch': [ '1.16.1' ],
170 silly audit   '@standard-schema/spec': [ '1.1.0' ],
170 silly audit   '@standard-schema/utils': [ '0.3.0' ],
170 silly audit   '@swc/counter': [ '0.1.3' ],
170 silly audit   '@swc/helpers': [ '0.5.15' ],
170 silly audit   '@tybys/wasm-util': [ '0.10.1' ],
170 silly audit   '@types/d3-array': [ '3.2.2' ],
170 silly audit   '@types/d3-color': [ '3.1.3' ],
170 silly audit   '@types/d3-ease': [ '3.0.2' ],
170 silly audit   '@types/d3-interpolate': [ '3.0.4' ],
170 silly audit   '@types/d3-path': [ '3.1.1' ],
170 silly audit   '@types/d3-scale': [ '4.0.9' ],
170 silly audit   '@types/d3-shape': [ '3.1.8' ],
170 silly audit   '@types/d3-time': [ '3.0.4' ],
170 silly audit   '@types/d3-timer': [ '3.0.2' ],
170 silly audit   '@types/estree': [ '1.0.8' ],
170 silly audit   '@types/json-schema': [ '7.0.15' ],
170 silly audit   '@types/json5': [ '0.0.29' ],
170 silly audit   '@types/node': [ '20.19.33' ],
170 silly audit   '@types/react': [ '19.2.14' ],
170 silly audit   '@types/react-dom': [ '19.2.3' ],
170 silly audit   '@types/use-sync-external-store': [ '0.0.6' ],
170 silly audit   '@typescript-eslint/eslint-plugin': [ '8.56.1' ],
170 silly audit   ignore: [ '7.0.5', '5.3.2' ],
170 silly audit   '@typescript-eslint/parser': [ '8.56.1' ],
170 silly audit   '@typescript-eslint/project-service': [ '8.56.1' ],
170 silly audit   '@typescript-eslint/scope-manager': [ '8.56.1' ],
170 silly audit   '@typescript-eslint/tsconfig-utils': [ '8.56.1' ],
170 silly audit   '@typescript-eslint/type-utils': [ '8.56.1' ],
170 silly audit   '@typescript-eslint/types': [ '8.56.1' ],
170 silly audit   '@typescript-eslint/typescript-estree': [ '8.56.1' ],
170 silly audit   'balanced-match': [ '4.0.4', '1.0.2' ],
170 silly audit   'brace-expansion': [ '5.0.4', '1.1.12' ],
170 silly audit   minimatch: [ '10.2.4', '3.1.3' ],
170 silly audit   '@typescript-eslint/utils': [ '8.56.1' ],
170 silly audit   '@typescript-eslint/visitor-keys': [ '8.56.1' ],
170 silly audit   '@unrs/resolver-binding-android-arm-eabi': [ '1.11.1' ],
170 silly audit   '@unrs/resolver-binding-android-arm64': [ '1.11.1' ],
170 silly audit   '@unrs/resolver-binding-darwin-arm64': [ '1.11.1' ],
170 silly audit   '@unrs/resolver-binding-darwin-x64': [ '1.11.1' ],
170 silly audit   '@unrs/resolver-binding-freebsd-x64': [ '1.11.1' ],
170 silly audit   '@unrs/resolver-binding-linux-arm-gnueabihf': [ '1.11.1' ],
170 silly audit   '@unrs/resolver-binding-linux-arm-musleabihf': [ '1.11.1' ],
170 silly audit   '@unrs/resolver-binding-linux-arm64-gnu': [ '1.11.1' ],
170 silly audit   '@unrs/resolver-binding-linux-arm64-musl': [ '1.11.1' ],
170 silly audit   '@unrs/resolver-binding-linux-ppc64-gnu': [ '1.11.1' ],
170 silly audit   '@unrs/resolver-binding-linux-riscv64-gnu': [ '1.11.1' ],
170 silly audit   '@unrs/resolver-binding-linux-riscv64-musl': [ '1.11.1' ],
170 silly audit   '@unrs/resolver-binding-linux-s390x-gnu': [ '1.11.1' ],
170 silly audit   '@unrs/resolver-binding-linux-x64-gnu': [ '1.11.1' ],
170 silly audit   '@unrs/resolver-binding-linux-x64-musl': [ '1.11.1' ],
170 silly audit   '@unrs/resolver-binding-wasm32-wasi': [ '1.11.1' ],
170 silly audit   '@unrs/resolver-binding-win32-arm64-msvc': [ '1.11.1' ],
170 silly audit   '@unrs/resolver-binding-win32-ia32-msvc': [ '1.11.1' ],
170 silly audit   '@unrs/resolver-binding-win32-x64-msvc': [ '1.11.1' ],
170 silly audit   debug: [ '4.4.3', '3.2.7' ],
170 silly audit   ms: [ '2.1.3' ],
170 silly audit   'web-vitals': [ '4.2.4' ],
170 silly audit   esbuild: [ '0.15.18', '0.17.19' ],
170 silly audit   'esbuild-android-64': [ '0.15.18' ],
170 silly audit   'esbuild-android-arm64': [ '0.15.18' ],
170 silly audit   'esbuild-darwin-64': [ '0.15.18' ],
170 silly audit   'esbuild-darwin-arm64': [ '0.15.18' ],
170 silly audit   'esbuild-freebsd-64': [ '0.15.18' ],
170 silly audit   'esbuild-freebsd-arm64': [ '0.15.18' ],
170 silly audit   'esbuild-linux-32': [ '0.15.18' ],
170 silly audit   'esbuild-linux-64': [ '0.15.18' ],
170 silly audit   'esbuild-linux-arm': [ '0.15.18' ],
170 silly audit   'esbuild-linux-arm64': [ '0.15.18' ],
170 silly audit   'esbuild-linux-mips64le': [ '0.15.18' ],
170 silly audit   'esbuild-linux-ppc64le': [ '0.15.18' ],
170 silly audit   'esbuild-linux-riscv64': [ '0.15.18' ],
170 silly audit   'esbuild-linux-s390x': [ '0.15.18' ],
170 silly audit   'esbuild-netbsd-64': [ '0.15.18' ],
170 silly audit   'esbuild-openbsd-64': [ '0.15.18' ],
170 silly audit   'esbuild-sunos-64': [ '0.15.18' ],
170 silly audit   'esbuild-windows-32': [ '0.15.18' ],
170 silly audit   'esbuild-windows-64': [ '0.15.18' ],
170 silly audit   'esbuild-windows-arm64': [ '0.15.18' ],
170 silly audit   'resolve-from': [ '4.0.0' ],
170 silly audit   typescript: [ '5.9.3' ],
170 silly audit   undici: [ '5.29.0' ],
170 silly audit   ajv: [ '6.14.0' ],
170 silly audit   'json-schema-traverse': [ '0.4.1' ],
170 silly audit   acorn: [ '8.16.0', '8.14.0' ],
170 silly audit   'acorn-jsx': [ '5.3.2' ],
170 silly audit   'acorn-walk': [ '8.3.2' ],
170 silly audit   'ansi-regex': [ '5.0.1' ],
170 silly audit   'ansi-styles': [ '4.3.0' ],
170 silly audit   'any-promise': [ '1.3.0' ],
170 silly audit   anymatch: [ '3.1.3' ],
170 silly audit   picomatch: [ '2.3.1', '4.0.3' ],
170 silly audit   arg: [ '5.0.2' ],
170 silly audit   argparse: [ '2.0.1' ],
170 silly audit   'aria-query': [ '5.3.2' ],
170 silly audit   'array-buffer-byte-length': [ '1.0.2' ],
170 silly audit   'array-includes': [ '3.1.9' ],
170 silly audit   'array.prototype.findlast': [ '1.2.5' ],
170 silly audit   'array.prototype.findlastindex': [ '1.2.6' ],
170 silly audit   'array.prototype.flat': [ '1.3.3' ],
170 silly audit   'array.prototype.flatmap': [ '1.3.3' ],
170 silly audit   'array.prototype.tosorted': [ '1.1.4' ],
170 silly audit   'arraybuffer.prototype.slice': [ '1.0.4' ],
170 silly audit   'as-table': [ '1.0.55' ],
170 silly audit   'ast-types': [ '0.14.2' ],
170 silly audit   'ast-types-flow': [ '0.0.8' ],
170 silly audit   'async-function': [ '1.0.0' ],
170 silly audit   autoprefixer: [ '10.4.27' ],
170 silly audit   'available-typed-arrays': [ '1.0.7' ],
170 silly audit   'axe-core': [ '4.11.1' ],
170 silly audit   'axobject-query': [ '4.1.0' ],
170 silly audit   'baseline-browser-mapping': [ '2.10.0' ],
170 silly audit   'binary-extensions': [ '2.3.0' ],
170 silly audit   'blake3-wasm': [ '2.1.5' ],
170 silly audit   braces: [ '3.0.3' ],
170 silly audit   browserslist: [ '4.28.1' ],
170 silly audit   busboy: [ '1.6.0' ],
170 silly audit   'call-bind': [ '1.0.8' ],
170 silly audit   'call-bind-apply-helpers': [ '1.0.2' ],
170 silly audit   'call-bound': [ '1.0.4' ],
170 silly audit   callsites: [ '3.1.0' ],
170 silly audit   'camelcase-css': [ '2.0.1' ],
170 silly audit   'caniuse-lite': [ '1.0.30001774' ],
170 silly audit   chokidar: [ '3.6.0' ],
170 silly audit   'glob-parent': [ '5.1.2', '6.0.2' ],
170 silly audit   'client-only': [ '0.0.1' ],
170 silly audit   cliui: [ '8.0.1' ],
170 silly audit   'emoji-regex': [ '8.0.0', '9.2.2' ],
170 silly audit   'string-width': [ '4.2.3' ],
170 silly audit   'strip-ansi': [ '6.0.1' ],
170 silly audit   'wrap-ansi': [ '7.0.0' ],
170 silly audit   clsx: [ '2.1.1' ],
170 silly audit   color: [ '4.2.3' ],
170 silly audit   'color-convert': [ '2.0.1' ],
170 silly audit   'color-name': [ '1.1.4' ],
170 silly audit   'color-string': [ '1.9.1' ],
170 silly audit   commander: [ '11.1.0', '4.1.1' ],
170 silly audit   'concat-map': [ '0.0.1' ],
170 silly audit   cookie: [ '0.5.0', '0.7.2' ],
170 silly audit   'cross-spawn': [ '7.0.6' ],
170 silly audit   cssesc: [ '3.0.0' ],
170 silly audit   csstype: [ '3.2.3' ],
170 silly audit   'd3-array': [ '3.2.4' ],
170 silly audit   'd3-color': [ '3.1.0' ],
170 silly audit   'd3-ease': [ '3.0.1' ],
170 silly audit   'd3-format': [ '3.1.2' ],
170 silly audit   'd3-interpolate': [ '3.0.1' ],
170 silly audit   'd3-path': [ '3.1.0' ],
170 silly audit   'd3-scale': [ '4.0.2' ],
170 silly audit   'd3-shape': [ '3.2.0' ],
170 silly audit   'd3-time': [ '3.1.0' ],
170 silly audit   'd3-time-format': [ '4.1.0' ],
170 silly audit   'd3-timer': [ '3.0.1' ],
170 silly audit   'damerau-levenshtein': [ '1.0.8' ],
170 silly audit   'data-view-buffer': [ '1.0.2' ],
170 silly audit   'data-view-byte-length': [ '1.0.2' ],
170 silly audit   'data-view-byte-offset': [ '1.0.1' ],
170 silly audit   'decimal.js-light': [ '2.5.1' ],
170 silly audit   'deep-is': [ '0.1.4' ],
170 silly audit   'define-data-property': [ '1.1.4' ],
170 silly audit   'define-properties': [ '1.2.1' ],
170 silly audit   defu: [ '6.1.4' ],
170 silly audit   'detect-libc': [ '2.1.2' ],
170 silly audit   didyoumean: [ '1.2.2' ],
170 silly audit   dlv: [ '1.1.3' ],
170 silly audit   doctrine: [ '2.1.0' ],
170 silly audit   'dunder-proto': [ '1.0.1' ],
170 silly audit   picocolors: [ '1.1.1' ],
170 silly audit   'electron-to-chromium': [ '1.5.302' ],
170 silly audit   'es-abstract': [ '1.24.1' ],
170 silly audit   'es-define-property': [ '1.0.1' ],
170 silly audit   'es-errors': [ '1.3.0' ],
170 silly audit   'es-iterator-helpers': [ '1.2.2' ],
170 silly audit   'es-object-atoms': [ '1.1.1' ],
170 silly audit   'es-set-tostringtag': [ '2.1.0' ],
170 silly audit   'es-shim-unscopables': [ '1.1.0' ],
170 silly audit   'es-to-primitive': [ '1.3.0' ],
170 silly audit   'es-toolkit': [ '1.44.0' ],
170 silly audit   escalade: [ '3.2.0' ],
170 silly audit   'escape-string-regexp': [ '4.0.0' ],
170 silly audit   eslint: [ '9.39.3' ],
170 silly audit   'eslint-config-next': [ '15.1.7' ],
170 silly audit   'eslint-import-resolver-node': [ '0.3.9' ],
170 silly audit   'eslint-import-resolver-typescript': [ '3.10.1' ],
170 silly audit   'eslint-module-utils': [ '2.12.1' ],
170 silly audit   'eslint-plugin-import': [ '2.32.0' ],
170 silly audit   'eslint-plugin-jsx-a11y': [ '6.10.2' ],
170 silly audit   'eslint-plugin-react': [ '7.37.5' ],
170 silly audit   'eslint-plugin-react-hooks': [ '5.2.0' ],
170 silly audit   resolve: [ '2.0.0-next.6', '1.22.11' ],
170 silly audit   'eslint-scope': [ '8.4.0' ],
170 silly audit   espree: [ '10.4.0' ],
170 silly audit   esquery: [ '1.7.0' ],
170 silly audit   esrecurse: [ '4.3.0' ],
170 silly audit   estraverse: [ '5.3.0' ],
170 silly audit   'estree-walker': [ '0.6.1' ],
170 silly audit   esutils: [ '2.0.3' ],
170 silly audit   eventemitter3: [ '5.0.4' ],
170 silly audit   'exit-hook': [ '2.2.1' ],
170 silly audit   exsolve: [ '1.0.8' ],
170 silly audit   'fast-deep-equal': [ '3.1.3' ],
170 silly audit   'fast-glob': [ '3.3.1', '3.3.3' ],
170 silly audit   'fast-json-stable-stringify': [ '2.1.0' ],
170 silly audit   'fast-levenshtein': [ '2.0.6' ],
170 silly audit   fastq: [ '1.20.1' ],
170 silly audit   'faye-websocket': [ '0.11.4' ],
170 silly audit   fdir: [ '6.5.0' ],
170 silly audit   'file-entry-cache': [ '8.0.0' ],
170 silly audit   'fill-range': [ '7.1.1' ],
170 silly audit   'find-up': [ '5.0.0' ],
170 silly audit   firebase: [ '11.10.0' ],
170 silly audit   'flat-cache': [ '4.0.1' ],
170 silly audit   flatted: [ '3.3.3' ],
170 silly audit   'for-each': [ '0.3.5' ],
170 silly audit   'fraction.js': [ '5.3.4' ],
170 silly audit   'framer-motion': [ '12.34.3' ],
170 silly audit   fsevents: [ '2.3.3' ],
170 silly audit   'function-bind': [ '1.1.2' ],
170 silly audit   'function.prototype.name': [ '1.1.8' ],
170 silly audit   'functions-have-names': [ '1.2.3' ],
170 silly audit   'generator-function': [ '2.0.1' ],
170 silly audit   'get-caller-file': [ '2.0.5' ],
170 silly audit   'get-intrinsic': [ '1.3.0' ],
170 silly audit   'get-proto': [ '1.0.1' ],
170 silly audit   'get-source': [ '2.0.12' ],
170 silly audit   'data-uri-to-buffer': [ '2.0.2' ],
170 silly audit   'get-symbol-description': [ '1.1.0' ],
170 silly audit   'get-tsconfig': [ '4.13.6' ],
170 silly audit   'glob-to-regexp': [ '0.4.1' ],
170 silly audit   globals: [ '14.0.0' ],
170 silly audit   globalthis: [ '1.0.4' ],
170 silly audit   gopd: [ '1.2.0' ],
170 silly audit   'has-bigints': [ '1.1.0' ],
170 silly audit   'has-flag': [ '4.0.0' ],
170 silly audit   'has-property-descriptors': [ '1.0.2' ],
170 silly audit   'has-proto': [ '1.2.0' ],
170 silly audit   'has-symbols': [ '1.1.0' ],
170 silly audit   'has-tostringtag': [ '1.0.2' ],
170 silly audit   hasown: [ '2.0.2' ],
170 silly audit   'http-parser-js': [ '0.5.10' ],
170 silly audit   idb: [ '7.1.1' ],
170 silly audit   'import-fresh': [ '3.3.1' ],
170 silly audit   imurmurhash: [ '0.1.4' ],
170 silly audit   'internal-slot': [ '1.1.0' ],
170 silly audit   internmap: [ '2.0.3' ],
170 silly audit   'is-array-buffer': [ '3.0.5' ],
170 silly audit   'is-arrayish': [ '0.3.4' ],
170 silly audit   'is-async-function': [ '2.1.1' ],
170 silly audit   'is-bigint': [ '1.1.0' ],
170 silly audit   'is-binary-path': [ '2.1.0' ],
170 silly audit   'is-boolean-object': [ '1.2.2' ],
170 silly audit   'is-bun-module': [ '2.0.0' ],
170 silly audit   'is-callable': [ '1.2.7' ],
170 silly audit   'is-core-module': [ '2.16.1' ],
170 silly audit   'is-data-view': [ '1.0.2' ],
170 silly audit   'is-date-object': [ '1.1.0' ],
170 silly audit   'is-extglob': [ '2.1.1' ],
170 silly audit   'is-finalizationregistry': [ '1.1.1' ],
170 silly audit   'is-fullwidth-code-point': [ '3.0.0' ],
170 silly audit   'is-generator-function': [ '1.1.2' ],
170 silly audit   'is-glob': [ '4.0.3' ],
170 silly audit   'is-map': [ '2.0.3' ],
170 silly audit   'is-negative-zero': [ '2.0.3' ],
170 silly audit   'is-number': [ '7.0.0' ],
170 silly audit   'is-number-object': [ '1.1.1' ],
170 silly audit   'is-regex': [ '1.2.1' ],
170 silly audit   'is-set': [ '2.0.3' ],
170 silly audit   'is-shared-array-buffer': [ '1.0.4' ],
170 silly audit   'is-string': [ '1.1.1' ],
170 silly audit   'is-symbol': [ '1.1.1' ],
170 silly audit   'is-typed-array': [ '1.1.15' ],
170 silly audit   'is-weakmap': [ '2.0.2' ],
170 silly audit   'is-weakref': [ '1.1.1' ],
170 silly audit   'is-weakset': [ '2.0.4' ],
170 silly audit   isarray: [ '2.0.5' ],
170 silly audit   isexe: [ '2.0.0' ],
170 silly audit   'iterator.prototype': [ '1.1.5' ],
170 silly audit   jiti: [ '1.21.7' ],
170 silly audit   'js-tokens': [ '4.0.0' ],
170 silly audit   'js-yaml': [ '4.1.1' ],
170 silly audit   'json-buffer': [ '3.0.1' ],
170 silly audit   'json-stable-stringify-without-jsonify': [ '1.0.1' ],
170 silly audit   'jsx-ast-utils': [ '3.3.5' ],
170 silly audit   keyv: [ '4.5.4' ],
170 silly audit   'language-subtag-registry': [ '0.3.23' ],
170 silly audit   'language-tags': [ '1.0.9' ],
170 silly audit   levn: [ '0.4.1' ],
170 silly audit   lilconfig: [ '3.1.3' ],
170 silly audit   'lines-and-columns': [ '1.2.4' ],
170 silly audit   'locate-path': [ '6.0.0' ],
170 silly audit   'lodash.camelcase': [ '4.3.0' ],
170 silly audit   'lodash.merge': [ '4.6.2' ],
170 silly audit   long: [ '5.3.2' ],
170 silly audit   'loose-envify': [ '1.4.0' ],
170 silly audit   'math-intrinsics': [ '1.1.0' ],
170 silly audit   merge2: [ '1.4.1' ],
170 silly audit   micromatch: [ '4.0.8' ],
170 silly audit   mime: [ '3.0.0' ],
170 silly audit   miniflare: [ '3.20250718.3' ],
170 silly audit   minimist: [ '1.2.8' ],
170 silly audit   'motion-dom': [ '12.34.3' ],
170 silly audit   'motion-utils': [ '12.29.2' ],
170 silly audit   mustache: [ '4.2.0' ],
170 silly audit   mz: [ '2.7.0' ],
170 silly audit   nanoid: [ '3.3.11' ],
170 silly audit   'napi-postinstall': [ '0.3.4' ],
170 silly audit   'natural-compare': [ '1.4.0' ],
170 silly audit   next: [ '15.1.7' ],
170 silly audit   postcss: [ '8.4.31', '8.5.6' ],
170 silly audit   'node-exports-info': [ '1.6.0' ],
170 silly audit   'node-releases': [ '2.0.27' ],
170 silly audit   'normalize-path': [ '3.0.0' ],
170 silly audit   'object-assign': [ '4.1.1' ],
170 silly audit   'object-hash': [ '3.0.0' ],
170 silly audit   'object-inspect': [ '1.13.4' ],
170 silly audit   'object-keys': [ '1.1.1' ],
170 silly audit   'object.assign': [ '4.1.7' ],
170 silly audit   'object.entries': [ '1.1.9' ],
170 silly audit   'object.fromentries': [ '2.0.8' ],
170 silly audit   'object.groupby': [ '1.0.3' ],
170 silly audit   'object.values': [ '1.2.1' ],
170 silly audit   ohash: [ '2.0.11' ],
170 silly audit   optionator: [ '0.9.4' ],
170 silly audit   'own-keys': [ '1.0.1' ],
170 silly audit   'p-limit': [ '3.1.0' ],
170 silly audit   'p-locate': [ '5.0.0' ],
170 silly audit   'package-manager-manager': [ '0.2.0' ],
170 silly audit   'parent-module': [ '1.0.1' ],
170 silly audit   'path-exists': [ '4.0.0' ],
170 silly audit   'path-key': [ '3.1.1' ],
170 silly audit   'path-to-regexp': [ '6.3.0' ],
170 silly audit   'path-parse': [ '1.0.7' ],
170 silly audit   pathe: [ '2.0.3' ],
170 silly audit   'pcre-to-regexp': [ '1.1.0' ],
170 silly audit   pify: [ '2.3.0' ],
170 silly audit   pirates: [ '4.0.7' ],
170 silly audit   'possible-typed-array-names': [ '1.1.0' ],
170 silly audit   'postcss-import': [ '15.1.0' ],
170 silly audit   'postcss-js': [ '4.1.0' ],
170 silly audit   'postcss-load-config': [ '6.0.1' ],
170 silly audit   'postcss-nested': [ '6.2.0' ],
170 silly audit   'postcss-selector-parser': [ '6.1.2' ],
170 silly audit   'postcss-value-parser': [ '4.2.0' ],
170 silly audit   'prelude-ls': [ '1.2.1' ],
170 silly audit   'printable-characters': [ '1.0.42' ],
170 silly audit   'prop-types': [ '15.8.1' ],
170 silly audit   protobufjs: [ '7.5.4' ],
170 silly audit   punycode: [ '2.3.1' ],
170 silly audit   'qrcode.react': [ '4.2.0' ],
170 silly audit   'queue-microtask': [ '1.2.3' ],
170 silly audit   react: [ '19.2.3' ],
170 silly audit   'react-dom': [ '19.2.3' ],
170 silly audit   'react-is': [ '16.13.1' ],
170 silly audit   'react-redux': [ '9.2.0' ],
170 silly audit   'read-cache': [ '1.0.0' ],
170 silly audit   readdirp: [ '3.6.0' ],
170 silly audit   redux: [ '5.0.1' ],
170 silly audit   'redux-thunk': [ '3.1.0' ],
170 silly audit   'reflect.getprototypeof': [ '1.0.10' ],
170 silly audit   'regexp.prototype.flags': [ '1.5.4' ],
170 silly audit   reghex: [ '1.0.2' ],
170 silly audit   'require-directory': [ '2.1.1' ],
170 silly audit   reselect: [ '5.1.1' ],
170 silly audit   'resolve-pkg-maps': [ '1.0.0' ],
170 silly audit   reusify: [ '1.1.0' ],
170 silly audit   'rollup-plugin-inject': [ '3.0.2' ],
170 silly audit   'magic-string': [ '0.25.9' ],
170 silly audit   'rollup-plugin-node-polyfills': [ '0.2.1' ],
170 silly audit   'rollup-pluginutils': [ '2.8.2' ],
170 silly audit   'run-parallel': [ '1.2.0' ],
170 silly audit   'safe-array-concat': [ '1.1.3' ],
170 silly audit   'safe-buffer': [ '5.2.1' ],
170 silly audit   'safe-push-apply': [ '1.0.0' ],
170 silly audit   'safe-regex-test': [ '1.1.0' ],
170 silly audit   scheduler: [ '0.27.0' ],
170 silly audit   'set-function-length': [ '1.2.2' ],
170 silly audit   'set-function-name': [ '2.0.2' ],
170 silly audit   'set-proto': [ '1.0.0' ],
170 silly audit   sharp: [ '0.33.5' ],
170 silly audit   'shebang-command': [ '2.0.0' ],
170 silly audit   'shebang-regex': [ '3.0.0' ],
170 silly audit   shellac: [ '0.8.0' ],
170 silly audit   'side-channel': [ '1.1.0' ],
170 silly audit   'side-channel-list': [ '1.0.0' ],
170 silly audit   'side-channel-map': [ '1.0.1' ],
170 silly audit   'side-channel-weakmap': [ '1.0.2' ],
170 silly audit   'simple-swizzle': [ '0.2.4' ],
170 silly audit   'source-map': [ '0.6.1' ],
170 silly audit   'source-map-js': [ '1.2.1' ],
170 silly audit   'sourcemap-codec': [ '1.4.8' ],
170 silly audit   'stable-hash': [ '0.0.5' ],
170 silly audit   stacktracey: [ '2.1.8' ],
170 silly audit   'stop-iteration-iterator': [ '1.1.0' ],
170 silly audit   stoppable: [ '1.1.0' ],
170 silly audit   streamsearch: [ '1.1.0' ],
170 silly audit   'string.prototype.includes': [ '2.0.1' ],
170 silly audit   'string.prototype.matchall': [ '4.0.12' ],
170 silly audit   'string.prototype.repeat': [ '1.0.0' ],
170 silly audit   'string.prototype.trim': [ '1.2.10' ],
170 silly audit   'string.prototype.trimend': [ '1.0.9' ],
170 silly audit   'string.prototype.trimstart': [ '1.0.8' ],
170 silly audit   'strip-bom': [ '3.0.0' ],
170 silly audit   'strip-json-comments': [ '3.1.1' ],
170 silly audit   'styled-jsx': [ '5.1.6' ],
170 silly audit   sucrase: [ '3.35.1' ],
170 silly audit   'supports-color': [ '7.2.0' ],
170 silly audit   'supports-preserve-symlinks-flag': [ '1.0.0' ],
170 silly audit   tailwindcss: [ '3.4.19' ],
170 silly audit   thenify: [ '3.3.1' ],
170 silly audit   'thenify-all': [ '1.6.0' ],
170 silly audit   'tiny-invariant': [ '1.3.3' ],
170 silly audit   tinyglobby: [ '0.2.15' ],
170 silly audit   'to-regex-range': [ '5.0.1' ],
170 silly audit   'ts-api-utils': [ '2.4.0' ],
170 silly audit   'ts-interface-checker': [ '0.1.13' ],
170 silly audit   'tsconfig-paths': [ '3.15.0' ],
170 silly audit   json5: [ '1.0.2' ],
170 silly audit   tslib: [ '2.8.1' ],
170 silly audit   'type-check': [ '0.4.0' ],
170 silly audit   'typed-array-buffer': [ '1.0.3' ],
170 silly audit   'typed-array-byte-length': [ '1.0.3' ],
170 silly audit   'typed-array-byte-offset': [ '1.0.4' ],
170 silly audit   'typed-array-length': [ '1.0.7' ],
170 silly audit   ufo: [ '1.6.3' ],
170 silly audit   'unbox-primitive': [ '1.1.0' ],
170 silly audit   'undici-types': [ '6.21.0' ],
170 silly audit   unenv: [ '2.0.0-rc.14' ],
170 silly audit   'unrs-resolver': [ '1.11.1' ],
170 silly audit   'update-browserslist-db': [ '1.2.3' ],
170 silly audit   'uri-js': [ '4.4.1' ],
170 silly audit   'use-sync-external-store': [ '1.6.0' ],
170 silly audit   'util-deprecate': [ '1.0.2' ],
170 silly audit   'victory-vendor': [ '37.3.6' ],
170 silly audit   'websocket-driver': [ '0.7.4' ],
170 silly audit   'websocket-extensions': [ '0.1.4' ],
170 silly audit   which: [ '2.0.2' ],
170 silly audit   'which-boxed-primitive': [ '1.1.1' ],
170 silly audit   'which-builtin-type': [ '1.2.1' ],
170 silly audit   'which-collection': [ '1.0.2' ],
170 silly audit   'which-typed-array': [ '1.1.20' ],
170 silly audit   'word-wrap': [ '1.2.5' ],
170 silly audit   workerd: [ '1.20250718.0' ],
170 silly audit   wrangler: [ '3.114.17' ],
170 silly audit   ws: [ '8.18.0' ],
170 silly audit   y18n: [ '5.0.8' ],
170 silly audit   yargs: [ '17.7.2' ],
170 silly audit   'yargs-parser': [ '21.1.1' ],
170 silly audit   'yocto-queue': [ '0.1.0' ],
170 silly audit   youch: [ '3.3.4' ],
170 silly audit   zod: [ '3.22.3' ],
170 silly audit   'lucide-react': [ '0.575.0' ],
170 silly audit   recharts: [ '3.7.0' ]
170 silly audit }
171 http fetch POST 200 https://registry.npmjs.org/-/npm/v1/security/advisories/bulk 282ms
172 silly audit report {
172 silly audit report   minimatch: [
172 silly audit report     {
172 silly audit report       id: 1113546,
172 silly audit report       url: 'https://github.com/advisories/GHSA-23c5-xmqv-rm74',
172 silly audit report       title: 'minimatch ReDoS: nested *() extglobs generate catastrophically backtracking regular expressions',
172 silly audit report       severity: 'high',
172 silly audit report       vulnerable_versions: '<3.1.4',
172 silly audit report       cwe: [Array],
172 silly audit report       cvss: [Object]
172 silly audit report     }
172 silly audit report   ],
172 silly audit report   esbuild: [
172 silly audit report     {
172 silly audit report       id: 1102341,
172 silly audit report       url: 'https://github.com/advisories/GHSA-67mh-4wv8-2f99',
172 silly audit report       title: 'esbuild enables any website to send any requests to the development server and read the response',
172 silly audit report       severity: 'moderate',
172 silly audit report       vulnerable_versions: '<=0.24.2',
172 silly audit report       cwe: [Array],
172 silly audit report       cvss: [Object]
172 silly audit report     }
172 silly audit report   ],
172 silly audit report   undici: [
172 silly audit report     {
172 silly audit report       id: 1112496,
172 silly audit report       url: 'https://github.com/advisories/GHSA-g9mf-h72j-4rw9',
172 silly audit report       title: 'Undici has an unbounded decompression chain in HTTP responses on Node.js Fetch API via Content-Encoding leads to resource exhaustion',
172 silly audit report       severity: 'moderate',
172 silly audit report       vulnerable_versions: '<6.23.0',
172 silly audit report       cwe: [Array],
172 silly audit report       cvss: [Object]
172 silly audit report     }
172 silly audit report   ],
172 silly audit report   cookie: [
172 silly audit report     {
172 silly audit report       id: 1103907,
172 silly audit report       url: 'https://github.com/advisories/GHSA-pxg6-pf52-xh8x',
172 silly audit report       title: 'cookie accepts cookie name, path, and domain with out of bounds characters',
172 silly audit report       severity: 'low',
172 silly audit report       vulnerable_versions: '<0.7.0',
172 silly audit report       cwe: [Array],
172 silly audit report       cvss: [Object]
172 silly audit report     }
172 silly audit report   ],
172 silly audit report   next: [
172 silly audit report     {
172 silly audit report       id: 1105462,
172 silly audit report       url: 'https://github.com/advisories/GHSA-3h52-269p-cp9r',
172 silly audit report       title: 'Information exposure in Next.js dev server due to lack of origin verification',
172 silly audit report       severity: 'low',
172 silly audit report       vulnerable_versions: '>=15.0.0 <15.2.2',
172 silly audit report       cwe: [Array],
172 silly audit report       cvss: [Object]
172 silly audit report     },
172 silly audit report     {
172 silly audit report       id: 1105948,
172 silly audit report       url: 'https://github.com/advisories/GHSA-67rr-84xm-4c7r',
172 silly audit report       title: 'Next.JS vulnerability can lead to DoS via cache poisoning ',
172 silly audit report       severity: 'high',
172 silly audit report       vulnerable_versions: '>=15.0.4-canary.51 <15.1.8',
172 silly audit report       cwe: [Array],
172 silly audit report       cvss: [Object]
172 silly audit report     },
172 silly audit report     {
172 silly audit report       id: 1111367,
172 silly audit report       url: 'https://github.com/advisories/GHSA-9qr9-h5gf-34mp',
172 silly audit report       title: 'Next.js is vulnerable to RCE in React flight protocol',
172 silly audit report       severity: 'critical',
172 silly audit report       vulnerable_versions: '>=15.1.0-canary.0 <15.1.9',
172 silly audit report       cwe: [Array],
172 silly audit report       cvss: [Object]
172 silly audit report     },
172 silly audit report     {
172 silly audit report       id: 1111380,
172 silly audit report       url: 'https://github.com/advisories/GHSA-w37m-7fhw-fmv9',
172 silly audit report       title: 'Next Server Actions Source Code Exposure ',
172 silly audit report       severity: 'moderate',
172 silly audit report       vulnerable_versions: '>=15.1.1-canary.0 <15.1.10',
172 silly audit report       cwe: [Array],
172 silly audit report       cvss: [Object]
172 silly audit report     },
172 silly audit report     {
172 silly audit report       id: 1111389,
172 silly audit report       url: 'https://github.com/advisories/GHSA-mwv6-3258-q52c',
172 silly audit report       title: 'Next Vulnerable to Denial of Service with Server Components',
172 silly audit report       severity: 'high',
172 silly audit report       vulnerable_versions: '>=15.1.1-canary.0 <15.1.10',
172 silly audit report       cwe: [Array],
172 silly audit report       cvss: [Object]
172 silly audit report     },
172 silly audit report     {
172 silly audit report       id: 1107228,
172 silly audit report       url: 'https://github.com/advisories/GHSA-g5qg-72qw-gw5v',
172 silly audit report       title: 'Next.js Affected by Cache Key Confusion for Image Optimization API Routes',
172 silly audit report       severity: 'moderate',
172 silly audit report       vulnerable_versions: '>=15.0.0 <=15.4.4',
172 silly audit report       cwe: [Array],
172 silly audit report       cvss: [Object]
172 silly audit report     },
172 silly audit report     {
172 silly audit report       id: 1107514,
172 silly audit report       url: 'https://github.com/advisories/GHSA-xv57-4mr9-wg8v',
172 silly audit report       title: 'Next.js Content Injection Vulnerability for Image Optimization',
172 silly audit report       severity: 'moderate',
172 silly audit report       vulnerable_versions: '>=15.0.0 <=15.4.4',
172 silly audit report       cwe: [Array],
172 silly audit report       cvss: [Object]
172 silly audit report     },
172 silly audit report     {
172 silly audit report       id: 1107515,
172 silly audit report       url: 'https://github.com/advisories/GHSA-4342-x723-ch2f',
172 silly audit report       title: 'Next.js Improper Middleware Redirect Handling Leads to SSRF',
172 silly audit report       severity: 'moderate',
172 silly audit report       vulnerable_versions: '>=15.0.0-canary.0 <15.4.7',
172 silly audit report       cwe: [Array],
172 silly audit report       cvss: [Object]
172 silly audit report     },
172 silly audit report     {
172 silly audit report       id: 1108952,
172 silly audit report       url: 'https://github.com/advisories/GHSA-f82v-jwr5-mffw',
172 silly audit report       title: 'Authorization Bypass in Next.js Middleware',
172 silly audit report       severity: 'critical',
172 silly audit report       vulnerable_versions: '>=15.0.0 <15.2.3',
172 silly audit report       cwe: [Array],
172 silly audit report       cvss: [Object]
172 silly audit report     },
172 silly audit report     {
172 silly audit report       id: 1112593,
172 silly audit report       url: 'https://github.com/advisories/GHSA-9g9p-9gw9-jx7f',
172 silly audit report       title: 'Next.js self-hosted applications vulnerable to DoS via Image Optimizer remotePatterns configuration',
172 silly audit report       severity: 'moderate',
172 silly audit report       vulnerable_versions: '>=10.0.0 <15.5.10',
172 silly audit report       cwe: [Array],
172 silly audit report       cvss: [Object]
172 silly audit report     },
172 silly audit report     {
172 silly audit report       id: 1112652,
172 silly audit report       url: 'https://github.com/advisories/GHSA-h25m-26qc-wcjf',
172 silly audit report       title: 'Next.js HTTP request deserialization can lead to DoS when using insecure React Server Components',
172 silly audit report       severity: 'high',
172 silly audit report       vulnerable_versions: '>=15.1.1-canary.0 <15.1.12',
172 silly audit report       cwe: [Array],
172 silly audit report       cvss: [Object]
172 silly audit report     }
172 silly audit report   ]
172 silly audit report }
173 silly packumentCache corgi:https://registry.npmjs.org/minimatch cache-miss
174 silly packumentCache corgi:https://registry.npmjs.org/esbuild cache-miss
175 silly packumentCache corgi:https://registry.npmjs.org/undici cache-miss
176 silly packumentCache corgi:https://registry.npmjs.org/cookie cache-miss
177 silly packumentCache corgi:https://registry.npmjs.org/next cache-miss
178 http cache https://registry.npmjs.org/cookie 153ms (cache hit)
179 silly packumentCache corgi:https://registry.npmjs.org/cookie set size:23677 disposed:false
180 http cache https://registry.npmjs.org/minimatch 153ms (cache hit)
181 silly packumentCache corgi:https://registry.npmjs.org/minimatch set size:167610 disposed:false
182 http cache https://registry.npmjs.org/undici 155ms (cache hit)
183 silly packumentCache corgi:https://registry.npmjs.org/undici set size:409147 disposed:false
184 http cache https://registry.npmjs.org/esbuild 159ms (cache hit)
185 silly packumentCache corgi:https://registry.npmjs.org/esbuild set size:879341 disposed:false
186 http cache https://registry.npmjs.org/next 181ms (cache hit)
187 silly packumentCache corgi:https://registry.npmjs.org/next set size:24044849 disposed:false
188 silly packumentCache corgi:https://registry.npmjs.org/@eslint%2fconfig-array cache-miss
189 silly packumentCache corgi:https://registry.npmjs.org/@eslint%2feslintrc cache-miss
190 silly packumentCache corgi:https://registry.npmjs.org/eslint cache-miss
191 silly packumentCache corgi:https://registry.npmjs.org/eslint-plugin-import cache-miss
192 silly packumentCache corgi:https://registry.npmjs.org/eslint-plugin-jsx-a11y cache-miss
193 silly packumentCache corgi:https://registry.npmjs.org/eslint-plugin-react cache-miss
194 http cache https://registry.npmjs.org/@eslint%2fconfig-array 85ms (cache hit)
195 silly packumentCache corgi:https://registry.npmjs.org/@eslint%2fconfig-array set size:15303 disposed:false
196 http cache https://registry.npmjs.org/eslint-plugin-jsx-a11y 85ms (cache hit)
197 silly packumentCache corgi:https://registry.npmjs.org/eslint-plugin-jsx-a11y set size:108835 disposed:false
198 http cache https://registry.npmjs.org/eslint-plugin-import 86ms (cache hit)
199 silly packumentCache corgi:https://registry.npmjs.org/eslint-plugin-import set size:238396 disposed:false
200 http cache https://registry.npmjs.org/@eslint%2feslintrc 87ms (cache hit)
201 silly packumentCache corgi:https://registry.npmjs.org/@eslint%2feslintrc set size:81979 disposed:false
202 http cache https://registry.npmjs.org/eslint-plugin-react 88ms (cache hit)
203 silly packumentCache corgi:https://registry.npmjs.org/eslint-plugin-react set size:309843 disposed:false
204 http cache https://registry.npmjs.org/eslint 90ms (cache hit)
205 silly packumentCache corgi:https://registry.npmjs.org/eslint set size:1135904 disposed:false
206 silly packumentCache corgi:https://registry.npmjs.org/@cloudflare%2fnext-on-pages cache-miss
207 silly packumentCache corgi:https://registry.npmjs.org/wrangler cache-miss
208 http cache https://registry.npmjs.org/@cloudflare%2fnext-on-pages 4ms (cache hit)
209 silly packumentCache corgi:https://registry.npmjs.org/@cloudflare%2fnext-on-pages set size:722105 disposed:false
210 http cache https://registry.npmjs.org/wrangler 20ms (cache hit)
211 silly packumentCache corgi:https://registry.npmjs.org/wrangler set size:15939304 disposed:false
212 silly packumentCache corgi:https://registry.npmjs.org/miniflare cache-miss
213 http cache https://registry.npmjs.org/miniflare 10ms (cache hit)
214 silly packumentCache corgi:https://registry.npmjs.org/miniflare set size:3078741 disposed:false
215 silly REMOVE node_modules/yn
216 silly REMOVE node_modules/yauzl-promise
217 silly REMOVE node_modules/yauzl-clone
218 silly REMOVE node_modules/yauzl
219 silly REMOVE node_modules/yallist
220 silly REMOVE node_modules/xdg-portable
221 silly REMOVE node_modules/xdg-app-paths
222 silly REMOVE node_modules/wrappy
223 silly REMOVE node_modules/wrap-ansi-cjs
224 silly REMOVE node_modules/wrap-ansi-cjs/node_modules/strip-ansi
225 silly REMOVE node_modules/wrap-ansi-cjs/node_modules/string-width
226 silly REMOVE node_modules/wrap-ansi-cjs/node_modules/emoji-regex
227 silly REMOVE node_modules/wrap-ansi-cjs/node_modules/ansi-regex
228 silly REMOVE node_modules/wrap-ansi
229 silly REMOVE node_modules/wrap-ansi/node_modules/ansi-styles
230 silly REMOVE node_modules/whatwg-url
231 silly REMOVE node_modules/webidl-conversions
232 silly REMOVE node_modules/vercel
233 silly REMOVE node_modules/vercel/node_modules/readdirp
234 silly REMOVE node_modules/vercel/node_modules/chokidar
235 silly REMOVE node_modules/v8-compile-cache-lib
236 silly REMOVE node_modules/unpipe
237 silly REMOVE node_modules/universalify
238 silly REMOVE node_modules/uid-promise
239 silly REMOVE node_modules/ts-toolbelt
240 silly REMOVE node_modules/ts-morph
241 silly REMOVE node_modules/tree-kill
242 silly REMOVE node_modules/tr46
243 silly REMOVE node_modules/toidentifier
244 silly REMOVE node_modules/tinyexec
245 silly REMOVE node_modules/time-span
246 silly REMOVE node_modules/throttleit
247 silly REMOVE node_modules/tar
248 silly REMOVE node_modules/tar/node_modules/minipass
249 silly REMOVE node_modules/strip-ansi-cjs
250 silly REMOVE node_modules/strip-ansi-cjs/node_modules/ansi-regex
251 silly REMOVE node_modules/strip-ansi
252 silly REMOVE node_modules/string-width-cjs
253 silly REMOVE node_modules/string-width-cjs/node_modules/strip-ansi
254 silly REMOVE node_modules/string-width-cjs/node_modules/emoji-regex
255 silly REMOVE node_modules/string-width-cjs/node_modules/ansi-regex
256 silly REMOVE node_modules/string-width
257 silly REMOVE node_modules/stream-to-promise
258 silly REMOVE node_modules/stream-to-array
259 silly REMOVE node_modules/statuses
260 silly REMOVE node_modules/stat-mode
261 silly REMOVE node_modules/signal-exit
262 silly REMOVE node_modules/setprototypeof
263 silly REMOVE node_modules/safer-buffer
264 silly REMOVE node_modules/retry
265 silly REMOVE node_modules/require-from-string
266 silly REMOVE node_modules/raw-body
267 silly REMOVE node_modules/raw-body/node_modules/inherits
268 silly REMOVE node_modules/raw-body/node_modules/http-errors
269 silly REMOVE node_modules/promisepipe
270 silly REMOVE node_modules/pretty-ms
271 silly REMOVE node_modules/pend
272 silly REMOVE node_modules/path-to-regexp-updated
273 silly REMOVE node_modules/path-to-regexp
274 silly REMOVE node_modules/path-scurry
275 silly REMOVE node_modules/path-scurry/node_modules/lru-cache
276 silly REMOVE node_modules/path-match
277 silly REMOVE node_modules/path-match/node_modules/path-to-regexp
278 silly REMOVE node_modules/path-match/node_modules/isarray
279 silly REMOVE node_modules/path-browserify
280 silly REMOVE node_modules/parse-ms
281 silly REMOVE node_modules/package-json-from-dist
282 silly REMOVE node_modules/os-paths
283 silly REMOVE node_modules/once
284 silly REMOVE node_modules/nopt
285 silly REMOVE node_modules/node-gyp-build
286 silly REMOVE node_modules/node-fetch
287 silly REMOVE node_modules/mri
288 silly REMOVE node_modules/mkdirp
289 silly REMOVE node_modules/minizlib
290 silly REMOVE node_modules/minizlib/node_modules/minipass
291 silly REMOVE node_modules/minipass
292 silly REMOVE node_modules/micro
293 silly REMOVE node_modules/make-error
294 silly REMOVE node_modules/lru-cache
295 silly REMOVE node_modules/jsonfile
296 silly REMOVE node_modules/json-schema-to-ts
297 silly REMOVE node_modules/jose
298 silly REMOVE node_modules/jackspeak
299 silly REMOVE node_modules/is-node-process
300 silly REMOVE node_modules/is-buffer
301 silly REMOVE node_modules/inherits
302 silly REMOVE node_modules/iconv-lite
303 silly REMOVE node_modules/https-proxy-agent
304 silly REMOVE node_modules/http-errors
305 silly REMOVE node_modules/graceful-fs
306 silly REMOVE node_modules/glob
307 silly REMOVE node_modules/glob/node_modules/minimatch
308 silly REMOVE node_modules/glob/node_modules/brace-expansion
309 silly REMOVE node_modules/generic-pool
310 silly REMOVE node_modules/fs-minipass
311 silly REMOVE node_modules/fs-minipass/node_modules/minipass
312 silly REMOVE node_modules/fs-extra
313 silly REMOVE node_modules/foreground-child
314 silly REMOVE node_modules/file-uri-to-path
315 silly REMOVE node_modules/fd-slicer
316 silly REMOVE node_modules/events-intercept
317 silly REMOVE node_modules/etag
318 silly REMOVE node_modules/estree-walker
319 silly REMOVE node_modules/es-module-lexer
320 silly REMOVE node_modules/end-of-stream
321 silly REMOVE node_modules/edge-runtime
322 silly REMOVE node_modules/edge-runtime/node_modules/signal-exit
323 silly REMOVE node_modules/edge-runtime/node_modules/picocolors
324 silly REMOVE node_modules/edge-runtime/node_modules/async-listen
325 silly REMOVE node_modules/eastasianwidth
326 silly REMOVE node_modules/diff
327 silly REMOVE node_modules/depd
328 silly REMOVE node_modules/create-require
329 silly REMOVE node_modules/convert-hrtime
330 silly REMOVE node_modules/content-type
331 silly REMOVE node_modules/consola
332 silly REMOVE node_modules/code-block-writer
333 silly REMOVE node_modules/cjs-module-lexer
334 silly REMOVE node_modules/chownr
335 silly REMOVE node_modules/bytes
336 silly REMOVE node_modules/buffer-crc32
337 silly REMOVE node_modules/bindings
338 silly REMOVE node_modules/async-sema
339 silly REMOVE node_modules/async-retry
340 silly REMOVE node_modules/async-listen
341 silly REMOVE node_modules/arg
342 silly REMOVE node_modules/ansi-regex
343 silly REMOVE node_modules/agent-base
344 silly REMOVE node_modules/acorn-import-attributes
345 silly REMOVE node_modules/abbrev
346 silly REMOVE node_modules/@vercel/static-config
347 silly REMOVE node_modules/@vercel/static-config/node_modules/json-schema-traverse
348 silly REMOVE node_modules/@vercel/static-config/node_modules/ajv
349 silly REMOVE node_modules/@vercel/static-build
350 silly REMOVE node_modules/@vercel/ruby
351 silly REMOVE node_modules/@vercel/remix-builder
352 silly REMOVE node_modules/@vercel/redwood
353 silly REMOVE node_modules/@vercel/python
354 silly REMOVE node_modules/@vercel/node
355 silly REMOVE node_modules/@vercel/node/node_modules/undici
356 silly REMOVE node_modules/@vercel/node/node_modules/typescript
357 silly REMOVE node_modules/@vercel/node/node_modules/ts-node
358 silly REMOVE node_modules/@vercel/node/node_modules/node-fetch
359 silly REMOVE node_modules/@vercel/node/node_modules/esbuild-darwin-arm64
360 silly REMOVE node_modules/@vercel/node/node_modules/esbuild
361 silly REMOVE node_modules/@vercel/node/node_modules/async-listen
362 silly REMOVE node_modules/@vercel/node/node_modules/@types/node
363 silly REMOVE node_modules/@vercel/nft
364 silly REMOVE node_modules/@vercel/nft/node_modules/resolve-from
365 silly REMOVE node_modules/@vercel/next
366 silly REMOVE node_modules/@vercel/hydrogen
367 silly REMOVE node_modules/@vercel/hono
368 silly REMOVE node_modules/@vercel/go
369 silly REMOVE node_modules/@vercel/gatsby-plugin-vercel-builder
370 silly REMOVE node_modules/@vercel/gatsby-plugin-vercel-builder/node_modules/esbuild-darwin-arm64
371 silly REMOVE node_modules/@vercel/gatsby-plugin-vercel-builder/node_modules/esbuild
372 silly REMOVE node_modules/@vercel/gatsby-plugin-vercel-analytics
373 silly REMOVE node_modules/@vercel/gatsby-plugin-vercel-analytics/node_modules/web-vitals
374 silly REMOVE node_modules/@vercel/fun
375 silly REMOVE node_modules/@vercel/fun/node_modules/semver
376 silly REMOVE node_modules/@vercel/fun/node_modules/node-fetch
377 silly REMOVE node_modules/@vercel/fun/node_modules/ms
378 silly REMOVE node_modules/@vercel/fun/node_modules/debug
379 silly REMOVE node_modules/@vercel/fun/node_modules/debug/node_modules/ms
380 silly REMOVE node_modules/@vercel/express
381 silly REMOVE node_modules/@vercel/error-utils
382 silly REMOVE node_modules/@vercel/detect-agent
383 silly REMOVE node_modules/@vercel/build-utils
384 silly REMOVE node_modules/@vercel/blob
385 silly REMOVE node_modules/@tsconfig/node16
386 silly REMOVE node_modules/@tsconfig/node14
387 silly REMOVE node_modules/@tsconfig/node12
388 silly REMOVE node_modules/@tsconfig/node10
389 silly REMOVE node_modules/@ts-morph/common
390 silly REMOVE node_modules/@tootallnate/once
391 silly REMOVE node_modules/@sinclair/typebox
392 silly REMOVE node_modules/@rollup/pluginutils
393 silly REMOVE node_modules/@pkgjs/parseargs
394 silly REMOVE node_modules/@mapbox/node-pre-gyp
395 silly REMOVE node_modules/@mapbox/node-pre-gyp/node_modules/yallist
396 silly REMOVE node_modules/@mapbox/node-pre-gyp/node_modules/tar
397 silly REMOVE node_modules/@mapbox/node-pre-gyp/node_modules/semver
398 silly REMOVE node_modules/@mapbox/node-pre-gyp/node_modules/minizlib
399 silly REMOVE node_modules/@mapbox/node-pre-gyp/node_modules/chownr
400 silly REMOVE node_modules/@isaacs/fs-minipass
401 silly REMOVE node_modules/@isaacs/cliui
402 silly REMOVE node_modules/@edge-runtime/vm
403 silly REMOVE node_modules/@edge-runtime/primitives
404 silly REMOVE node_modules/@edge-runtime/ponyfill
405 silly REMOVE node_modules/@edge-runtime/node-utils
406 silly REMOVE node_modules/@edge-runtime/format
407 verbose cwd /Users/jdxblinds/Desktop/work/Kids Gate
408 verbose os Darwin 25.1.0
409 verbose node v24.11.1
410 verbose npm  v11.6.2
411 verbose exit 0
412 info ok
