0 verbose cli /usr/local/bin/node /usr/local/bin/npm
1 info using npm@11.6.2
2 info using node@v24.11.1
3 silly config load:file:/usr/local/lib/node_modules/npm/npmrc
4 silly config load:file:/Users/jdxblinds/Desktop/work/Kids Gate/.npmrc
5 silly config load:file:/Users/jdxblinds/.npmrc
6 silly config load:file:/usr/local/etc/npmrc
7 verbose title npm uninstall @tailwindcss/postcss tailwindcss
8 verbose argv "uninstall" "@tailwindcss/postcss" "tailwindcss"
9 verbose logfile logs-max:10 dir:/Users/jdxblinds/Desktop/work/Kids Gate/npm-cache/_logs/2026-02-28T22_22_04_577Z-
10 verbose logfile /Users/jdxblinds/Desktop/work/Kids Gate/npm-cache/_logs/2026-02-28T22_22_04_577Z-debug-0.log
11 silly logfile start cleaning logs, removing 1 files
12 silly packumentCache heap:4496293888 maxSize:1124073472 maxEntrySize:562036736
13 silly logfile done cleaning log files
14 silly idealTree buildDeps
15 silly reify mark retired [
15 silly reify   '/Users/jdxblinds/Desktop/work/Kids Gate/node_modules/@alloc/quick-lru'
15 silly reify ]
16 silly reify mark retired [ '/Users/jdxblinds/Desktop/work/Kids Gate/node_modules/@emnapi/core' ]
17 silly reify mark retired [
17 silly reify   '/Users/jdxblinds/Desktop/work/Kids Gate/node_modules/@emnapi/wasi-threads'
17 silly reify ]
18 silly reify mark retired [
18 silly reify   '/Users/jdxblinds/Desktop/work/Kids Gate/node_modules/@jridgewell/gen-mapping'
18 silly reify ]
19 silly reify mark retired [
19 silly reify   '/Users/jdxblinds/Desktop/work/Kids Gate/node_modules/@jridgewell/remapping'
19 silly reify ]
20 silly reify mark retired [
20 silly reify   '/Users/jdxblinds/Desktop/work/Kids Gate/node_modules/@jridgewell/trace-mapping'
20 silly reify ]
21 silly reify mark retired [
21 silly reify   '/Users/jdxblinds/Desktop/work/Kids Gate/node_modules/@napi-rs/wasm-runtime'
21 silly reify ]
22 silly reify mark retired [
22 silly reify   '/Users/jdxblinds/Desktop/work/Kids Gate/node_modules/@tailwindcss/node'
22 silly reify ]
23 silly reify mark retired [
23 silly reify   '/Users/jdxblinds/Desktop/work/Kids Gate/node_modules/@tailwindcss/oxide'
23 silly reify ]
24 silly reify mark retired [
24 silly reify   '/Users/jdxblinds/Desktop/work/Kids Gate/node_modules/@tailwindcss/oxide-darwin-arm64'
24 silly reify ]
25 silly reify mark retired [
25 silly reify   '/Users/jdxblinds/Desktop/work/Kids Gate/node_modules/@tailwindcss/postcss'
25 silly reify ]
26 silly reify mark retired [
26 silly reify   '/Users/jdxblinds/Desktop/work/Kids Gate/node_modules/@tybys/wasm-util'
26 silly reify ]
27 silly reify mark retired [
27 silly reify   '/Users/jdxblinds/Desktop/work/Kids Gate/node_modules/enhanced-resolve'
27 silly reify ]
28 silly reify mark retired [
28 silly reify   '/Users/jdxblinds/Desktop/work/Kids Gate/node_modules/jiti',
28 silly reify   '/Users/jdxblinds/Desktop/work/Kids Gate/node_modules/.bin/jiti'
28 silly reify ]
29 silly reify mark retired [ '/Users/jdxblinds/Desktop/work/Kids Gate/node_modules/lightningcss' ]
30 silly reify mark retired [
30 silly reify   '/Users/jdxblinds/Desktop/work/Kids Gate/node_modules/lightningcss-darwin-arm64'
30 silly reify ]
31 silly reify mark retired [ '/Users/jdxblinds/Desktop/work/Kids Gate/node_modules/magic-string' ]
32 silly reify mark retired [ '/Users/jdxblinds/Desktop/work/Kids Gate/node_modules/tailwindcss' ]
33 silly reify mark retired [ '/Users/jdxblinds/Desktop/work/Kids Gate/node_modules/tapable' ]
34 silly reify moves {
34 silly reify   '/Users/jdxblinds/Desktop/work/Kids Gate/node_modules/@alloc/quick-lru': '/Users/jdxblinds/Desktop/work/Kids Gate/node_modules/@alloc/.quick-lru-NW47o8Sz',
34 silly reify   '/Users/jdxblinds/Desktop/work/Kids Gate/node_modules/@emnapi/core': '/Users/jdxblinds/Desktop/work/Kids Gate/node_modules/@emnapi/.core-4ePReI7u',
34 silly reify   '/Users/jdxblinds/Desktop/work/Kids Gate/node_modules/@emnapi/wasi-threads': '/Users/jdxblinds/Desktop/work/Kids Gate/node_modules/@emnapi/.wasi-threads-JOgxYueZ',
34 silly reify   '/Users/jdxblinds/Desktop/work/Kids Gate/node_modules/@jridgewell/gen-mapping': '/Users/jdxblinds/Desktop/work/Kids Gate/node_modules/@jridgewell/.gen-mapping-VzvW4xic',
34 silly reify   '/Users/jdxblinds/Desktop/work/Kids Gate/node_modules/@jridgewell/remapping': '/Users/jdxblinds/Desktop/work/Kids Gate/node_modules/@jridgewell/.remapping-PSKr0hVa',
34 silly reify   '/Users/jdxblinds/Desktop/work/Kids Gate/node_modules/@jridgewell/trace-mapping': '/Users/jdxblinds/Desktop/work/Kids Gate/node_modules/@jridgewell/.trace-mapping-l2EG3vSe',
34 silly reify   '/Users/jdxblinds/Desktop/work/Kids Gate/node_modules/@napi-rs/wasm-runtime': '/Users/jdxblinds/Desktop/work/Kids Gate/node_modules/@napi-rs/.wasm-runtime-5VSBYdnO',
34 silly reify   '/Users/jdxblinds/Desktop/work/Kids Gate/node_modules/@tailwindcss/node': '/Users/jdxblinds/Desktop/work/Kids Gate/node_modules/@tailwindcss/.node-Yqn6H5hA',
34 silly reify   '/Users/jdxblinds/Desktop/work/Kids Gate/node_modules/@tailwindcss/oxide': '/Users/jdxblinds/Desktop/work/Kids Gate/node_modules/@tailwindcss/.oxide-lW6X1kGW',
34 silly reify   '/Users/jdxblinds/Desktop/work/Kids Gate/node_modules/@tailwindcss/oxide-darwin-arm64': '/Users/jdxblinds/Desktop/work/Kids Gate/node_modules/@tailwindcss/.oxide-darwin-arm64-oq4ylRxZ',
34 silly reify   '/Users/jdxblinds/Desktop/work/Kids Gate/node_modules/@tailwindcss/postcss': '/Users/jdxblinds/Desktop/work/Kids Gate/node_modules/@tailwindcss/.postcss-ZXOh6kfS',
34 silly reify   '/Users/jdxblinds/Desktop/work/Kids Gate/node_modules/@tybys/wasm-util': '/Users/jdxblinds/Desktop/work/Kids Gate/node_modules/@tybys/.wasm-util-uxT4TFdV',
34 silly reify   '/Users/jdxblinds/Desktop/work/Kids Gate/node_modules/enhanced-resolve': '/Users/jdxblinds/Desktop/work/Kids Gate/node_modules/.enhanced-resolve-xs9sSWiw',
34 silly reify   '/Users/jdxblinds/Desktop/work/Kids Gate/node_modules/jiti': '/Users/jdxblinds/Desktop/work/Kids Gate/node_modules/.jiti-O8d4BZsf',
34 silly reify   '/Users/jdxblinds/Desktop/work/Kids Gate/node_modules/.bin/jiti': '/Users/jdxblinds/Desktop/work/Kids Gate/node_modules/.bin/.jiti-sDtE1X4G',
34 silly reify   '/Users/jdxblinds/Desktop/work/Kids Gate/node_modules/lightningcss': '/Users/jdxblinds/Desktop/work/Kids Gate/node_modules/.lightningcss-mgIwjDhE',
34 silly reify   '/Users/jdxblinds/Desktop/work/Kids Gate/node_modules/lightningcss-darwin-arm64': '/Users/jdxblinds/Desktop/work/Kids Gate/node_modules/.lightningcss-darwin-arm64-4eiXZ795',
34 silly reify   '/Users/jdxblinds/Desktop/work/Kids Gate/node_modules/magic-string': '/Users/jdxblinds/Desktop/work/Kids Gate/node_modules/.magic-string-Qxl1DMnn',
34 silly reify   '/Users/jdxblinds/Desktop/work/Kids Gate/node_modules/tailwindcss': '/Users/jdxblinds/Desktop/work/Kids Gate/node_modules/.tailwindcss-wi9swweU',
34 silly reify   '/Users/jdxblinds/Desktop/work/Kids Gate/node_modules/tapable': '/Users/jdxblinds/Desktop/work/Kids Gate/node_modules/.tapable-nqxzondj'
34 silly reify }
35 silly audit bulk request {
35 silly audit   '@cloudflare/kv-asset-handler': [ '0.3.4' ],
35 silly audit   '@cloudflare/next-on-pages': [ '1.13.16' ],
35 silly audit   chalk: [ '5.6.2', '4.1.2' ],
35 silly audit   semver: [ '7.7.4', '7.5.4', '6.3.1' ],
35 silly audit   '@cloudflare/unenv-preset': [ '2.0.2' ],
35 silly audit   '@cloudflare/workerd-darwin-64': [ '1.20250718.0' ],
35 silly audit   '@cloudflare/workerd-darwin-arm64': [ '1.20250718.0' ],
35 silly audit   '@cloudflare/workerd-linux-64': [ '1.20250718.0' ],
35 silly audit   '@cloudflare/workerd-linux-arm64': [ '1.20250718.0' ],
35 silly audit   '@cloudflare/workerd-windows-64': [ '1.20250718.0' ],
35 silly audit   '@cloudflare/workers-types': [ '4.20260228.1' ],
35 silly audit   '@cspotcode/source-map-support': [ '0.8.1' ],
35 silly audit   '@jridgewell/trace-mapping': [ '0.3.9' ],
35 silly audit   '@edge-runtime/format': [ '2.2.1' ],
35 silly audit   '@edge-runtime/node-utils': [ '2.3.0' ],
35 silly audit   '@edge-runtime/ponyfill': [ '2.4.2' ],
35 silly audit   '@edge-runtime/primitives': [ '4.1.0' ],
35 silly audit   '@edge-runtime/vm': [ '3.2.0' ],
35 silly audit   '@emnapi/core': [ '1.8.1' ],
35 silly audit   '@emnapi/runtime': [ '1.8.1' ],
35 silly audit   '@emnapi/wasi-threads': [ '1.1.0' ],
35 silly audit   '@esbuild-plugins/node-globals-polyfill': [ '0.2.3' ],
35 silly audit   '@esbuild-plugins/node-modules-polyfill': [ '0.2.2' ],
35 silly audit   '@esbuild/android-arm': [ '0.15.18', '0.17.19' ],
35 silly audit   '@esbuild/android-arm64': [ '0.17.19' ],
35 silly audit   '@esbuild/android-x64': [ '0.17.19' ],
35 silly audit   '@esbuild/darwin-arm64': [ '0.17.19' ],
35 silly audit   '@esbuild/darwin-x64': [ '0.17.19' ],
35 silly audit   '@esbuild/freebsd-arm64': [ '0.17.19' ],
35 silly audit   '@esbuild/freebsd-x64': [ '0.17.19' ],
35 silly audit   '@esbuild/linux-arm': [ '0.17.19' ],
35 silly audit   '@esbuild/linux-arm64': [ '0.17.19' ],
35 silly audit   '@esbuild/linux-ia32': [ '0.17.19' ],
35 silly audit   '@esbuild/linux-loong64': [ '0.15.18', '0.17.19' ],
35 silly audit   '@esbuild/linux-mips64el': [ '0.17.19' ],
35 silly audit   '@esbuild/linux-ppc64': [ '0.17.19' ],
35 silly audit   '@esbuild/linux-riscv64': [ '0.17.19' ],
35 silly audit   '@esbuild/linux-s390x': [ '0.17.19' ],
35 silly audit   '@esbuild/linux-x64': [ '0.17.19' ],
35 silly audit   '@esbuild/netbsd-x64': [ '0.17.19' ],
35 silly audit   '@esbuild/openbsd-x64': [ '0.17.19' ],
35 silly audit   '@esbuild/sunos-x64': [ '0.17.19' ],
35 silly audit   '@esbuild/win32-arm64': [ '0.17.19' ],
35 silly audit   '@esbuild/win32-ia32': [ '0.17.19' ],
35 silly audit   '@esbuild/win32-x64': [ '0.17.19' ],
35 silly audit   '@eslint-community/eslint-utils': [ '4.9.1' ],
35 silly audit   'eslint-visitor-keys': [ '3.4.3', '5.0.1', '4.2.1' ],
35 silly audit   '@eslint-community/regexpp': [ '4.12.2' ],
35 silly audit   '@eslint/config-array': [ '0.21.1' ],
35 silly audit   '@eslint/config-helpers': [ '0.4.2' ],
35 silly audit   '@eslint/core': [ '0.17.0' ],
35 silly audit   '@eslint/eslintrc': [ '3.3.3' ],
35 silly audit   '@eslint/js': [ '9.39.3' ],
35 silly audit   '@eslint/object-schema': [ '2.1.7' ],
35 silly audit   '@eslint/plugin-kit': [ '0.4.1' ],
35 silly audit   '@fastify/busboy': [ '2.1.1' ],
35 silly audit   '@firebase/ai': [ '1.4.1' ],
35 silly audit   '@firebase/analytics': [ '0.10.17' ],
35 silly audit   '@firebase/analytics-compat': [ '0.2.23' ],
35 silly audit   '@firebase/analytics-types': [ '0.8.3' ],
35 silly audit   '@firebase/app': [ '0.13.2' ],
35 silly audit   '@firebase/app-check': [ '0.10.1' ],
35 silly audit   '@firebase/app-check-compat': [ '0.3.26' ],
35 silly audit   '@firebase/app-check-interop-types': [ '0.3.3' ],
35 silly audit   '@firebase/app-check-types': [ '0.5.3' ],
35 silly audit   '@firebase/app-compat': [ '0.4.2' ],
35 silly audit   '@firebase/app-types': [ '0.9.3' ],
35 silly audit   '@firebase/auth': [ '1.10.8' ],
35 silly audit   '@firebase/auth-compat': [ '0.5.28' ],
35 silly audit   '@firebase/auth-interop-types': [ '0.2.4' ],
35 silly audit   '@firebase/auth-types': [ '0.13.0' ],
35 silly audit   '@firebase/component': [ '0.6.18' ],
35 silly audit   '@firebase/data-connect': [ '0.3.10' ],
35 silly audit   '@firebase/database': [ '1.0.20' ],
35 silly audit   '@firebase/database-compat': [ '2.0.11' ],
35 silly audit   '@firebase/database-types': [ '1.0.15' ],
35 silly audit   '@firebase/firestore': [ '4.8.0' ],
35 silly audit   '@firebase/firestore-compat': [ '0.3.53' ],
35 silly audit   '@firebase/firestore-types': [ '3.0.3' ],
35 silly audit   '@firebase/functions': [ '0.12.9' ],
35 silly audit   '@firebase/functions-compat': [ '0.3.26' ],
35 silly audit   '@firebase/functions-types': [ '0.6.3' ],
35 silly audit   '@firebase/installations': [ '0.6.18' ],
35 silly audit   '@firebase/installations-compat': [ '0.2.18' ],
35 silly audit   '@firebase/installations-types': [ '0.5.3' ],
35 silly audit   '@firebase/logger': [ '0.4.4' ],
35 silly audit   '@firebase/messaging': [ '0.12.22' ],
35 silly audit   '@firebase/messaging-compat': [ '0.2.22' ],
35 silly audit   '@firebase/messaging-interop-types': [ '0.2.3' ],
35 silly audit   '@firebase/performance': [ '0.7.7' ],
35 silly audit   '@firebase/performance-compat': [ '0.2.20' ],
35 silly audit   '@firebase/performance-types': [ '0.2.3' ],
35 silly audit   '@firebase/remote-config': [ '0.6.5' ],
35 silly audit   '@firebase/remote-config-compat': [ '0.2.18' ],
35 silly audit   '@firebase/remote-config-types': [ '0.4.0' ],
35 silly audit   '@firebase/storage': [ '0.13.14' ],
35 silly audit   '@firebase/storage-compat': [ '0.3.24' ],
35 silly audit   '@firebase/storage-types': [ '0.8.3' ],
35 silly audit   '@firebase/util': [ '1.12.1' ],
35 silly audit   '@firebase/webchannel-wrapper': [ '1.0.3' ],
35 silly audit   '@grpc/grpc-js': [ '1.9.15' ],
35 silly audit   '@grpc/proto-loader': [ '0.7.15' ],
35 silly audit   '@humanfs/core': [ '0.19.1' ],
35 silly audit   '@humanfs/node': [ '0.16.7' ],
35 silly audit   '@humanwhocodes/module-importer': [ '1.0.1' ],
35 silly audit   '@humanwhocodes/retry': [ '0.4.3' ],
35 silly audit   '@img/sharp-darwin-arm64': [ '0.33.5' ],
35 silly audit   '@img/sharp-darwin-x64': [ '0.33.5' ],
35 silly audit   '@img/sharp-libvips-darwin-arm64': [ '1.0.4' ],
35 silly audit   '@img/sharp-libvips-darwin-x64': [ '1.0.4' ],
35 silly audit   '@img/sharp-libvips-linux-arm': [ '1.0.5' ],
35 silly audit   '@img/sharp-libvips-linux-arm64': [ '1.0.4' ],
35 silly audit   '@img/sharp-libvips-linux-s390x': [ '1.0.4' ],
35 silly audit   '@img/sharp-libvips-linux-x64': [ '1.0.4' ],
35 silly audit   '@img/sharp-libvips-linuxmusl-arm64': [ '1.0.4' ],
35 silly audit   '@img/sharp-libvips-linuxmusl-x64': [ '1.0.4' ],
35 silly audit   '@img/sharp-linux-arm': [ '0.33.5' ],
35 silly audit   '@img/sharp-linux-arm64': [ '0.33.5' ],
35 silly audit   '@img/sharp-linux-s390x': [ '0.33.5' ],
35 silly audit   '@img/sharp-linux-x64': [ '0.33.5' ],
35 silly audit   '@img/sharp-linuxmusl-arm64': [ '0.33.5' ],
35 silly audit   '@img/sharp-linuxmusl-x64': [ '0.33.5' ],
35 silly audit   '@img/sharp-wasm32': [ '0.33.5' ],
35 silly audit   '@img/sharp-win32-ia32': [ '0.33.5' ],
35 silly audit   '@img/sharp-win32-x64': [ '0.33.5' ],
35 silly audit   '@isaacs/cliui': [ '8.0.2' ],
35 silly audit   '@isaacs/fs-minipass': [ '4.0.1' ],
35 silly audit   '@jridgewell/resolve-uri': [ '3.1.2' ],
35 silly audit   '@jridgewell/sourcemap-codec': [ '1.5.5' ],
35 silly audit   '@mapbox/node-pre-gyp': [ '2.0.3' ],
35 silly audit   chownr: [ '3.0.0', '2.0.0' ],
35 silly audit   minizlib: [ '3.1.0', '2.1.2' ],
35 silly audit   tar: [ '7.5.9', '6.2.1' ],
35 silly audit   yallist: [ '5.0.0', '4.0.0' ],
35 silly audit   '@napi-rs/wasm-runtime': [ '0.2.12' ],
35 silly audit   '@next/env': [ '15.1.7' ],
35 silly audit   '@next/eslint-plugin-next': [ '15.1.7' ],
35 silly audit   '@next/swc-darwin-arm64': [ '15.1.7' ],
35 silly audit   '@next/swc-darwin-x64': [ '15.1.7' ],
35 silly audit   '@next/swc-linux-arm64-gnu': [ '15.1.7' ],
35 silly audit   '@next/swc-linux-arm64-musl': [ '15.1.7' ],
35 silly audit   '@next/swc-linux-x64-gnu': [ '15.1.7' ],
35 silly audit   '@next/swc-linux-x64-musl': [ '15.1.7' ],
35 silly audit   '@next/swc-win32-arm64-msvc': [ '15.1.7' ],
35 silly audit   '@next/swc-win32-x64-msvc': [ '15.1.7' ],
35 silly audit   '@nodelib/fs.scandir': [ '2.1.5' ],
35 silly audit   '@nodelib/fs.stat': [ '2.0.5' ],
35 silly audit   '@nodelib/fs.walk': [ '1.2.8' ],
35 silly audit   '@nolyfill/is-core-module': [ '1.0.39' ],
35 silly audit   '@pkgjs/parseargs': [ '0.11.0' ],
35 silly audit   '@protobufjs/aspromise': [ '1.1.2' ],
35 silly audit   '@protobufjs/base64': [ '1.1.2' ],
35 silly audit   '@protobufjs/codegen': [ '2.0.4' ],
35 silly audit   '@protobufjs/eventemitter': [ '1.1.0' ],
35 silly audit   '@protobufjs/fetch': [ '1.1.0' ],
35 silly audit   '@protobufjs/float': [ '1.0.2' ],
35 silly audit   '@protobufjs/inquire': [ '1.1.0' ],
35 silly audit   '@protobufjs/path': [ '1.1.2' ],
35 silly audit   '@protobufjs/pool': [ '1.1.0' ],
35 silly audit   '@protobufjs/utf8': [ '1.1.0' ],
35 silly audit   '@reduxjs/toolkit': [ '2.11.2' ],
35 silly audit   immer: [ '11.1.4', '10.2.0' ],
35 silly audit   '@rollup/pluginutils': [ '5.3.0' ],
35 silly audit   '@rtsao/scc': [ '1.1.0' ],
35 silly audit   '@rushstack/eslint-patch': [ '1.16.1' ],
35 silly audit   '@sinclair/typebox': [ '0.25.24' ],
35 silly audit   '@standard-schema/spec': [ '1.1.0' ],
35 silly audit   '@standard-schema/utils': [ '0.3.0' ],
35 silly audit   '@swc/counter': [ '0.1.3' ],
35 silly audit   '@swc/helpers': [ '0.5.15' ],
35 silly audit   '@tootallnate/once': [ '2.0.0' ],
35 silly audit   '@ts-morph/common': [ '0.11.1' ],
35 silly audit   '@tsconfig/node10': [ '1.0.12' ],
35 silly audit   '@tsconfig/node12': [ '1.0.11' ],
35 silly audit   '@tsconfig/node14': [ '1.0.3' ],
35 silly audit   '@tsconfig/node16': [ '1.0.4' ],
35 silly audit   '@tybys/wasm-util': [ '0.10.1' ],
35 silly audit   '@types/d3-array': [ '3.2.2' ],
35 silly audit   '@types/d3-color': [ '3.1.3' ],
35 silly audit   '@types/d3-ease': [ '3.0.2' ],
35 silly audit   '@types/d3-interpolate': [ '3.0.4' ],
35 silly audit   '@types/d3-path': [ '3.1.1' ],
35 silly audit   '@types/d3-scale': [ '4.0.9' ],
35 silly audit   '@types/d3-shape': [ '3.1.8' ],
35 silly audit   '@types/d3-time': [ '3.0.4' ],
35 silly audit   '@types/d3-timer': [ '3.0.2' ],
35 silly audit   '@types/estree': [ '1.0.8' ],
35 silly audit   '@types/json-schema': [ '7.0.15' ],
35 silly audit   '@types/json5': [ '0.0.29' ],
35 silly audit   '@types/node': [ '20.19.33', '16.18.11' ],
35 silly audit   '@types/react': [ '19.2.14' ],
35 silly audit   '@types/react-dom': [ '19.2.3' ],
35 silly audit   '@types/use-sync-external-store': [ '0.0.6' ],
35 silly audit   '@typescript-eslint/eslint-plugin': [ '8.56.1' ],
35 silly audit   ignore: [ '7.0.5', '5.3.2' ],
35 silly audit   '@typescript-eslint/parser': [ '8.56.1' ],
35 silly audit   '@typescript-eslint/project-service': [ '8.56.1' ],
35 silly audit   '@typescript-eslint/scope-manager': [ '8.56.1' ],
35 silly audit   '@typescript-eslint/tsconfig-utils': [ '8.56.1' ],
35 silly audit   '@typescript-eslint/type-utils': [ '8.56.1' ],
35 silly audit   '@typescript-eslint/types': [ '8.56.1' ],
35 silly audit   '@typescript-eslint/typescript-estree': [ '8.56.1' ],
35 silly audit   'balanced-match': [ '4.0.4', '1.0.2' ],
35 silly audit   'brace-expansion': [ '5.0.4', '1.1.12', '2.0.2' ],
35 silly audit   minimatch: [ '10.2.4', '9.0.9', '3.1.3' ],
35 silly audit   '@typescript-eslint/utils': [ '8.56.1' ],
35 silly audit   '@typescript-eslint/visitor-keys': [ '8.56.1' ],
35 silly audit   '@unrs/resolver-binding-android-arm-eabi': [ '1.11.1' ],
35 silly audit   '@unrs/resolver-binding-android-arm64': [ '1.11.1' ],
35 silly audit   '@unrs/resolver-binding-darwin-arm64': [ '1.11.1' ],
35 silly audit   '@unrs/resolver-binding-darwin-x64': [ '1.11.1' ],
35 silly audit   '@unrs/resolver-binding-freebsd-x64': [ '1.11.1' ],
35 silly audit   '@unrs/resolver-binding-linux-arm-gnueabihf': [ '1.11.1' ],
35 silly audit   '@unrs/resolver-binding-linux-arm-musleabihf': [ '1.11.1' ],
35 silly audit   '@unrs/resolver-binding-linux-arm64-gnu': [ '1.11.1' ],
35 silly audit   '@unrs/resolver-binding-linux-arm64-musl': [ '1.11.1' ],
35 silly audit   '@unrs/resolver-binding-linux-ppc64-gnu': [ '1.11.1' ],
35 silly audit   '@unrs/resolver-binding-linux-riscv64-gnu': [ '1.11.1' ],
35 silly audit   '@unrs/resolver-binding-linux-riscv64-musl': [ '1.11.1' ],
35 silly audit   '@unrs/resolver-binding-linux-s390x-gnu': [ '1.11.1' ],
35 silly audit   '@unrs/resolver-binding-linux-x64-gnu': [ '1.11.1' ],
35 silly audit   '@unrs/resolver-binding-linux-x64-musl': [ '1.11.1' ],
35 silly audit   '@unrs/resolver-binding-wasm32-wasi': [ '1.11.1' ],
35 silly audit   '@unrs/resolver-binding-win32-arm64-msvc': [ '1.11.1' ],
35 silly audit   '@unrs/resolver-binding-win32-ia32-msvc': [ '1.11.1' ],
35 silly audit   '@unrs/resolver-binding-win32-x64-msvc': [ '1.11.1' ],
35 silly audit   '@vercel/blob': [ '1.0.2' ],
35 silly audit   '@vercel/build-utils': [ '12.1.0' ],
35 silly audit   '@vercel/detect-agent': [ '0.2.0' ],
35 silly audit   '@vercel/error-utils': [ '2.0.3' ],
35 silly audit   '@vercel/express': [ '0.0.13' ],
35 silly audit   '@vercel/fun': [ '1.1.6' ],
35 silly audit   debug: [ '4.3.4', '4.4.3', '3.2.7' ],
35 silly audit   ms: [ '2.1.2', '2.1.1', '2.1.3' ],
35 silly audit   'node-fetch': [ '2.6.7', '2.6.9', '2.7.0' ],
35 silly audit   '@vercel/gatsby-plugin-vercel-analytics': [ '1.0.11' ],
35 silly audit   'web-vitals': [ '0.2.4', '4.2.4' ],
35 silly audit   '@vercel/gatsby-plugin-vercel-builder': [ '2.0.95' ],
35 silly audit   esbuild: [ '0.14.47', '0.15.18', '0.17.19' ],
35 silly audit   'esbuild-android-64': [ '0.14.47', '0.15.18' ],
35 silly audit   'esbuild-android-arm64': [ '0.14.47', '0.15.18' ],
35 silly audit   'esbuild-darwin-64': [ '0.14.47', '0.15.18' ],
35 silly audit   'esbuild-darwin-arm64': [ '0.14.47', '0.15.18' ],
35 silly audit   'esbuild-freebsd-64': [ '0.14.47', '0.15.18' ],
35 silly audit   'esbuild-freebsd-arm64': [ '0.14.47', '0.15.18' ],
35 silly audit   'esbuild-linux-32': [ '0.14.47', '0.15.18' ],
35 silly audit   'esbuild-linux-64': [ '0.14.47', '0.15.18' ],
35 silly audit   'esbuild-linux-arm': [ '0.14.47', '0.15.18' ],
35 silly audit   'esbuild-linux-arm64': [ '0.14.47', '0.15.18' ],
35 silly audit   'esbuild-linux-mips64le': [ '0.14.47', '0.15.18' ],
35 silly audit   'esbuild-linux-ppc64le': [ '0.14.47', '0.15.18' ],
35 silly audit   'esbuild-linux-riscv64': [ '0.14.47', '0.15.18' ],
35 silly audit   'esbuild-linux-s390x': [ '0.14.47', '0.15.18' ],
35 silly audit   'esbuild-netbsd-64': [ '0.14.47', '0.15.18' ],
35 silly audit   'esbuild-openbsd-64': [ '0.14.47', '0.15.18' ],
35 silly audit   'esbuild-sunos-64': [ '0.14.47', '0.15.18' ],
35 silly audit   'esbuild-windows-32': [ '0.14.47', '0.15.18' ],
35 silly audit   'esbuild-windows-64': [ '0.14.47', '0.15.18' ],
35 silly audit   'esbuild-windows-arm64': [ '0.14.47', '0.15.18' ],
35 silly audit   '@vercel/go': [ '3.2.3' ],
35 silly audit   '@vercel/hono': [ '0.0.21' ],
35 silly audit   '@vercel/hydrogen': [ '1.2.4' ],
35 silly audit   '@vercel/next': [ '4.12.4' ],
35 silly audit   '@vercel/nft': [ '0.30.1' ],
35 silly audit   'resolve-from': [ '5.0.0', '4.0.0' ],
35 silly audit   '@vercel/node': [ '5.3.20' ],
35 silly audit   'async-listen': [ '3.0.0', '1.2.0', '3.0.1' ],
35 silly audit   'ts-node': [ '10.9.1' ],
35 silly audit   typescript: [ '4.9.5', '5.9.3' ],
35 silly audit   undici: [ '5.28.4', '5.29.0' ],
35 silly audit   '@vercel/python': [ '5.0.0' ],
35 silly audit   '@vercel/redwood': [ '2.3.6' ],
35 silly audit   '@vercel/remix-builder': [ '5.4.12' ],
35 silly audit   '@vercel/ruby': [ '2.2.1' ],
35 silly audit   '@vercel/static-build': [ '2.7.22' ],
35 silly audit   '@vercel/static-config': [ '3.1.2' ],
35 silly audit   ajv: [ '8.6.3', '6.14.0' ],
35 silly audit   'json-schema-traverse': [ '1.0.0', '0.4.1' ],
35 silly audit   abbrev: [ '3.0.1' ],
35 silly audit   acorn: [ '8.16.0', '8.14.0' ],
35 silly audit   'acorn-import-attributes': [ '1.9.5' ],
35 silly audit   'acorn-jsx': [ '5.3.2' ],
35 silly audit   'acorn-walk': [ '8.3.2' ],
35 silly audit   'agent-base': [ '7.1.4' ],
35 silly audit   'ansi-regex': [ '6.2.2', '5.0.1' ],
35 silly audit   'ansi-styles': [ '4.3.0', '6.2.3' ],
35 silly audit   'any-promise': [ '1.3.0' ],
35 silly audit   anymatch: [ '3.1.3' ],
35 silly audit   picomatch: [ '2.3.1', '4.0.3' ],
35 silly audit   arg: [ '4.1.0' ],
35 silly audit   argparse: [ '2.0.1' ],
35 silly audit   'aria-query': [ '5.3.2' ],
35 silly audit   'array-buffer-byte-length': [ '1.0.2' ],
35 silly audit   'array-includes': [ '3.1.9' ],
35 silly audit   'array.prototype.findlast': [ '1.2.5' ],
35 silly audit   'array.prototype.findlastindex': [ '1.2.6' ],
35 silly audit   'array.prototype.flat': [ '1.3.3' ],
35 silly audit   'array.prototype.flatmap': [ '1.3.3' ],
35 silly audit   'array.prototype.tosorted': [ '1.1.4' ],
35 silly audit   'arraybuffer.prototype.slice': [ '1.0.4' ],
35 silly audit   'as-table': [ '1.0.55' ],
35 silly audit   'ast-types': [ '0.14.2' ],
35 silly audit   'ast-types-flow': [ '0.0.8' ],
35 silly audit   'async-function': [ '1.0.0' ],
35 silly audit   'async-retry': [ '1.3.3' ],
35 silly audit   'async-sema': [ '3.1.1' ],
35 silly audit   autoprefixer: [ '10.4.27' ],
35 silly audit   'available-typed-arrays': [ '1.0.7' ],
35 silly audit   'axe-core': [ '4.11.1' ],
35 silly audit   'axobject-query': [ '4.1.0' ],
35 silly audit   'baseline-browser-mapping': [ '2.10.0' ],
35 silly audit   'binary-extensions': [ '2.3.0' ],
35 silly audit   bindings: [ '1.5.0' ],
35 silly audit   'blake3-wasm': [ '2.1.5' ],
35 silly audit   braces: [ '3.0.3' ],
35 silly audit   browserslist: [ '4.28.1' ],
35 silly audit   'buffer-crc32': [ '0.2.13' ],
35 silly audit   busboy: [ '1.6.0' ],
35 silly audit   bytes: [ '3.1.0' ],
35 silly audit   'call-bind': [ '1.0.8' ],
35 silly audit   'call-bind-apply-helpers': [ '1.0.2' ],
35 silly audit   'call-bound': [ '1.0.4' ],
35 silly audit   callsites: [ '3.1.0' ],
35 silly audit   'caniuse-lite': [ '1.0.30001774' ],
35 silly audit   chokidar: [ '3.6.0', '4.0.0' ],
35 silly audit   'glob-parent': [ '5.1.2', '6.0.2' ],
35 silly audit   'cjs-module-lexer': [ '1.2.3' ],
35 silly audit   'client-only': [ '0.0.1' ],
35 silly audit   cliui: [ '8.0.1' ],
35 silly audit   'emoji-regex': [ '8.0.0', '9.2.2' ],
35 silly audit   'string-width': [ '4.2.3', '5.1.2' ],
35 silly audit   'strip-ansi': [ '6.0.1', '7.1.2' ],
35 silly audit   'wrap-ansi': [ '7.0.0', '8.1.0' ],
35 silly audit   clsx: [ '2.1.1' ],
35 silly audit   'code-block-writer': [ '10.1.1' ],
35 silly audit   color: [ '4.2.3' ],
35 silly audit   'color-convert': [ '2.0.1' ],
35 silly audit   'color-name': [ '1.1.4' ],
35 silly audit   'color-string': [ '1.9.1' ],
35 silly audit   commander: [ '11.1.0' ],
35 silly audit   'concat-map': [ '0.0.1' ],
35 silly audit   consola: [ '3.4.2' ],
35 silly audit   'content-type': [ '1.0.4' ],
35 silly audit   'convert-hrtime': [ '3.0.0' ],
35 silly audit   cookie: [ '0.5.0', '0.7.2' ],
35 silly audit   'create-require': [ '1.1.1' ],
35 silly audit   'cross-spawn': [ '7.0.6' ],
35 silly audit   csstype: [ '3.2.3' ],
35 silly audit   'd3-array': [ '3.2.4' ],
35 silly audit   'd3-color': [ '3.1.0' ],
35 silly audit   'd3-ease': [ '3.0.1' ],
35 silly audit   'd3-format': [ '3.1.2' ],
35 silly audit   'd3-interpolate': [ '3.0.1' ],
35 silly audit   'd3-path': [ '3.1.0' ],
35 silly audit   'd3-scale': [ '4.0.2' ],
35 silly audit   'd3-shape': [ '3.2.0' ],
35 silly audit   'd3-time': [ '3.1.0' ],
35 silly audit   'd3-time-format': [ '4.1.0' ],
35 silly audit   'd3-timer': [ '3.0.1' ],
35 silly audit   'damerau-levenshtein': [ '1.0.8' ],
35 silly audit   'data-view-buffer': [ '1.0.2' ],
35 silly audit   'data-view-byte-length': [ '1.0.2' ],
35 silly audit   'data-view-byte-offset': [ '1.0.1' ],
35 silly audit   'decimal.js-light': [ '2.5.1' ],
35 silly audit   'deep-is': [ '0.1.4' ],
35 silly audit   'define-data-property': [ '1.1.4' ],
35 silly audit   'define-properties': [ '1.2.1' ],
35 silly audit   defu: [ '6.1.4' ],
35 silly audit   depd: [ '1.1.2' ],
35 silly audit   'detect-libc': [ '2.1.2' ],
35 silly audit   diff: [ '4.0.4' ],
35 silly audit   doctrine: [ '2.1.0' ],
35 silly audit   'dunder-proto': [ '1.0.1' ],
35 silly audit   eastasianwidth: [ '0.2.0' ],
35 silly audit   'edge-runtime': [ '2.5.9' ],
35 silly audit   picocolors: [ '1.0.0', '1.1.1' ],
35 silly audit   'signal-exit': [ '4.0.2', '4.1.0' ],
35 silly audit   'electron-to-chromium': [ '1.5.302' ],
35 silly audit   'end-of-stream': [ '1.1.0' ],
35 silly audit   'es-abstract': [ '1.24.1' ],
35 silly audit   'es-define-property': [ '1.0.1' ],
35 silly audit   'es-errors': [ '1.3.0' ],
35 silly audit   'es-iterator-helpers': [ '1.2.2' ],
35 silly audit   'es-module-lexer': [ '1.4.1' ],
35 silly audit   'es-object-atoms': [ '1.1.1' ],
35 silly audit   'es-set-tostringtag': [ '2.1.0' ],
35 silly audit   'es-shim-unscopables': [ '1.1.0' ],
35 silly audit   'es-to-primitive': [ '1.3.0' ],
35 silly audit   'es-toolkit': [ '1.44.0' ],
35 silly audit   escalade: [ '3.2.0' ],
35 silly audit   'escape-string-regexp': [ '4.0.0' ],
35 silly audit   eslint: [ '9.39.3' ],
35 silly audit   'eslint-config-next': [ '15.1.7' ],
35 silly audit   'eslint-import-resolver-node': [ '0.3.9' ],
35 silly audit   'eslint-import-resolver-typescript': [ '3.10.1' ],
35 silly audit   'eslint-module-utils': [ '2.12.1' ],
35 silly audit   'eslint-plugin-import': [ '2.32.0' ],
35 silly audit   'eslint-plugin-jsx-a11y': [ '6.10.2' ],
35 silly audit   'eslint-plugin-react': [ '7.37.5' ],
35 silly audit   'eslint-plugin-react-hooks': [ '5.2.0' ],
35 silly audit   resolve: [ '2.0.0-next.6', '1.22.11' ],
35 silly audit   'eslint-scope': [ '8.4.0' ],
35 silly audit   espree: [ '10.4.0' ],
35 silly audit   esquery: [ '1.7.0' ],
35 silly audit   esrecurse: [ '4.3.0' ],
35 silly audit   estraverse: [ '5.3.0' ],
35 silly audit   'estree-walker': [ '2.0.2', '0.6.1' ],
35 silly audit   esutils: [ '2.0.3' ],
35 silly audit   etag: [ '1.8.1' ],
35 silly audit   eventemitter3: [ '5.0.4' ],
35 silly audit   'events-intercept': [ '2.0.0' ],
35 silly audit   'exit-hook': [ '2.2.1' ],
35 silly audit   exsolve: [ '1.0.8' ],
35 silly audit   'fast-deep-equal': [ '3.1.3' ],
35 silly audit   'fast-glob': [ '3.3.1' ],
35 silly audit   'fast-json-stable-stringify': [ '2.1.0' ],
35 silly audit   'fast-levenshtein': [ '2.0.6' ],
35 silly audit   fastq: [ '1.20.1' ],
35 silly audit   'faye-websocket': [ '0.11.4' ],
35 silly audit   'fd-slicer': [ '1.1.0' ],
35 silly audit   fdir: [ '6.5.0' ],
35 silly audit   'file-entry-cache': [ '8.0.0' ],
35 silly audit   'file-uri-to-path': [ '1.0.0' ],
35 silly audit   'fill-range': [ '7.1.1' ],
35 silly audit   'find-up': [ '5.0.0' ],
35 silly audit   firebase: [ '11.10.0' ],
35 silly audit   'flat-cache': [ '4.0.1' ],
35 silly audit   flatted: [ '3.3.3' ],
35 silly audit   'for-each': [ '0.3.5' ],
35 silly audit   'foreground-child': [ '3.3.1' ],
35 silly audit   'fraction.js': [ '5.3.4' ],
35 silly audit   'framer-motion': [ '12.34.3' ],
35 silly audit   'fs-extra': [ '11.1.0' ],
35 silly audit   'fs-minipass': [ '2.1.0' ],
35 silly audit   minipass: [ '3.3.6', '7.1.3', '5.0.0' ],
35 silly audit   fsevents: [ '2.3.3' ],
35 silly audit   'function-bind': [ '1.1.2' ],
35 silly audit   'function.prototype.name': [ '1.1.8' ],
35 silly audit   'functions-have-names': [ '1.2.3' ],
35 silly audit   'generator-function': [ '2.0.1' ],
35 silly audit   'generic-pool': [ '3.4.2' ],
35 silly audit   'get-caller-file': [ '2.0.5' ],
35 silly audit   'get-intrinsic': [ '1.3.0' ],
35 silly audit   'get-proto': [ '1.0.1' ],
35 silly audit   'get-source': [ '2.0.12' ],
35 silly audit   'data-uri-to-buffer': [ '2.0.2' ],
35 silly audit   'get-symbol-description': [ '1.1.0' ],
35 silly audit   'get-tsconfig': [ '4.13.6' ],
35 silly audit   glob: [ '10.5.0' ],
35 silly audit   'glob-to-regexp': [ '0.4.1' ],
35 silly audit   globals: [ '14.0.0' ],
35 silly audit   globalthis: [ '1.0.4' ],
35 silly audit   gopd: [ '1.2.0' ],
35 silly audit   'graceful-fs': [ '4.2.11' ],
35 silly audit   'has-bigints': [ '1.1.0' ],
35 silly audit   'has-flag': [ '4.0.0' ],
35 silly audit   'has-property-descriptors': [ '1.0.2' ],
35 silly audit   'has-proto': [ '1.2.0' ],
35 silly audit   'has-symbols': [ '1.1.0' ],
35 silly audit   'has-tostringtag': [ '1.0.2' ],
35 silly audit   hasown: [ '2.0.2' ],
35 silly audit   'http-errors': [ '1.4.0', '1.7.3' ],
35 silly audit   'http-parser-js': [ '0.5.10' ],
35 silly audit   'https-proxy-agent': [ '7.0.6' ],
35 silly audit   'iconv-lite': [ '0.4.24' ],
35 silly audit   idb: [ '7.1.1' ],
35 silly audit   'import-fresh': [ '3.3.1' ],
35 silly audit   imurmurhash: [ '0.1.4' ],
35 silly audit   inherits: [ '2.0.1', '2.0.4' ],
35 silly audit   'internal-slot': [ '1.1.0' ],
35 silly audit   internmap: [ '2.0.3' ],
35 silly audit   'is-array-buffer': [ '3.0.5' ],
35 silly audit   'is-arrayish': [ '0.3.4' ],
35 silly audit   'is-async-function': [ '2.1.1' ],
35 silly audit   'is-bigint': [ '1.1.0' ],
35 silly audit   'is-binary-path': [ '2.1.0' ],
35 silly audit   'is-boolean-object': [ '1.2.2' ],
35 silly audit   'is-buffer': [ '2.0.5' ],
35 silly audit   'is-bun-module': [ '2.0.0' ],
35 silly audit   'is-callable': [ '1.2.7' ],
35 silly audit   'is-core-module': [ '2.16.1' ],
35 silly audit   'is-data-view': [ '1.0.2' ],
35 silly audit   'is-date-object': [ '1.1.0' ],
35 silly audit   'is-extglob': [ '2.1.1' ],
35 silly audit   'is-finalizationregistry': [ '1.1.1' ],
35 silly audit   'is-fullwidth-code-point': [ '3.0.0' ],
35 silly audit   'is-generator-function': [ '1.1.2' ],
35 silly audit   'is-glob': [ '4.0.3' ],
35 silly audit   'is-map': [ '2.0.3' ],
35 silly audit   'is-negative-zero': [ '2.0.3' ],
35 silly audit   'is-node-process': [ '1.2.0' ],
35 silly audit   'is-number': [ '7.0.0' ],
35 silly audit   'is-number-object': [ '1.1.1' ],
35 silly audit   'is-regex': [ '1.2.1' ],
35 silly audit   'is-set': [ '2.0.3' ],
35 silly audit   'is-shared-array-buffer': [ '1.0.4' ],
35 silly audit   'is-string': [ '1.1.1' ],
35 silly audit   'is-symbol': [ '1.1.1' ],
35 silly audit   'is-typed-array': [ '1.1.15' ],
35 silly audit   'is-weakmap': [ '2.0.2' ],
35 silly audit   'is-weakref': [ '1.1.1' ],
35 silly audit   'is-weakset': [ '2.0.4' ],
35 silly audit   isarray: [ '2.0.5', '0.0.1' ],
35 silly audit   isexe: [ '2.0.0' ],
35 silly audit   'iterator.prototype': [ '1.1.5' ],
35 silly audit   jackspeak: [ '3.4.3' ],
35 silly audit   jose: [ '5.9.6' ],
35 silly audit   'js-tokens': [ '4.0.0' ],
35 silly audit   'js-yaml': [ '4.1.1' ],
35 silly audit   'json-buffer': [ '3.0.1' ],
35 silly audit   'json-schema-to-ts': [ '1.6.4' ],
35 silly audit   'json-stable-stringify-without-jsonify': [ '1.0.1' ],
35 silly audit   jsonfile: [ '6.2.0' ],
35 silly audit   'jsx-ast-utils': [ '3.3.5' ],
35 silly audit   keyv: [ '4.5.4' ],
35 silly audit   'language-subtag-registry': [ '0.3.23' ],
35 silly audit   'language-tags': [ '1.0.9' ],
35 silly audit   levn: [ '0.4.1' ],
35 silly audit   'locate-path': [ '6.0.0' ],
35 silly audit   'lodash.camelcase': [ '4.3.0' ],
35 silly audit   'lodash.merge': [ '4.6.2' ],
35 silly audit   long: [ '5.3.2' ],
35 silly audit   'loose-envify': [ '1.4.0' ],
35 silly audit   'lru-cache': [ '6.0.0', '10.4.3' ],
35 silly audit   'lucide-react': [ '0.575.0' ],
35 silly audit   'magic-string': [ '0.25.9' ],
35 silly audit   'make-error': [ '1.3.6' ],
35 silly audit   'math-intrinsics': [ '1.1.0' ],
35 silly audit   merge2: [ '1.4.1' ],
35 silly audit   micro: [ '9.3.5-canary.3' ],
35 silly audit   micromatch: [ '4.0.8' ],
35 silly audit   mime: [ '3.0.0' ],
35 silly audit   miniflare: [ '3.20250718.3' ],
35 silly audit   minimist: [ '1.2.8' ],
35 silly audit   mkdirp: [ '1.0.4' ],
35 silly audit   'motion-dom': [ '12.34.3' ],
35 silly audit   'motion-utils': [ '12.29.2' ],
35 silly audit   mri: [ '1.2.0' ],
35 silly audit   mustache: [ '4.2.0' ],
35 silly audit   nanoid: [ '3.3.11' ],
35 silly audit   'napi-postinstall': [ '0.3.4' ],
35 silly audit   'natural-compare': [ '1.4.0' ],
35 silly audit   next: [ '15.1.7' ],
35 silly audit   postcss: [ '8.4.31', '8.5.6' ],
35 silly audit   'node-exports-info': [ '1.6.0' ],
35 silly audit   'node-gyp-build': [ '4.8.4' ],
35 silly audit   'node-releases': [ '2.0.27' ],
35 silly audit   nopt: [ '8.1.0' ],
35 silly audit   'normalize-path': [ '3.0.0' ],
35 silly audit   'object-assign': [ '4.1.1' ],
35 silly audit   'object-inspect': [ '1.13.4' ],
35 silly audit   'object-keys': [ '1.1.1' ],
35 silly audit   'object.assign': [ '4.1.7' ],
35 silly audit   'object.entries': [ '1.1.9' ],
35 silly audit   'object.fromentries': [ '2.0.8' ],
35 silly audit   'object.groupby': [ '1.0.3' ],
35 silly audit   'object.values': [ '1.2.1' ],
35 silly audit   ohash: [ '2.0.11' ],
35 silly audit   once: [ '1.3.3' ],
35 silly audit   optionator: [ '0.9.4' ],
35 silly audit   'os-paths': [ '4.4.0' ],
35 silly audit   'own-keys': [ '1.0.1' ],
35 silly audit   'p-limit': [ '3.1.0' ],
35 silly audit   'p-locate': [ '5.0.0' ],
35 silly audit   'package-json-from-dist': [ '1.0.1' ],
35 silly audit   'package-manager-manager': [ '0.2.0' ],
35 silly audit   'parent-module': [ '1.0.1' ],
35 silly audit   'parse-ms': [ '2.1.0' ],
35 silly audit   'path-browserify': [ '1.0.1' ],
35 silly audit   'path-exists': [ '4.0.0' ],
35 silly audit   'path-key': [ '3.1.1' ],
35 silly audit   'path-match': [ '1.2.4' ],
35 silly audit   'path-to-regexp': [ '1.9.0', '6.1.0', '6.3.0' ],
35 silly audit   'path-parse': [ '1.0.7' ],
35 silly audit   'path-scurry': [ '1.11.1' ],
35 silly audit   pathe: [ '2.0.3' ],
35 silly audit   'pcre-to-regexp': [ '1.1.0' ],
35 silly audit   pend: [ '1.2.0' ],
35 silly audit   'possible-typed-array-names': [ '1.1.0' ],
35 silly audit   'postcss-value-parser': [ '4.2.0' ],
35 silly audit   'prelude-ls': [ '1.2.1' ],
35 silly audit   'pretty-ms': [ '7.0.1' ],
35 silly audit   'printable-characters': [ '1.0.42' ],
35 silly audit   promisepipe: [ '3.0.0' ],
35 silly audit   'prop-types': [ '15.8.1' ],
35 silly audit   protobufjs: [ '7.5.4' ],
35 silly audit   punycode: [ '2.3.1' ],
35 silly audit   'qrcode.react': [ '4.2.0' ],
35 silly audit   'queue-microtask': [ '1.2.3' ],
35 silly audit   'raw-body': [ '2.4.1' ],
35 silly audit   react: [ '19.2.3' ],
35 silly audit   'react-dom': [ '19.2.3' ],
35 silly audit   'react-is': [ '16.13.1' ],
35 silly audit   'react-redux': [ '9.2.0' ],
35 silly audit   readdirp: [ '3.6.0', '4.1.2' ],
35 silly audit   recharts: [ '3.7.0' ],
35 silly audit   redux: [ '5.0.1' ],
35 silly audit   'redux-thunk': [ '3.1.0' ],
35 silly audit   'reflect.getprototypeof': [ '1.0.10' ],
35 silly audit   'regexp.prototype.flags': [ '1.5.4' ],
35 silly audit   reghex: [ '1.0.2' ],
35 silly audit   'require-directory': [ '2.1.1' ],
35 silly audit   'require-from-string': [ '2.0.2' ],
35 silly audit   reselect: [ '5.1.1' ],
35 silly audit   'resolve-pkg-maps': [ '1.0.0' ],
35 silly audit   retry: [ '0.13.1' ],
35 silly audit   reusify: [ '1.1.0' ],
35 silly audit   'rollup-plugin-inject': [ '3.0.2' ],
35 silly audit   'rollup-plugin-node-polyfills': [ '0.2.1' ],
35 silly audit   'rollup-pluginutils': [ '2.8.2' ],
35 silly audit   'run-parallel': [ '1.2.0' ],
35 silly audit   'safe-array-concat': [ '1.1.3' ],
35 silly audit   'safe-buffer': [ '5.2.1' ],
35 silly audit   'safe-push-apply': [ '1.0.0' ],
35 silly audit   'safe-regex-test': [ '1.1.0' ],
35 silly audit   'safer-buffer': [ '2.1.2' ],
35 silly audit   scheduler: [ '0.27.0' ],
35 silly audit   'set-function-length': [ '1.2.2' ],
35 silly audit   'set-function-name': [ '2.0.2' ],
35 silly audit   'set-proto': [ '1.0.0' ],
35 silly audit   setprototypeof: [ '1.1.1' ],
35 silly audit   sharp: [ '0.33.5' ],
35 silly audit   'shebang-command': [ '2.0.0' ],
35 silly audit   'shebang-regex': [ '3.0.0' ],
35 silly audit   shellac: [ '0.8.0' ],
35 silly audit   'side-channel': [ '1.1.0' ],
35 silly audit   'side-channel-list': [ '1.0.0' ],
35 silly audit   'side-channel-map': [ '1.0.1' ],
35 silly audit   'side-channel-weakmap': [ '1.0.2' ],
35 silly audit   'simple-swizzle': [ '0.2.4' ],
35 silly audit   'source-map': [ '0.6.1' ],
35 silly audit   'source-map-js': [ '1.2.1' ],
35 silly audit   'sourcemap-codec': [ '1.4.8' ],
35 silly audit   'stable-hash': [ '0.0.5' ],
35 silly audit   stacktracey: [ '2.1.8' ],
35 silly audit   'stat-mode': [ '0.3.0' ],
35 silly audit   statuses: [ '1.5.0' ],
35 silly audit   'stop-iteration-iterator': [ '1.1.0' ],
35 silly audit   stoppable: [ '1.1.0' ],
35 silly audit   'stream-to-array': [ '2.3.0' ],
35 silly audit   'stream-to-promise': [ '2.2.0' ],
35 silly audit   streamsearch: [ '1.1.0' ],
35 silly audit   'string.prototype.includes': [ '2.0.1' ],
35 silly audit   'string.prototype.matchall': [ '4.0.12' ],
35 silly audit   'string.prototype.repeat': [ '1.0.0' ],
35 silly audit   'string.prototype.trim': [ '1.2.10' ],
35 silly audit   'string.prototype.trimend': [ '1.0.9' ],
35 silly audit   'string.prototype.trimstart': [ '1.0.8' ],
35 silly audit   'strip-bom': [ '3.0.0' ],
35 silly audit   'strip-json-comments': [ '3.1.1' ],
35 silly audit   'styled-jsx': [ '5.1.6' ],
35 silly audit   'supports-color': [ '7.2.0' ],
35 silly audit   'supports-preserve-symlinks-flag': [ '1.0.0' ],
35 silly audit   throttleit: [ '2.1.0' ],
35 silly audit   'time-span': [ '4.0.0' ],
35 silly audit   'tiny-invariant': [ '1.3.3' ],
35 silly audit   tinyexec: [ '0.3.2' ],
35 silly audit   tinyglobby: [ '0.2.15' ],
35 silly audit   'to-regex-range': [ '5.0.1' ],
35 silly audit   toidentifier: [ '1.0.0' ],
35 silly audit   tr46: [ '0.0.3' ],
35 silly audit   'tree-kill': [ '1.2.2' ],
35 silly audit   'ts-api-utils': [ '2.4.0' ],
35 silly audit   'ts-morph': [ '12.0.0' ],
35 silly audit   'ts-toolbelt': [ '6.15.5' ],
35 silly audit   'tsconfig-paths': [ '3.15.0' ],
35 silly audit   json5: [ '1.0.2' ],
35 silly audit   tslib: [ '2.8.1' ],
35 silly audit   'type-check': [ '0.4.0' ],
35 silly audit   'typed-array-buffer': [ '1.0.3' ],
35 silly audit   'typed-array-byte-length': [ '1.0.3' ],
35 silly audit   'typed-array-byte-offset': [ '1.0.4' ],
35 silly audit   'typed-array-length': [ '1.0.7' ],
35 silly audit   ufo: [ '1.6.3' ],
35 silly audit   'uid-promise': [ '1.0.0' ],
35 silly audit   'unbox-primitive': [ '1.1.0' ],
35 silly audit   'undici-types': [ '6.21.0' ],
35 silly audit   unenv: [ '2.0.0-rc.14' ],
35 silly audit   universalify: [ '2.0.1' ],
35 silly audit   unpipe: [ '1.0.0' ],
35 silly audit   'unrs-resolver': [ '1.11.1' ],
35 silly audit   'update-browserslist-db': [ '1.2.3' ],
35 silly audit   'uri-js': [ '4.4.1' ],
35 silly audit   'use-sync-external-store': [ '1.6.0' ],
35 silly audit   'v8-compile-cache-lib': [ '3.0.1' ],
35 silly audit   vercel: [ '47.0.4' ],
35 silly audit   'victory-vendor': [ '37.3.6' ],
35 silly audit   'webidl-conversions': [ '3.0.1' ],
35 silly audit   'websocket-driver': [ '0.7.4' ],
35 silly audit   'websocket-extensions': [ '0.1.4' ],
35 silly audit   'whatwg-url': [ '5.0.0' ],
35 silly audit   which: [ '2.0.2' ],
35 silly audit   'which-boxed-primitive': [ '1.1.1' ],
35 silly audit   'which-builtin-type': [ '1.2.1' ],
35 silly audit   'which-collection': [ '1.0.2' ],
35 silly audit   'which-typed-array': [ '1.1.20' ],
35 silly audit   'word-wrap': [ '1.2.5' ],
35 silly audit   workerd: [ '1.20250718.0' ],
35 silly audit   wrangler: [ '3.114.17' ],
35 silly audit   wrappy: [ '1.0.2' ],
35 silly audit   ws: [ '8.18.0' ],
35 silly audit   'xdg-app-paths': [ '5.1.0' ],
35 silly audit   'xdg-portable': [ '7.3.0' ],
35 silly audit   y18n: [ '5.0.8' ],
35 silly audit   yargs: [ '17.7.2' ],
35 silly audit   'yargs-parser': [ '21.1.1' ],
35 silly audit   yauzl: [ '2.10.0' ],
35 silly audit   'yauzl-clone': [ '1.0.4' ],
35 silly audit   'yauzl-promise': [ '2.1.3' ],
35 silly audit   yn: [ '3.1.1' ],
35 silly audit   'yocto-queue': [ '0.1.0' ],
35 silly audit   youch: [ '3.3.4' ],
35 silly audit   zod: [ '3.22.3' ]
35 silly audit }
36 http fetch POST 200 https://registry.npmjs.org/-/npm/v1/security/advisories/bulk 242ms
37 silly audit report {
37 silly audit report   tar: [
37 silly audit report     {
37 silly audit report       id: 1112329,
37 silly audit report       url: 'https://github.com/advisories/GHSA-r6q2-hw4h-h46w',
37 silly audit report       title: 'Race Condition in node-tar Path Reservations via Unicode Ligature Collisions on macOS APFS',
37 silly audit report       severity: 'high',
37 silly audit report       vulnerable_versions: '<=7.5.3',
37 silly audit report       cwe: [Array],
37 silly audit report       cvss: [Object]
37 silly audit report     },
37 silly audit report     {
37 silly audit report       id: 1112659,
37 silly audit report       url: 'https://github.com/advisories/GHSA-34x7-hfp2-rc4v',
37 silly audit report       title: 'node-tar Vulnerable to Arbitrary File Creation/Overwrite via Hardlink Path Traversal',
37 silly audit report       severity: 'high',
37 silly audit report       vulnerable_versions: '<7.5.7',
37 silly audit report       cwe: [Array],
37 silly audit report       cvss: [Object]
37 silly audit report     },
37 silly audit report     {
37 silly audit report       id: 1113300,
37 silly audit report       url: 'https://github.com/advisories/GHSA-8qq5-rm4j-mr97',
37 silly audit report       title: 'node-tar is Vulnerable to Arbitrary File Overwrite and Symlink Poisoning via Insufficient Path Sanitization',
37 silly audit report       severity: 'high',
37 silly audit report       vulnerable_versions: '<=7.5.2',
37 silly audit report       cwe: [Array],
37 silly audit report       cvss: [Object]
37 silly audit report     },
37 silly audit report     {
37 silly audit report       id: 1113375,
37 silly audit report       url: 'https://github.com/advisories/GHSA-83g3-92jg-28cx',
37 silly audit report       title: 'Arbitrary File Read/Write via Hardlink Target Escape Through Symlink Chain in node-tar Extraction',
37 silly audit report       severity: 'high',
37 silly audit report       vulnerable_versions: '<7.5.8',
37 silly audit report       cwe: [Array],
37 silly audit report       cvss: [Object]
37 silly audit report     }
37 silly audit report   ],
37 silly audit report   minimatch: [
37 silly audit report     {
37 silly audit report       id: 1113546,
37 silly audit report       url: 'https://github.com/advisories/GHSA-23c5-xmqv-rm74',
37 silly audit report       title: 'minimatch ReDoS: nested *() extglobs generate catastrophically backtracking regular expressions',
37 silly audit report       severity: 'high',
37 silly audit report       vulnerable_versions: '<3.1.4',
37 silly audit report       cwe: [Array],
37 silly audit report       cvss: [Object]
37 silly audit report     }
37 silly audit report   ],
37 silly audit report   esbuild: [
37 silly audit report     {
37 silly audit report       id: 1102341,
37 silly audit report       url: 'https://github.com/advisories/GHSA-67mh-4wv8-2f99',
37 silly audit report       title: 'esbuild enables any website to send any requests to the development server and read the response',
37 silly audit report       severity: 'moderate',
37 silly audit report       vulnerable_versions: '<=0.24.2',
37 silly audit report       cwe: [Array],
37 silly audit report       cvss: [Object]
37 silly audit report     }
37 silly audit report   ],
37 silly audit report   undici: [
37 silly audit report     {
37 silly audit report       id: 1101610,
37 silly audit report       url: 'https://github.com/advisories/GHSA-c76h-2ccp-4975',
37 silly audit report       title: 'Use of Insufficiently Random Values in undici',
37 silly audit report       severity: 'moderate',
37 silly audit report       vulnerable_versions: '>=4.5.0 <5.28.5',
37 silly audit report       cwe: [Array],
37 silly audit report       cvss: [Object]
37 silly audit report     },
37 silly audit report     {
37 silly audit report       id: 1112496,
37 silly audit report       url: 'https://github.com/advisories/GHSA-g9mf-h72j-4rw9',
37 silly audit report       title: 'Undici has an unbounded decompression chain in HTTP responses on Node.js Fetch API via Content-Encoding leads to resource exhaustion',
37 silly audit report       severity: 'moderate',
37 silly audit report       vulnerable_versions: '<6.23.0',
37 silly audit report       cwe: [Array],
37 silly audit report       cvss: [Object]
37 silly audit report     },
37 silly audit report     {
37 silly audit report       id: 1113069,
37 silly audit report       url: 'https://github.com/advisories/GHSA-cxrh-j4jr-qwg3',
37 silly audit report       title: 'undici Denial of Service attack via bad certificate data',
37 silly audit report       severity: 'low',
37 silly audit report       vulnerable_versions: '<5.29.0',
37 silly audit report       cwe: [Array],
37 silly audit report       cvss: [Object]
37 silly audit report     }
37 silly audit report   ],
37 silly audit report   ajv: [
37 silly audit report     {
37 silly audit report       id: 1113429,
37 silly audit report       url: 'https://github.com/advisories/GHSA-2g4f-4pwh-qvx6',
37 silly audit report       title: 'ajv has ReDoS when using `$data` option',
37 silly audit report       severity: 'moderate',
37 silly audit report       vulnerable_versions: '>=7.0.0-alpha.0 <8.18.0',
37 silly audit report       cwe: [Array],
37 silly audit report       cvss: [Object]
37 silly audit report     }
37 silly audit report   ],
37 silly audit report   cookie: [
37 silly audit report     {
37 silly audit report       id: 1103907,
37 silly audit report       url: 'https://github.com/advisories/GHSA-pxg6-pf52-xh8x',
37 silly audit report       title: 'cookie accepts cookie name, path, and domain with out of bounds characters',
37 silly audit report       severity: 'low',
37 silly audit report       vulnerable_versions: '<0.7.0',
37 silly audit report       cwe: [Array],
37 silly audit report       cvss: [Object]
37 silly audit report     }
37 silly audit report   ],
37 silly audit report   next: [
37 silly audit report     {
37 silly audit report       id: 1105462,
37 silly audit report       url: 'https://github.com/advisories/GHSA-3h52-269p-cp9r',
37 silly audit report       title: 'Information exposure in Next.js dev server due to lack of origin verification',
37 silly audit report       severity: 'low',
37 silly audit report       vulnerable_versions: '>=15.0.0 <15.2.2',
37 silly audit report       cwe: [Array],
37 silly audit report       cvss: [Object]
37 silly audit report     },
37 silly audit report     {
37 silly audit report       id: 1105948,
37 silly audit report       url: 'https://github.com/advisories/GHSA-67rr-84xm-4c7r',
37 silly audit report       title: 'Next.JS vulnerability can lead to DoS via cache poisoning ',
37 silly audit report       severity: 'high',
37 silly audit report       vulnerable_versions: '>=15.0.4-canary.51 <15.1.8',
37 silly audit report       cwe: [Array],
37 silly audit report       cvss: [Object]
37 silly audit report     },
37 silly audit report     {
37 silly audit report       id: 1111367,
37 silly audit report       url: 'https://github.com/advisories/GHSA-9qr9-h5gf-34mp',
37 silly audit report       title: 'Next.js is vulnerable to RCE in React flight protocol',
37 silly audit report       severity: 'critical',
37 silly audit report       vulnerable_versions: '>=15.1.0-canary.0 <15.1.9',
37 silly audit report       cwe: [Array],
37 silly audit report       cvss: [Object]
37 silly audit report     },
37 silly audit report     {
37 silly audit report       id: 1111380,
37 silly audit report       url: 'https://github.com/advisories/GHSA-w37m-7fhw-fmv9',
37 silly audit report       title: 'Next Server Actions Source Code Exposure ',
37 silly audit report       severity: 'moderate',
37 silly audit report       vulnerable_versions: '>=15.1.1-canary.0 <15.1.10',
37 silly audit report       cwe: [Array],
37 silly audit report       cvss: [Object]
37 silly audit report     },
37 silly audit report     {
37 silly audit report       id: 1111389,
37 silly audit report       url: 'https://github.com/advisories/GHSA-mwv6-3258-q52c',
37 silly audit report       title: 'Next Vulnerable to Denial of Service with Server Components',
37 silly audit report       severity: 'high',
37 silly audit report       vulnerable_versions: '>=15.1.1-canary.0 <15.1.10',
37 silly audit report       cwe: [Array],
37 silly audit report       cvss: [Object]
37 silly audit report     },
37 silly audit report     {
37 silly audit report       id: 1107228,
37 silly audit report       url: 'https://github.com/advisories/GHSA-g5qg-72qw-gw5v',
37 silly audit report       title: 'Next.js Affected by Cache Key Confusion for Image Optimization API Routes',
37 silly audit report       severity: 'moderate',
37 silly audit report       vulnerable_versions: '>=15.0.0 <=15.4.4',
37 silly audit report       cwe: [Array],
37 silly audit report       cvss: [Object]
37 silly audit report     },
37 silly audit report     {
37 silly audit report       id: 1107514,
37 silly audit report       url: 'https://github.com/advisories/GHSA-xv57-4mr9-wg8v',
37 silly audit report       title: 'Next.js Content Injection Vulnerability for Image Optimization',
37 silly audit report       severity: 'moderate',
37 silly audit report       vulnerable_versions: '>=15.0.0 <=15.4.4',
37 silly audit report       cwe: [Array],
37 silly audit report       cvss: [Object]
37 silly audit report     },
37 silly audit report     {
37 silly audit report       id: 1107515,
37 silly audit report       url: 'https://github.com/advisories/GHSA-4342-x723-ch2f',
37 silly audit report       title: 'Next.js Improper Middleware Redirect Handling Leads to SSRF',
37 silly audit report       severity: 'moderate',
37 silly audit report       vulnerable_versions: '>=15.0.0-canary.0 <15.4.7',
37 silly audit report       cwe: [Array],
37 silly audit report       cvss: [Object]
37 silly audit report     },
37 silly audit report     {
37 silly audit report       id: 1108952,
37 silly audit report       url: 'https://github.com/advisories/GHSA-f82v-jwr5-mffw',
37 silly audit report       title: 'Authorization Bypass in Next.js Middleware',
37 silly audit report       severity: 'critical',
37 silly audit report       vulnerable_versions: '>=15.0.0 <15.2.3',
37 silly audit report       cwe: [Array],
37 silly audit report       cvss: [Object]
37 silly audit report     },
37 silly audit report     {
37 silly audit report       id: 1112593,
37 silly audit report       url: 'https://github.com/advisories/GHSA-9g9p-9gw9-jx7f',
37 silly audit report       title: 'Next.js self-hosted applications vulnerable to DoS via Image Optimizer remotePatterns configuration',
37 silly audit report       severity: 'moderate',
37 silly audit report       vulnerable_versions: '>=10.0.0 <15.5.10',
37 silly audit report       cwe: [Array],
37 silly audit report       cvss: [Object]
37 silly audit report     },
37 silly audit report     {
37 silly audit report       id: 1112652,
37 silly audit report       url: 'https://github.com/advisories/GHSA-h25m-26qc-wcjf',
37 silly audit report       title: 'Next.js HTTP request deserialization can lead to DoS when using insecure React Server Components',
37 silly audit report       severity: 'high',
37 silly audit report       vulnerable_versions: '>=15.1.1-canary.0 <15.1.12',
37 silly audit report       cwe: [Array],
37 silly audit report       cvss: [Object]
37 silly audit report     }
37 silly audit report   ],
37 silly audit report   'path-to-regexp': [
37 silly audit report     {
37 silly audit report       id: 1101846,
37 silly audit report       url: 'https://github.com/advisories/GHSA-9wv6-86v2-598j',
37 silly audit report       title: 'path-to-regexp outputs backtracking regular expressions',
37 silly audit report       severity: 'high',
37 silly audit report       vulnerable_versions: '>=4.0.0 <6.3.0',
37 silly audit report       cwe: [Array],
37 silly audit report       cvss: [Object]
37 silly audit report     }
37 silly audit report   ]
37 silly audit report }
38 silly packumentCache corgi:https://registry.npmjs.org/tar cache-miss
39 silly packumentCache corgi:https://registry.npmjs.org/minimatch cache-miss
40 silly packumentCache corgi:https://registry.npmjs.org/esbuild cache-miss
41 silly packumentCache corgi:https://registry.npmjs.org/undici cache-miss
42 silly packumentCache corgi:https://registry.npmjs.org/ajv cache-miss
43 silly packumentCache corgi:https://registry.npmjs.org/cookie cache-miss
44 silly packumentCache corgi:https://registry.npmjs.org/next cache-miss
45 silly packumentCache corgi:https://registry.npmjs.org/path-to-regexp cache-miss
46 http cache https://registry.npmjs.org/undici 20ms (cache hit)
47 silly packumentCache corgi:https://registry.npmjs.org/undici set size:409147 disposed:false
48 http cache https://registry.npmjs.org/cookie 24ms (cache hit)
49 silly packumentCache corgi:https://registry.npmjs.org/cookie set size:23677 disposed:false
50 http cache https://registry.npmjs.org/esbuild 25ms (cache hit)
51 silly packumentCache corgi:https://registry.npmjs.org/esbuild set size:879341 disposed:false
52 http cache https://registry.npmjs.org/tar 29ms (cache hit)
53 silly packumentCache corgi:https://registry.npmjs.org/tar set size:195519 disposed:false
54 http cache https://registry.npmjs.org/ajv 33ms (cache hit)
55 silly packumentCache corgi:https://registry.npmjs.org/ajv set size:464537 disposed:false
56 http cache https://registry.npmjs.org/path-to-regexp 35ms (cache hit)
57 silly packumentCache corgi:https://registry.npmjs.org/path-to-regexp set size:63416 disposed:false
58 http cache https://registry.npmjs.org/next 62ms (cache hit)
59 silly packumentCache corgi:https://registry.npmjs.org/next set size:24044849 disposed:false
60 http cache https://registry.npmjs.org/minimatch 440ms (cache hit)
61 silly packumentCache corgi:https://registry.npmjs.org/minimatch set size:167610 disposed:false
62 silly packumentCache corgi:https://registry.npmjs.org/@vercel%2ffun cache-miss
63 http cache https://registry.npmjs.org/@vercel%2ffun 3ms (cache hit)
64 silly packumentCache corgi:https://registry.npmjs.org/@vercel%2ffun set size:22226 disposed:false
65 silly packumentCache corgi:https://registry.npmjs.org/@eslint%2fconfig-array cache-miss
66 silly packumentCache corgi:https://registry.npmjs.org/@eslint%2feslintrc cache-miss
67 silly packumentCache corgi:https://registry.npmjs.org/@ts-morph%2fcommon cache-miss
68 silly packumentCache corgi:https://registry.npmjs.org/eslint cache-miss
69 silly packumentCache corgi:https://registry.npmjs.org/eslint-plugin-import cache-miss
70 silly packumentCache corgi:https://registry.npmjs.org/eslint-plugin-jsx-a11y cache-miss
71 silly packumentCache corgi:https://registry.npmjs.org/eslint-plugin-react cache-miss
72 http cache https://registry.npmjs.org/@eslint%2fconfig-array 7ms (cache hit)
73 silly packumentCache corgi:https://registry.npmjs.org/@eslint%2fconfig-array set size:15303 disposed:false
74 http cache https://registry.npmjs.org/eslint-plugin-jsx-a11y 6ms (cache hit)
75 silly packumentCache corgi:https://registry.npmjs.org/eslint-plugin-jsx-a11y set size:108835 disposed:false
76 http cache https://registry.npmjs.org/eslint-plugin-import 7ms (cache hit)
77 silly packumentCache corgi:https://registry.npmjs.org/eslint-plugin-import set size:238396 disposed:false
78 http cache https://registry.npmjs.org/@ts-morph%2fcommon 9ms (cache hit)
79 silly packumentCache corgi:https://registry.npmjs.org/@ts-morph%2fcommon set size:82125 disposed:false
80 http cache https://registry.npmjs.org/eslint 10ms (cache hit)
81 silly packumentCache corgi:https://registry.npmjs.org/eslint set size:1135904 disposed:false
82 http cache https://registry.npmjs.org/eslint-plugin-react 15ms (cache hit)
83 silly packumentCache corgi:https://registry.npmjs.org/eslint-plugin-react set size:309843 disposed:false
84 http cache https://registry.npmjs.org/@eslint%2feslintrc 17ms (cache hit)
85 silly packumentCache corgi:https://registry.npmjs.org/@eslint%2feslintrc set size:81979 disposed:false
86 silly packumentCache corgi:https://registry.npmjs.org/@vercel%2fgatsby-plugin-vercel-builder cache-miss
87 silly packumentCache corgi:https://registry.npmjs.org/@vercel%2fnode cache-miss
88 silly packumentCache corgi:https://registry.npmjs.org/@cloudflare%2fnext-on-pages cache-miss
89 silly packumentCache corgi:https://registry.npmjs.org/@esbuild-plugins%2fnode-globals-polyfill cache-miss
90 silly packumentCache corgi:https://registry.npmjs.org/@esbuild-plugins%2fnode-modules-polyfill cache-miss
91 silly packumentCache corgi:https://registry.npmjs.org/wrangler cache-miss
92 http cache https://registry.npmjs.org/@vercel%2fgatsby-plugin-vercel-builder 4ms (cache hit)
93 silly packumentCache corgi:https://registry.npmjs.org/@vercel%2fgatsby-plugin-vercel-builder set size:238415 disposed:false
94 http cache https://registry.npmjs.org/@esbuild-plugins%2fnode-globals-polyfill 5ms (cache hit)
95 silly packumentCache corgi:https://registry.npmjs.org/@esbuild-plugins%2fnode-globals-polyfill set size:18108 disposed:false
96 http cache https://registry.npmjs.org/@cloudflare%2fnext-on-pages 7ms (cache hit)
97 silly packumentCache corgi:https://registry.npmjs.org/@cloudflare%2fnext-on-pages set size:722105 disposed:false
98 http cache https://registry.npmjs.org/@esbuild-plugins%2fnode-modules-polyfill 10ms (cache hit)
99 silly packumentCache corgi:https://registry.npmjs.org/@esbuild-plugins%2fnode-modules-polyfill set size:17189 disposed:false
100 http cache https://registry.npmjs.org/@vercel%2fnode 11ms (cache hit)
101 silly packumentCache corgi:https://registry.npmjs.org/@vercel%2fnode set size:780110 disposed:false
102 http cache https://registry.npmjs.org/wrangler 25ms (cache hit)
103 silly packumentCache corgi:https://registry.npmjs.org/wrangler set size:15939304 disposed:false
104 silly packumentCache corgi:https://registry.npmjs.org/@vercel%2fblob cache-miss
105 silly packumentCache corgi:https://registry.npmjs.org/miniflare cache-miss
106 http cache https://registry.npmjs.org/@vercel%2fblob 9ms (cache hit)
107 silly packumentCache corgi:https://registry.npmjs.org/@vercel%2fblob set size:160968 disposed:false
108 http cache https://registry.npmjs.org/miniflare 12ms (cache hit)
109 silly packumentCache corgi:https://registry.npmjs.org/miniflare set size:3078741 disposed:false
110 silly packumentCache corgi:https://registry.npmjs.org/@vercel%2fstatic-config cache-miss
111 http cache https://registry.npmjs.org/@vercel%2fstatic-config 3ms (cache hit)
112 silly packumentCache corgi:https://registry.npmjs.org/@vercel%2fstatic-config set size:44731 disposed:false
113 silly packumentCache corgi:https://registry.npmjs.org/@vercel%2fremix-builder cache-miss
114 http cache https://registry.npmjs.org/@vercel%2fremix-builder 10ms (cache hit)
115 silly packumentCache corgi:https://registry.npmjs.org/@vercel%2fremix-builder set size:132236 disposed:false
116 silly packumentCache corgi:https://registry.npmjs.org/vercel cache-miss
117 http cache https://registry.npmjs.org/vercel 6ms (cache hit)
118 silly packumentCache corgi:https://registry.npmjs.org/vercel set size:3926630 disposed:false
119 silly packumentCache corgi:https://registry.npmjs.org/@vercel%2fstatic-build cache-miss
120 http cache https://registry.npmjs.org/@vercel%2fstatic-build 2ms (cache hit)
121 silly packumentCache corgi:https://registry.npmjs.org/@vercel%2fstatic-build set size:585619 disposed:false
122 silly packumentCache corgi:https://registry.npmjs.org/@vercel%2fexpress cache-miss
123 silly packumentCache corgi:https://registry.npmjs.org/@vercel%2fhono cache-miss
124 http cache https://registry.npmjs.org/@vercel%2fexpress 5ms (cache hit)
125 silly packumentCache corgi:https://registry.npmjs.org/@vercel%2fexpress set size:80183 disposed:false
126 http cache https://registry.npmjs.org/@vercel%2fhono 6ms (cache hit)
127 silly packumentCache corgi:https://registry.npmjs.org/@vercel%2fhono set size:77810 disposed:false
128 silly packumentCache corgi:https://registry.npmjs.org/@vercel%2fhydrogen cache-miss
129 silly packumentCache corgi:https://registry.npmjs.org/@vercel%2fredwood cache-miss
130 http cache https://registry.npmjs.org/@vercel%2fhydrogen 6ms (cache hit)
131 silly packumentCache corgi:https://registry.npmjs.org/@vercel%2fhydrogen set size:121917 disposed:false
132 http cache https://registry.npmjs.org/@vercel%2fredwood 6ms (cache hit)
133 silly packumentCache corgi:https://registry.npmjs.org/@vercel%2fredwood set size:260447 disposed:false
134 silly REMOVE node_modules/tapable
135 silly REMOVE node_modules/tailwindcss
136 silly REMOVE node_modules/magic-string
137 silly REMOVE node_modules/lightningcss-darwin-arm64
138 silly REMOVE node_modules/lightningcss
139 silly REMOVE node_modules/jiti
140 silly REMOVE node_modules/enhanced-resolve
141 silly REMOVE node_modules/@tybys/wasm-util
142 silly REMOVE node_modules/@tailwindcss/postcss
143 silly REMOVE node_modules/@tailwindcss/oxide-darwin-arm64
144 silly REMOVE node_modules/@tailwindcss/oxide
145 silly REMOVE node_modules/@tailwindcss/node
146 silly REMOVE node_modules/@tailwindcss/node/node_modules/tailwindcss
147 silly REMOVE node_modules/@napi-rs/wasm-runtime
148 silly REMOVE node_modules/@jridgewell/trace-mapping
149 silly REMOVE node_modules/@jridgewell/remapping
150 silly REMOVE node_modules/@jridgewell/gen-mapping
151 silly REMOVE node_modules/@emnapi/wasi-threads
152 silly REMOVE node_modules/@emnapi/core
153 silly REMOVE node_modules/@alloc/quick-lru
154 verbose cwd /Users/jdxblinds/Desktop/work/Kids Gate
155 verbose os Darwin 25.1.0
156 verbose node v24.11.1
157 verbose npm  v11.6.2
158 verbose exit 0
159 info ok
